Enzyme	Concentration
R_PSII_h_enzyme	1.3862878903187915e-05
R_Cytb6f_h_enzyme	3.799872609058684e-05
R_PSI_h_enzyme	7.599745218117367e-05
R_Fd_DASH_NADPR_h_enzyme	3.190577180315343e-05
R_ATPase_h_enzyme	1.6285168324537215e-05
R_RBC_h_enzyme	7.489977634983925e-05
R_PGAK_h_enzyme	3.0958068405958365e-05
R_GAPDH1_h_enzyme	3.0265521162180244e-05
R_TPI_h_enzyme	9.509484194581881e-06
R_FBPA_h_enzyme	0.0
R_FBPase_h_enzyme	0.0
R_FTK_h_enzyme	4.551250087379877e-06
R_SBPA_h_enzyme	9.509484194581881e-06
R_SBPase_h_enzyme	9.509484194581881e-06
R_STK_h_enzyme	4.4810646234280806e-06
R_Ru5PE_h_enzyme	9.023928657856915e-06
R_R5PI_h_enzyme	4.444607460129422e-06
R_Ru5PK_h_enzyme	1.3468467627145896e-05
R_PGI_h_enzyme	4.771694837739228e-07
R_PGM_h_enzyme	2.1318482964127152e-07
R_AGPase_h_enzyme	2.1318482964127152e-07
R_StS_h1_enzyme	1.0613895322279955e-07
R_StS_h2_enzyme	1.0613895322279955e-07
R_StS_h3_enzyme	9.069231956724131e-10
R_bAMY1_h_enzyme	3.664465574991136e-09
R_bAMY2_h_enzyme	0.0
R_DPE11_h_enzyme	3.664465574991136e-09
R_DPE12_h_enzyme	0.0
R_DPE13_h_enzyme	2.757542379318722e-09
R_DPE2_c_enzyme	0.0
R_HEXK_c_enzyme	0.0
R_StP1_h_enzyme	0.0
R_StP21_c_enzyme	0.0
R_TPI_c_enzyme	1.4840926928494974e-08
R_FBPA_c_enzyme	1.4840926928494974e-08
R_FBPase_c_enzyme	1.4840926928494974e-08
R_F6PK2_c_enzyme	0.0
R_F26BPPh_c_enzyme	0.0
R_PGI_c_enzyme	0.0
R_G6PDH_c_enzyme	0.0
R_6PGL_c_enzyme	0.0
R_6PGDHNADP_c_enzyme	2.103368639006071e-07
R_6PGDHNAD_c_enzyme	2.103368639006071e-07
R_Ru5PE_c_enzyme	8.386052951042617e-09
R_R5PI_c_enzyme	8.386052951042617e-09
R_PGM_c_enzyme	2.6378400070326663e-07
R_UGPase_c_enzyme	2.6378400070326663e-07
R_S6PS_c_enzyme	1.4840926928494974e-08
R_S6PPh_c_enzyme	1.4840926928494974e-08
R_SucS_c_enzyme	4.182561932417451e-09
R_FrcFD_c_enzyme	0.0
R_FrcK_c_enzyme	0.0
R_TPS_c_enzyme	2.0065342938458479e-10
R_TPP_c_enzyme	2.0065342938458479e-10
R_CeS_c1_enzyme	1.264624911389023e-07
R_CeS_c2_enzyme	1.264624911389023e-07
R_CeS_c3_enzyme	0.0
R_MalDH1_c_enzyme	4.090742874724424e-06
R_PEPC1_c_enzyme	0.0
R_PEPC2_c_enzyme	7.934774709720794e-07
R_Enol_c_enzyme	1.4289249467613243e-06
R_PGAM_c_enzyme	1.4289249467613243e-06
R_PGAK_c_enzyme	7.248576836821484e-06
R_GAPDH2_c_enzyme	7.248576836821484e-06
R_GAPDH3_c_enzyme	0.0
R_F6PK1_c_enzyme	0.0
R_F6PK1_h_enzyme	0.0
R_GAPDH2_h_enzyme	6.925472437781194e-07
R_PGAM_h_enzyme	0.0
R_Enol_h_enzyme	0.0
R_PyrK_c_enzyme	1.321337534953546e-06
R_PyrK_h_enzyme	0.0
R_PyrDH1_m_enzyme	0.0
R_PyrDH2_m_enzyme	0.0
R_DHLAcT_m_enzyme	0.0
R_DHLDH2_m_enzyme	0.0
R_CitS_m_enzyme	0.0
R_cACNDHA_m_enzyme	0.0
R_cACNHA_m_enzyme	0.0
R_iCitDHNAD_m_enzyme	1.1064454014374049e-07
R_KGDH_m_enzyme	0.0
R_DHLST_m_enzyme	0.0
R_SCACoAL_m_enzyme	0.0
R_cplx2_m_enzyme	2.335695095793911e-08
R_FumHA_m_enzyme	0.0
R_MalDH1_m_enzyme	1.7137386147481034e-06
R_cplx1_m_enzyme	5.870507129402368e-06
R_cplx3_m_enzyme	5.902242198873186e-06
R_cplx4_m_enzyme	2.951121099436593e-06
R_cplx5_m_enzyme	1.4723870427712147e-05
R_RBO_h_enzyme	0
R_PGP_h_enzyme	3.63494455451632e-06
R_GCAO_x_enzyme	2.055726233217901e-06
R_CAT_x_enzyme	1.0278631166089506e-06
R_GGAT_x_enzyme	1.76757297087856e-07
R_GlyDH_m_enzyme	1.9632469357895544e-06
R_AMT_m_enzyme	1.9632469357895544e-06
R_DHLDH1_m_enzyme	1.9632469357895544e-06
R_GlyHMT_m_enzyme	1.9632469357895544e-06
R_SGAT_x_enzyme	1.8789689361300449e-06
R_GCEADH_x_enzyme	1.8789689361300449e-06
R_MalDH1_x_enzyme	1.8789689361300449e-06
R_GCEAK_h_enzyme	1.8789689361300449e-06
R_G6PDH_h_enzyme	0.0
R_6PGL_h_enzyme	0.0
R_6PGDHNAD_h_enzyme	0.0
R_6PGDHNADP_h_enzyme	0.0
R_TA_h_enzyme	5.0284195711538e-06
R_DAHPS_h_enzyme	7.018546395179615e-08
R_DHQS_h_enzyme	7.018546395179615e-08
R_DHQDH_h_enzyme	7.018546395179615e-08
R_SADH_h_enzyme	7.018546395179615e-08
R_SAK_h_enzyme	7.005366436997577e-08
R_EPSPS_h_enzyme	7.005366436997577e-08
R_CHRS_h_enzyme	7.005366436997577e-08
R_R5PDPK_h_enzyme	3.645716329865871e-08
R_R5PDPK_c_enzyme	8.378118512879207e-09
R_PyrPiDK_h_enzyme	8.261291874860728e-07
R_MalDH2NADP_c_enzyme	0.0
R_MalDH2NADP_h_enzyme	0.0
R_MalDHNAD_m_enzyme	0.0
R_MalDH1_h_enzyme	5.787660245545915e-07
R_MalDH3_c_enzyme	0.0
R_MalDH3_h_enzyme	0.0
R_MalDH3_m_enzyme	0.0
R_CitS_c_enzyme	2.365673627522597e-07
R_CitS_h_enzyme	0.0
R_cACNDHA_c_enzyme	2.365673627522597e-07
R_cACNDHA_h_enzyme	0.0
R_cACNHA_c_enzyme	2.365673627522597e-07
R_cACNHA_h_enzyme	0.0
R_iCitDHNAD_c_enzyme	0.0
R_iCitDHNADP_c_enzyme	0.0
R_iCitDHNADP_h_enzyme	0.0
R_iCitDHNADP_m_enzyme	1.0256587165059238e-07
R_iCitL_c_enzyme	2.335695095793911e-08
R_MalS_c_enzyme	2.335695095793911e-08
R_ATPCitL_c_enzyme	0.0
R_ACoAS_h_enzyme	3.6385313118630563e-07
R_ACoAC_h_enzyme	2.7106783904726544e-07
R_ACPM_h_enzyme	2.7106783904726544e-07
R_PPiase_h_enzyme	1.924205216359001e-06
R_PPIase_c_enzyme	8.885774378792604e-07
R_PPIF6PK_c_enzyme	0.0
R_ForDH_h_enzyme	3.401047070575765e-08
R_ForTHFL_h_enzyme	3.411320696642184e-08
R_DHFR_c_enzyme	2.390740576732158e-10
R_TRXR_c_enzyme	7.482756108707851e-10
R_ADNK_c_enzyme	7.783267074024185e-09
R_ADNN_c_enzyme	0.0
R_ADPRPPT_c_enzyme	0.0
R_ADPRPPT_h_enzyme	0.0
R_URAPRPPT_h_enzyme	0.0
R_RibK_h_enzyme	0.0
R_NO3R1_c_enzyme	1.1406133695423777e-06
R_NO3R2_c_enzyme	0.0
R_NO2R_h_enzyme	1.1406133695423777e-06
R_ATPSL_h_enzyme	0.0
R_APSR_h_enzyme	0.0
R_GSSGR_h_enzyme	0.0
R_SO3R_h_enzyme	0.0
R_HCO3DHA_c_enzyme	7.934774709720794e-07
R_HCO3DHA_h_enzyme	3.2042959261374474e-07
R_AlaTA_h_enzyme	1.870266991104172e-08
R_AlaTA_m_enzyme	4.340260759535192e-08
R_AlaTA_x_enzyme	0.0
R_AGluK_enzyme	4.153501494111537e-08
R_AGluPR_h_enzyme	4.153501494111537e-08
R_AOrnTA_h_enzyme	4.153501494111537e-08
R_AOrnAGluAcT_h_enzyme	4.153501494111537e-08
R_CBPS_h_enzyme	4.9361753566479296e-08
R_OrnCMT_h_enzyme	4.098363505360009e-08
R_ArgSCAS_h_enzyme	4.098363505360009e-08
R_ArgSCAL_h_enzyme	4.098363505360009e-08
R_FumHA_c_enzyme	7.509684202002194e-08
R_AsnS_c_enzyme	3.072814610090558e-08
R_AspAT_c_enzyme	5.8147844356390154e-08
R_AspAT_h_enzyme	5.787660245545915e-07
R_AspAT_m_enzyme	7.269400171569943e-10
R_AspAT_x_enzyme	0.0
R_Asnase_c_enzyme	0.0
R_SerAcT_c_enzyme	9.089530893905418e-09
R_SerAcT_h_enzyme	2.026786068979753e-08
R_SerAcT_m_enzyme	0.0
R_CysS_c_enzyme	9.089530893905418e-09
R_CysS_h_enzyme	2.026786068979753e-08
R_CysS_m_enzyme	0.0
R_GluSNADP_h_enzyme	0.0
R_GluDH3NADP_c_enzyme	3.886920773014659e-07
R_Glnase_c_enzyme	0.0
R_GluSNAD_h_enzyme	0.0
R_GluSFd_h_enzyme	2.550313000209844e-06
R_GluDH1NAD_m_enzyme	0.0
R_GluDH1NADP_m_enzyme	1.0256587165059238e-07
R_GluDH2NAD_m_enzyme	0.0
R_GluDC_c_enzyme	3.267186659353751e-11
R_GABATA1_m_enzyme	0.0
R_GABATA2_m_enzyme	0.0
R_SCASeADH_m_enzyme	0.0
R_GlnS_c_enzyme	0.0
R_GlnS_h_enzyme	2.6515962309363723e-06
R_GlnS_m_enzyme	5.840433309697064e-08
R_ThrA_c_enzyme	3.344957396026027e-07
R_ACDOxRed_c_enzyme	3.344957396026027e-07
R_GCAO_h_enzyme	1.5792183212984192e-06
R_CAT_h_enzyme	8.014448911620564e-07
R_SGAT_h_enzyme	0.0
R_GCEADH_h_enzyme	0.0
R_GGAT_h_enzyme	1.5792183212984192e-06
R_ATPPRT_h_enzyme	1.6365371034219357e-08
R_PrATPDP_h_enzyme	1.6365371034219357e-08
R_PrAMPCy_h_enzyme	1.6365371034219357e-08
R_PAICARPI_h_enzyme	1.6365371034219357e-08
R_IGPS_h_enzyme	1.6365371034219357e-08
R_IGPDA_h_enzyme	1.6365371034219357e-08
R_HisolPTA_h_enzyme	1.6365371034219357e-08
R_HisolPP_h_enzyme	1.6365371034219357e-08
R_HisolPDH_h_enzyme	1.6365371034219357e-08
R_HisalPDH_h_enzyme	1.6365371034219357e-08
R_ThrDA_h_enzyme	4.298038922822641e-08
R_ALS1_h_enzyme	1.6982249120519088e-07
R_ALS2_h_enzyme	4.298038922822641e-08
R_KARI1_h_enzyme	4.298038922822641e-08
R_KARI2_h_enzyme	4.298038922822641e-08
R_DHADA1_h_enzyme	4.298038922822641e-08
R_BAATA1_h_enzyme	4.298038922822641e-08
R_ALS3_h_enzyme	1.2684210197696445e-07
R_KARI3_h_enzyme	1.2684210197696445e-07
R_KARI4_h_enzyme	1.2684210197696445e-07
R_DHADA2_h_enzyme	1.2684210197696445e-07
R_2IPMS_h_enzyme	7.251743144924264e-08
R_3IPMDA1_h_enzyme	7.251743144924264e-08
R_3IPMDA2_h_enzyme	7.251743144924264e-08
R_3IPMDH_h_enzyme	7.251743144924264e-08
R_IPODC_h_enzyme	0
R_BAATA2_h_enzyme	7.251743144924264e-08
R_AspK_h_enzyme	4.860244228150225e-07
R_Asp_DASH_SeADH_h_enzyme	4.860244228150225e-07
R_DHDS_h_enzyme	4.452419718632071e-08
R_DHDRNAD_h_enzyme	0.0
R_DHDRNADP_h_enzyme	4.452419718632071e-08
R_DAPAT_h_enzyme	4.452419718632071e-08
R_DAPE_h_enzyme	4.452419718632071e-08
R_DAPDC_h_enzyme	4.452419718632071e-08
R_HSerDHNADP_h_enzyme	4.415002256287018e-07
R_HSerDHNAD_h_enzyme	0.0
R_HSerK_h_enzyme	4.415002256287018e-07
R_CTHS_h_enzyme	1.766902470548874e-08
R_CTHL_h_enzyme	1.766902470548874e-08
R_5M_DASH_THFOR_c_enzyme	2.5452291779512926e-08
R_MetS_c_enzyme	2.5452291779512926e-08
R_GlyHMT_c_enzyme	2.5691365837186145e-08
R_MetAdT_h_enzyme	7.783267074024185e-09
R_HCysMT_c_enzyme	0.0
R_Cysase_c_enzyme	7.783267074024185e-09
R_CHRM_c_enzyme	5.8835790071637663e-08
R_GPAT_h_enzyme	5.8835790071637663e-08
R_AGNDA_h_enzyme	3.604624363999278e-08
R_Arginase_m_enzyme	9.871518990350149e-10
R_Urease_m_enzyme	0.0
R_OrnAT_m_enzyme	9.871518990350149e-10
R_GluK_c_enzyme	0.0
R_GluK_h_enzyme	3.7214000505249646e-08
R_GluK_m_enzyme	0.0
R_GluSeADH_c_enzyme	0.0
R_GluSeADH_h_enzyme	3.7214000505249646e-08
R_GluSeADH_m_enzyme	0.0
R_GluSeADA_c_enzyme	0
R_GluSeADA_h_enzyme	0
R_GluSeADA_m_enzyme	0
R_P5CRNAD_c_enzyme	2.1210781911252542e-06
R_ProDHNAD_m_enzyme	2.0828770387209694e-06
R_ProDHNADP_m_enzyme	0.0
R_P5CDHNAD_h_enzyme	0.0
R_P5CDHNAD_m_enzyme	0.0
R_P5CDHNADP_m_enzyme	0.0
R_PGADH_h_enzyme	4.2543120007309885e-08
R_PSerAT_h_enzyme	4.2543120007309885e-08
R_PSerP_h_enzyme	4.2543120007309885e-08
R_SerRM_c_enzyme	0.0
R_ThrS_h_enzyme	4.238312009232131e-07
R_ANTS_h_enzyme	1.1217874298338114e-08
R_ANTPRT_h_enzyme	1.1217874298338114e-08
R_PRANTI_h_enzyme	1.1217874298338114e-08
R_IndGPS_h_enzyme	1.1217874298338114e-08
R_IndGPL_h_enzyme	1.1217874298338114e-08
R_TrpS_h_enzyme	1.1217874298338114e-08
R_AGNDH_h_enzyme	2.278954643164488e-08
R_BAATA3_h_enzyme	5.432467052772182e-08
R_ALATRS_c_enzyme	4.146607639113672e-08
R_ALATRS_m_enzyme	1.892925852640994e-09
R_ALATRS_h_enzyme	1.870266991104172e-08
R_ARGTRS_c_enzyme	2.64058738009086e-08
R_ARGTRS_m_enzyme	1.0283756221878014e-09
R_ARGTRS_h_enzyme	1.0131142415306084e-08
R_ASNTRS_c_enzyme	2.1629685188505953e-08
R_ASNTRS_m_enzyme	7.070262965356365e-10
R_ASNTRS_h_enzyme	7.251022782257294e-09
R_ASPTRS_c_enzyme	2.7162361691950364e-08
R_ASPTRS_m_enzyme	7.269400171569943e-10
R_ASPTRS_h_enzyme	9.266641206668913e-09
R_CYSTRS_c_enzyme	8.788715082191004e-09
R_CYSTRS_m_enzyme	0.0
R_CYSTRS_h_enzyme	2.598835984308792e-09
R_GLUTRS_c_enzyme	3.2708206146656665e-08
R_GLUTRS_m_enzyme	1.019142840147837e-09
R_GLUTRS_h_enzyme	7.519277505027652e-08
R_GLNTRS_c_enzyme	1.674722586205636e-08
R_GLUTRGLNS_m_enzyme	7.833540157293585e-10
R_GLNTRA_m_enzyme	7.833540157293585e-10
R_GLUTRGLNS_h_enzyme	6.590395895290843e-09
R_GLNTRA_h_enzyme	6.590395895290843e-09
R_GLYTRS_c_enzyme	3.8014603721304964e-08
R_GLYTRS_m_enzyme	1.5729609916447944e-09
R_GLYTRS_h_enzyme	1.9898165624849108e-08
R_HISTRS_c_enzyme	9.859130422487229e-09
R_HISTRS_m_enzyme	0.0
R_HISTRS_h_enzyme	6.209187977904615e-09
R_ILETRS_c_enzyme	2.8845515136174747e-08
R_ILETRS_m_enzyme	1.6118437497336491e-09
R_ILETRS_h_enzyme	1.2477166006243667e-08
R_LEUTRS_c_enzyme	4.8568775661128546e-08
R_LEUTRS_m_enzyme	2.6258829549361244e-09
R_LEUTRS_h_enzyme	2.128904098154976e-08
R_LYSTRS_c_enzyme	3.5284396046267356e-08
R_LYSTRS_m_enzyme	7.575362142055717e-10
R_LYSTRS_h_enzyme	8.379936403352288e-09
R_METTRS_c_enzyme	1.2626904147637163e-08
R_FMETTRS_c_enzyme	0.0
R_FMETTRS_m_enzyme	0.0
R_FMETTRS_h_enzyme	0.0
R_METTRS_m_enzyme	6.608153539073734e-10
R_METTRS_h_enzyme	4.289965772201692e-09
R_PHETRS_c_enzyme	2.293169806529301e-08
R_PHETRS_m_enzyme	1.3324935755711381e-09
R_PHETRS_h_enzyme	1.1517132198395503e-08
R_PROTRS_c_enzyme	2.6922020192181566e-08
R_PROTRS_m_enzyme	7.64028695492802e-10
R_PROTRS_h_enzyme	1.0331823415712151e-08
R_SERTRS_c_enzyme	4.78133562590484e-08
R_SERTRS_m_enzyme	1.3943220998503862e-09
R_SERTRS_h_enzyme	1.1057385019174241e-08
R_THRTRS_c_enzyme	2.9690904823470536e-08
R_THRTRS_m_enzyme	9.516009541236374e-10
R_THRTRS_h_enzyme	1.3440882846400142e-08
R_TRPTRS_c_enzyme	6.533392982666661e-09
R_TRPTRS_m_enzyme	0.0
R_TRPTRS_h_enzyme	4.387473010587816e-09
R_TYRTRS_c_enzyme	1.510866041708439e-08
R_TYRTRS_m_enzyme	6.749359418408371e-10
R_TYRTRS_h_enzyme	6.899708293997767e-09
R_VALTRS_c_enzyme	3.828682758435814e-08
R_VALTRS_m_enzyme	1.3961301534849504e-09
R_VALTRS_h_enzyme	1.4578881742527947e-08
R_ATase_h_enzyme	8.873917966101243e-09
R_PRAGlyL_h_enzyme	8.873917966101243e-09
R_GARFT_h_enzyme	8.873917966101243e-09
R_FGAMS_h_enzyme	8.873917966101243e-09
R_FGAMCL_h_enzyme	8.873917966101243e-09
R_AIRC_h_enzyme	8.873917966101243e-09
R_SAICARS_h_enzyme	8.873917966101243e-09
R_DCAMPL1_h_enzyme	8.873917966101243e-09
R_AICARFT_h_enzyme	2.52392890003206e-08
R_IMPCH_h_enzyme	2.52392890003206e-08
R_AMPDA_c_enzyme	5.1510146480906924e-09
R_IMPDH_c_enzyme	5.1510146480906924e-09
R_GMPS_c_enzyme	5.1510146480906924e-09
R_DCAMPS_h_enzyme	2.52392890003206e-08
R_DCAMPL2_h_enzyme	2.52392890003206e-08
R_AspCT_h_enzyme	8.378118512879207e-09
R_DHOase_h_enzyme	8.378118512879207e-09
R_DHODH_m_enzyme	8.378118512879207e-09
R_OROPRT_c_enzyme	8.378118512879207e-09
R_OMPDC_c_enzyme	8.378118512879207e-09
R_CTPS_c_enzyme	4.477357812706394e-09
R_AMPK_c_enzyme	0.0
R_AMPK_h_enzyme	0.0
R_AMPK_m_enzyme	2.170114541016958e-06
R_GMPK_c_enzyme	4.847824247595958e-09
R_GMPK_h_enzyme	0.0
R_GMPK_m_enzyme	0.0
R_NMPK_c_enzyme	8.215101787323477e-09
R_NMPK2_c_enzyme	0.0
R_NMPK_h_enzyme	0.0
R_NMPK2_h_enzyme	1.2098440817929357e-07
R_NMPK_m_enzyme	0.0
R_NMPK2_m_enzyme	0.0
R_CTPP_c_enzyme	0.0
R_GDPP_m_enzyme	0.0
R_GDPP_h_enzyme	0.0
R_GDPP_c_enzyme	0.0
R_UDPP_m_enzyme	0.0
R_UDPP_h_enzyme	0.0
R_UDPP_c_enzyme	0.0
R_CDPP_m_enzyme	0.0
R_CDPP_h_enzyme	0.0
R_CDPP_c_enzyme	0.0
R_ADPP_m_enzyme	0.0
R_ADPP_h_enzyme	0.0
R_ADPP_c_enzyme	0.0
R_GDPK_c_enzyme	0.0
R_GDPK_h_enzyme	1.5673821569394748e-06
R_GDPK_m_enzyme	0.0
R_UDPK_c_enzyme	1.8041838105476353e-08
R_UDPK_h_enzyme	2.538812070529964e-07
R_UDPK_m_enzyme	0.0
R_CDPK_c_enzyme	0.0
R_CDPK_h_enzyme	1.2066618967623098e-07
R_CDPK_m_enzyme	0.0
R_ADPR_c_enzyme	2.3937336791756416e-10
R_CDPR_c_enzyme	1.3498892020108964e-10
R_GDPR_c_enzyme	1.348392650789155e-10
R_UDPR_c_enzyme	2.390740576732158e-10
R_dUTPP_c_enzyme	2.390740576732158e-10
R_dTMPS_c_enzyme	2.390740576732158e-10
R_dTMPK_c_enzyme	2.390740576732158e-10
R_dADPK_c_enzyme	0.0
R_dADPK_h_enzyme	0.0
R_dADPK_m_enzyme	2.3937336791756416e-10
R_dCDPK_c_enzyme	1.3498892020108964e-10
R_dCDPK_h_enzyme	0.0
R_dCDPK_m_enzyme	0.0
R_dGDPK_c_enzyme	1.348392650789155e-10
R_dGDPK_h_enzyme	0.0
R_dGDPK_m_enzyme	0.0
R_dTDPK_c_enzyme	2.390740576732158e-10
R_dTDPK_h_enzyme	0.0
R_dTDPK_m_enzyme	0.0
R_dUDPK_c_enzyme	2.390740576732158e-10
R_dUDPK_h_enzyme	0.0
R_dUDPK_m_enzyme	0.0
R_RibA13_h_enzyme	0.0
R_PYRD_h_enzyme	0.0
R_PYRR_h_enzyme	0.0
R_AtPyrP2_h_enzyme	0.0
R_RibA12_h_enzyme	0.0
R_LUMZS_h_enzyme	6.849084044279214e-11
R_RIBS_h_enzyme	0.0
R_RIBVK_h_enzyme	0.0
R_FMNH_h_enzyme	0.0
R_FADS_h_enzyme	0.0
R_FADDP_h_enzyme	0.0
R_RIBVK_c_enzyme	0.0
R_FMNH_c_enzyme	0.0
R_FADS_c_enzyme	0.0
R_RIBVK_m_enzyme	0.0
R_FADS_m_enzyme	0.0
R_FADDP_m_enzyme	0.0
R_FMNH_m_enzyme	0.0
R_AspOx_h_enzyme	0.0
R_QuinS_h_enzyme	0.0
R_QuinPRPP_h_enzyme	0.0
R_NNATr_c_enzyme	0.0
R_NADS_c_enzyme	0.0
R_NADK1_c_enzyme	0.0
R_NADHK1_c_enzyme	0.0
R_NADK2_h_enzyme	0.0
R_PyPPS_c_enzyme	0.0
R_GLUTRR_h_enzyme	6.31270673028828e-08
R_G1SAT_h_enzyme	6.31270673028828e-08
R_PPBNGS_h_enzyme	3.15635336514414e-08
R_HMBS_h_enzyme	7.89088341286035e-09
R_UPP3S_h_enzyme	7.89088341286035e-09
R_UPPDC1_h_enzyme	7.890487008564588e-09
R_CPPPGO_h_enzyme	7.890487008564588e-09
R_PPPGO_h_enzyme	7.890487008564588e-09
R_FCLT_h_enzyme	0.0
R_MGCLT_h_enzyme	7.782474265432664e-09
R_MPMT_h_enzyme	7.782474265432664e-09
R_MPMECY3_h_enzyme	7.782474265432664e-09
R_POR_1_h_enzyme	7.782474265432664e-09
R_DVOCHR_h_enzyme	7.782474265432664e-09
R_CHLOXG_h_enzyme	2.6054833679203425e-09
R_CHPHYS_h_enzyme	5.176990897512321e-09
R_CHPHYS2_h_enzyme	0.0
R_GGDPR4_h_enzyme	0.0
R_GGDPR5_h_enzyme	0.0
R_GGDPR6_h_enzyme	0.0
R_CHPHYSB_h_enzyme	2.6054833679203425e-09
R_CHPBR_h_enzyme	0.0
R_7HCHPR_h_enzyme	0.0
R_GGDPR1_h_enzyme	7.782474265432664e-09
R_GGDPR2_h_enzyme	7.782474265432664e-09
R_GGDPR3_h_enzyme	7.782474265432664e-09
R_UPP3MT_h_enzyme	0.0
R_UPP3MT_2_h_enzyme	0.0
R_SHCHD_h_enzyme	0.0
R_SHCHF_h_enzyme	0.0
R_DXPS_h_enzyme	1.2080117859643206e-07
R_DXRI_h_enzyme	1.2080117859643206e-07
R_MEPCT_h_enzyme	1.2080117859643206e-07
R_CDPMEK_h_enzyme	1.2080117859643206e-07
R_MCS_h_enzyme	1.2080117859643206e-07
R_HMBDPO_h_enzyme	1.2080117859643206e-07
R_DMPPS_h_enzyme	7.782474265432664e-09
R_IPDPS_h_enzyme	1.130187043309994e-07
R_IPDDI_h_enzyme	0.0
R_GPPS_h_enzyme	7.782474265432664e-09
R_FPPS_h_enzyme	7.782474265432664e-09
R_GGPS_h_enzyme	7.782474265432664e-09
R_ACCT_c_enzyme	8.96712815347014e-08
R_HMGCOAS_c_enzyme	8.96712815347014e-08
R_HMGCOAR_c_enzyme	8.96712815347014e-08
R_MEVK1_c_enzyme	8.96712815347014e-08
R_PMEVK_x_enzyme	8.96712815347014e-08
R_DPMVD_x_enzyme	8.96712815347014e-08
R_IPDDI_x_enzyme	0.0
R_Tr_tRNAala_n_enzyme	0
R_Tr_tRNAarg_n_enzyme	0
R_Tr_tRNAasn_n_enzyme	0
R_Tr_tRNAasp_n_enzyme	0
R_Tr_tRNAcys_n_enzyme	0
R_Tr_tRNAgln_n_enzyme	0
R_Tr_tRNAglu_n_enzyme	0
R_Tr_tRNAgly_n_enzyme	0
R_Tr_tRNAhis_n_enzyme	0
R_Tr_tRNAile_n_enzyme	0
R_Tr_tRNAleu_n_enzyme	0
R_Tr_tRNAlys_n_enzyme	0
R_Tr_tRNAmet_n_enzyme	0
R_Tr_tRNAphe_n_enzyme	0
R_Tr_tRNApro_n_enzyme	0
R_Tr_tRNAser_n_enzyme	0
R_Tr_tRNAthr_n_enzyme	0
R_Tr_tRNAtrp_n_enzyme	0
R_Tr_tRNAtyr_n_enzyme	0
R_Tr_tRNAval_n_enzyme	0
R_Tr_ATP_n_enzyme	0
R_Tr_dATP_n_enzyme	0
R_Tr_GTP_n_enzyme	0
R_Tr_dGTP_n_enzyme	0
R_Tr_CTP_n_enzyme	0
R_Tr_dCTP_n_enzyme	0
R_Tr_UTP_n_enzyme	0
R_Tr_dTTP_n_enzyme	0
R_Tr_H2O_n_enzyme	0
R_Tr_H_n_enzyme	0
R_Tr_PPi_n_enzyme	0
R_Tr_tRNAala_m_enzyme	0.0
R_Tr_tRNAarg_m_enzyme	0.0
R_Tr_tRNAleu_m_enzyme	0.0
R_Tr_tRNAphe_m_enzyme	0.0
R_Tr_tRNAthr_m_enzyme	0.0
R_Tr_tRNAval_m_enzyme	0.0
R_Tr_SO4_enzyme	0.0
R_Tr_NO2_enzyme	1.1406133695423777e-06
R_Tr_NTT_enzyme	5.594820218248161e-06
R_Tr_AAC_enzyme	1.0323756398752036e-05
R_Tr_AAC2_enzyme	2.1494155579759163e-06
R_Tr_AAC3_enzyme	0.0
R_Tr_AAC4_enzyme	0.0
R_Tr_AAC5_enzyme	0.0
R_Tr_AAC6_enzyme	0.0
R_Tr_AAC7_enzyme	0.0
R_Tr_GGM_enzyme	4.137872377346588e-08
R_Tr_GGC_enzyme	1.1168803680009726e-06
R_Tr_UUM_enzyme	0.0
R_Tr_UUC_enzyme	2.5373499826490125e-07
R_Tr_CCM_enzyme	0.0
R_Tr_CCC_enzyme	3.182185030625868e-10
R_Tr_BT11_enzyme	8.67337439251655e-09
R_Tr_BT12_enzyme	0.0
R_Tr_BT13_enzyme	0.0
R_Tr_BT14_enzyme	0.0
R_Tr_BT15_enzyme	0.0
R_Tr_BT16_enzyme	0.0
R_Tr_Pluto1_enzyme	0.0
R_Tr_Pluto2_enzyme	0.0
R_Tr_Pluto3_enzyme	0.0
R_Tr_GMP_h_enzyme	0.0
R_Tr_CMP_h_enzyme	0.0
R_Tr_UMP_h_enzyme	0.0
R_Tr_GMP_m_enzyme	0.0
R_Tr_CMP_m_enzyme	0.0
R_Tr_UMP_m_enzyme	0.0
R_Tr_dATP_h_enzyme	0.0
R_Tr_dGTP_h_enzyme	0.0
R_Tr_dCTP_h_enzyme	0.0
R_Tr_dTTP_h_enzyme	0.0
R_Tr_dATP_m_enzyme	0.0
R_Tr_dGTP_m_enzyme	0.0
R_Tr_dCTP_m_enzyme	0.0
R_Tr_dTTP_m_enzyme	0.0
R_Tr_AMP_m_enzyme	2.0941897403426374e-11
R_Tr_NDT1_h_enzyme	1.5584792641704905e-06
R_Tr_NDT1_m_enzyme	0.0
R_Tr_NDT1_nicrnt_enzyme	0.0
R_Tr_NDT2_h_enzyme	1.5584793237743228e-06
R_Tr_NDT2_m_enzyme	0.0
R_Tr_NADP_m_enzyme	0.0
R_Tr_NDT2_nicrnt_enzyme	0.0
R_Tr_TPT1_enzyme	5.81965189006016e-06
R_Tr_TPT2_enzyme	7.278266625116638e-06
R_Tr_TPT3_enzyme	0.0
R_Tr_PPT_enzyme	6.858900591643008e-07
R_Tr_GCA1_enzyme	2.055726233217901e-06
R_Tr_GCEA1_enzyme	1.8789689361300449e-06
R_Tr_GPT1_enzyme	2.6398465413265124e-07
R_Tr_pGlc_enzyme	6.422007954309858e-09
R_Tr_Mex1_enzyme	0.0
R_Tr_PLT5_enzyme	0.0
R_Tr_DIC1_enzyme	7.787350822392141e-08
R_Tr_DIC2_enzyme	2.335695095793911e-08
R_Tr_DIT1_enzyme	0.0
R_Tr_DIT2_enzyme	5.787660245545915e-07
R_Tr_DTC1A_enzyme	0.0
R_Tr_DTC1B_enzyme	1.537869358572144e-07
R_Tr_DTC1C_enzyme	0.0
R_Tr_DTC2A_enzyme	1.6535881987938273e-06
R_Tr_DTC2B_enzyme	0.0
R_Tr_DTC2C_enzyme	0.0
R_Tr_DTC3A_enzyme	1.6535881987938273e-06
R_Tr_DTC3B_enzyme	5.942347593711925e-08
R_Tr_DTC3C_enzyme	0.0
R_Tr_DTC4A_enzyme	0.0
R_Tr_DTC4B_enzyme	0.0
R_Tr_DTC4C_enzyme	0.0
R_Tr_SFC_enzyme	0.0
R_Tr_P5C1_enzyme	3.7214000505249646e-08
R_Tr_P5C2_enzyme	2.083864190620005e-06
R_Tr_X5P_enzyme	8.386052951042617e-09
R_Tr_Fum_enzyme	7.509684202002194e-08
R_Tr_HCys_enzyme	1.766902470548874e-08
R_Tr_ORO_enzyme	8.378118512879207e-09
R_Tr_DHO1_enzyme	8.378118512879207e-09
R_Tr_DHO2_enzyme	8.378118512879207e-09
R_Tr_PPi_enzyme	2.075629560467884e-08
R_Tr_GlySer_enzyme	3.928066832570753e-06
R_Tr_O2h_enzyme	0
R_Tr_O2m_enzyme	0
R_Tr_O2x_enzyme	0
R_Tr_CO2h_enzyme	0
R_Tr_CO2m_enzyme	0
R_Tr_CO2x_enzyme	0
R_Tr_H2Oh_enzyme	0
R_Tr_H2Om_enzyme	0
R_Tr_H2Ox_enzyme	0
R_Tr_Hx_enzyme	8.96712815347014e-08
R_Tr_NH41_enzyme	1.4187356683886165e-06
R_Tr_NH42_enzyme	1.8022767310419915e-06
R_Tr_H2S1_enzyme	2.026786068979753e-08
R_Tr_H2S2_enzyme	0.0
R_Tr_AC1_enzyme	3.4358527049650807e-07
R_Tr_AC2_enzyme	0.0
R_Tr_Pyr1_enzyme	1.2779349273581942e-06
R_Tr_Pyr2_enzyme	4.340260759535192e-08
R_Tr_Pyr3_enzyme	0.0
R_Tr_GCA2_enzyme	2.055726233217901e-06
R_Tr_GCEA2_enzyme	1.8789689361300449e-06
R_Tr_Mal_enzyme	1.8789689361300449e-06
R_Tr_OAA_enzyme	1.8789689361300449e-06
R_Tr_KG_enzyme	1.76757297087856e-07
R_TrAA_Ala1_enzyme	0.0
R_TrAA_Arg1_enzyme	0.0
R_TrAA_Asn1_enzyme	0.0
R_TrAA_Asp_enzyme	0.0
R_TrAA_Cys_enzyme	0.0
R_TrAA_Glu1_enzyme	1.76757297087856e-07
R_TrAA_Gln_enzyme	0.0
R_TrAA_Gly_enzyme	2.0557262332179008e-06
R_TrAA_His1_enzyme	0.0
R_TrAA_Ile1_enzyme	0.0
R_TrAA_Leu1_enzyme	0.0
R_TrAA_Lys1_enzyme	0.0
R_TrAA_Met1_enzyme	0.0
R_TrAA_Phe1_enzyme	0.0
R_TrAA_Pro1_enzyme	0.0
R_TrAA_Ser1_enzyme	1.8789689361300449e-06
R_TrAA_Thr1_enzyme	0.0
R_TrAA_Trp1_enzyme	0.0
R_TrAA_Tyr1_enzyme	0.0
R_TrAA_Val1_enzyme	0.0
R_Tr_Mev5P_enzyme	8.96712815347014e-08
R_Tr_ipdp1_enzyme	8.96712815347014e-08
R_Tr_dmpp1_enzyme	0.0
R_Tr_ipdp2_enzyme	8.96712815347014e-08
R_Tr_dmpp2_enzyme	0.0
R_Tr_ATP_x_enzyme	1.793425630694028e-07
R_Tr_Pi_x_enzyme	8.96712815347014e-08
R_Tr_Pi_m_enzyme	1.472415654361209e-05
R_TrAA_BAT11_enzyme	4.150968174271093e-08
R_TrAA_BAT12_enzyme	2.0155275212228162e-09
R_TrAA_BAT13_enzyme	0.0
R_TrAA_BAT14_enzyme	7.575362142055717e-10
R_TrAA_BAT15_enzyme	0.0
R_TrAA_BAC1_enzyme	0.0
R_TrAA_BAC2_enzyme	0.0
R_TrAA_ProU_enzyme	2.0836410674164622e-06
R_TrAA_ProA_enzyme	0.0
R_TrAA_Ala2_enzyme	0.0
R_TrAA_Arg2_enzyme	3.085249263829401e-08
R_TrAA_Asn2_enzyme	7.251022782257294e-09
R_TrAA_Asn3_enzyme	7.070262965356365e-10
R_TrAA_Cys2_enzyme	0.0
R_TrAA_Gln2_enzyme	5.762097908124128e-08
R_TrAA_Glu2_enzyme	7.392982109465243e-07
R_TrAA_Gly2_enzyme	1.5504462377074687e-06
R_TrAA_His2_enzyme	1.015618305631474e-08
R_TrAA_His3_enzyme	2.9705263382751173e-10
R_TrAA_Ile2_enzyme	3.0503223221982745e-08
R_TrAA_Ile3_enzyme	1.6118437497336491e-09
R_TrAA_Leu2_enzyme	5.122839046769289e-08
R_TrAA_Leu3_enzyme	2.6258829549361244e-09
R_TrAA_Lys2_enzyme	3.614426078296842e-08
R_TrAA_Met2_enzyme	4.289965772201692e-09
R_TrAA_Met3_enzyme	6.608153539073734e-10
R_TrAA_Phe2_enzyme	2.4529111441597282e-08
R_TrAA_Phe3_enzyme	1.3324935755711381e-09
R_TrAA_Pro2_enzyme	1.0331823415712151e-08
R_TrAA_Ser2_enzyme	0.0
R_TrAA_Ser3_enzyme	1.96621421888105e-06
R_TrAA_Thr2_enzyme	3.6740992884858665e-07
R_TrAA_Thr3_enzyme	9.516009541236374e-10
R_TrAA_Trp2_enzyme	6.830401287750298e-09
R_TrAA_Trp3_enzyme	0.0
R_TrAA_Tyr2_enzyme	1.5889838137647112e-08
R_TrAA_Tyr3_enzyme	6.749359418408371e-10
R_TrAA_Val2_enzyme	3.974578878519386e-08
R_TrAA_Val3_enzyme	1.3961301534849504e-09
R_TrRib_h_enzyme	0.0
R_TrRib_m_enzyme	0.0
R_Tr_Mg2_h_enzyme	7.990717260925716e-09
R_Tr_Mn2_h_enzyme	0.0
R_Tr_Zn2_h_enzyme	0.0
R_Tr_Fe2_h_enzyme	3.197039985381673e-10
R_Tr_Cobalt2_h_enzyme	0.0
R_Tr_Cu_h_enzyme	0.0
R_Tr_Ca_h_enzyme	0.0
R_Tr_KH_h_enzyme	0.0
R_Tr_Cu_l_enzyme	0.0
R_Tr_SAM_h_enzyme	7.783267074024185e-09
R_Tr_Mg2_m_enzyme	0.0
R_Tr_Mn2_m_enzyme	0.0
R_Tr_Zn2_m_enzyme	0.0
R_Tr_Fe2_m_enzyme	0.0
R_Tr_Cu_m_enzyme	0.0
R_Si_H_enzyme	0
R_Im_hnu_enzyme	0
R_Im_CO2_enzyme	0
R_Im_H2O_enzyme	0
R_Im_Pi_enzyme	2.0131960555914736e-08
R_Im_NO3_enzyme	1.655995467408642e-06
R_Im_NH4_enzyme	0.0
R_Im_SO4_enzyme	0.0
R_Im_H2S_enzyme	3.170598291039919e-08
R_Im_Mg2_enzyme	8.68594969795554e-09
R_Im_Fe2_enzyme	5.31971689292933e-10
R_Im_Mn2_enzyme	0.0
R_Im_Cob2_enzyme	0.0
R_Im_Cd2_enzyme	0.0
R_Im_Zn2_enzyme	0.0
R_Im_Cu_enzyme	0.0
R_Im_Ni2_enzyme	0.0
R_Im_Ca2_enzyme	0.0
R_Im_K_enzyme	0.0
R_Im_Cl_enzyme	0.0
R_Ex_O2_enzyme	0
R_Ex_Ala_c_enzyme	0.0
R_Ex_Arg_c_enzyme	0.0
R_Ex_Asn_c_enzyme	0.0
R_Ex_Asp_c_enzyme	0.0
R_Ex_Cys_c_enzyme	0.0
R_Ex_Gln_c_enzyme	0.0
R_Ex_Glu_c_enzyme	0.0
R_Ex_Gly_c_enzyme	0.0
R_Ex_His_c_enzyme	0.0
R_Ex_Ile_c_enzyme	0.0
R_Ex_Leu_c_enzyme	0.0
R_Ex_Lys_c_enzyme	0.0
R_Ex_Met_c_enzyme	0.0
R_Ex_Phe_c_enzyme	0.0
R_Ex_Pro_c_enzyme	0.0
R_Ex_Ser_c_enzyme	0.0
R_Ex_Thr_c_enzyme	0.0
R_Ex_Trp_c_enzyme	0.0
R_Ex_Tyr_c_enzyme	0.0
R_Ex_Val_c_enzyme	0.0
R_Ex_starch_enzyme	0.0
R_Ex_Glc_enzyme	0.0
R_Ex_Frc_enzyme	0.0
R_Ex_Suc_enzyme	0.0
R_Ex_cellulose_enzyme	0.0
R_Ex_Mas_enzyme	0.0
R_Ex_MACP_enzyme	0.0
R_Ex_Tre_enzyme	0.0
R_NGAM_c_enzyme	0
R_NGAM_h_enzyme	0
R_NGAM_m_enzyme	0
R_maintenance_atp_enzyme	0
R_Bio_AA_enzyme	0
