Reaction	Flux
R_PSII_h	11.49081476979346
R_Cytb6f_h	22.98162953958692
R_PSI_h	45.96325907917384
R_Fd_DASH_NADPR_h	19.296610786547195
R_ATPase_h	9.849269802680107
R_RBC_h	5.947314754326366
R_PGAK_h	18.72343977192362
R_GAPDH1_h	18.304587198886612
R_TPI_h	5.751336040883121
R_FBPA_h	0.0
R_FBPase_h	0.0
R_FTK_h	2.752596052847349
R_SBPA_h	5.751336040883121
R_SBPase_h	5.751336040883121
R_STK_h	2.710147884249303
R_Ru5PE_h	5.457672052271862
R_R5PI_h	2.6880985918862743
R_Ru5PK_h	8.145729220897836
R_PGI_h	0.2885921037864685
R_PGM_h	0.128934184967041
R_AGPase_h	0.128934184967041
R_StS_h1	0.06419283890914916
R_StS_h2	0.06419283890914916
R_StS_h3	0.0005485071487426755
R_bAMY1_h	0.002216268779754639
R_bAMY2_h	0.0
R_DPE11_h	0.002216268779754639
R_DPE12_h	0.0
R_DPE13_h	0.001667761631011963
R_DPE2_c	0.0
R_HEXK_c	0.0
R_StP1_h	0.0
R_StP21_c	0.0
R_TPI_c	0.00897579260635376
R_FBPA_c	0.00897579260635376
R_FBPase_c	0.00897579260635376
R_F6PK2_c	0.0
R_F26BPPh_c	0.0
R_PGI_c	0.0
R_G6PDH_c	0.0
R_6PGL_c	0.0
R_6PGDHNADP_c	0.12721173528708718
R_6PGDHNAD_c	-0.12721173528708718
R_Ru5PE_c	-0.005071884824790575
R_R5PI_c	0.005071884824790575
R_PGM_c	0.15953656362533566
R_UGPase_c	0.15953656362533566
R_S6PS_c	0.00897579260635376
R_S6PPh_c	0.00897579260635376
R_SucS_c	0.002529613456726074
R_FrcFD_c	0.0
R_FrcK_c	0.0
R_TPS_c	0.00012135519409179687
R_TPP_c	0.00012135519409179687
R_CeS_c1	0.0764845146408081
R_CeS_c2	0.0764845146408081
R_CeS_c3	0.0
R_MalDH1_c	-2.4740812906333316
R_PEPC1_c	0.0
R_PEPC2_c	-0.4798951744439136
R_Enol_c	-0.8642138078012489
R_PGAM_c	-0.8642138078012489
R_PGAK_c	-4.383939270909633
R_GAPDH2_c	4.383939270909633
R_GAPDH3_c	0.0
R_F6PK1_c	0.0
R_F6PK1_h	0.0
R_GAPDH2_h	-0.4188525730370066
R_PGAM_h	0.0
R_Enol_h	0.0
R_PyrK_c	0.7991449411399046
R_PyrK_h	0.0
R_PyrDH1_m	0.0
R_PyrDH2_m	0.0
R_DHLAcT_m	0.0
R_DHLDH2_m	0.0
R_CitS_m	0.0
R_cACNDHA_m	0.0
R_cACNHA_m	0.0
R_iCitDHNAD_m	0.06691781787893425
R_KGDH_m	0.0
R_DHLST_m	0.0
R_SCACoAL_m	0.0
R_cplx2_m	0.014126283939361573
R_FumHA_m	0.0
R_MalDH1_m	1.036469114199653
R_cplx1_m	3.5504827118625517
R_cplx3_m	3.5696760818785025
R_cplx4_m	1.7848380409392512
R_cplx5_m	8.904996834680306
R_RBO_h	2.1984144665714704
R_PGP_h	2.1984144665714704
R_GCAO_x	1.2433032258501866
R_CAT_x	0.6216516129250933
R_GGAT_x	0.1069028132787353
R_GlyDH_m	1.1873717467655225
R_AMT_m	1.1873717467655225
R_DHLDH1_m	1.1873717467655225
R_GlyHMT_m	1.1873717467655225
R_SGAT_x	1.136400412571451
R_GCEADH_x	1.136400412571451
R_MalDH1_x	1.136400412571451
R_GCEAK_h	1.136400412571451
R_G6PDH_h	0.0
R_6PGL_h	0.0
R_6PGDHNAD_h	0.0
R_6PGDHNADP_h	0.0
R_TA_h	3.041188156633818
R_DAHPS_h	0.04244816859804631
R_DHQS_h	0.04244816859804631
R_DHQDH_h	0.04244816859804631
R_SADH_h	0.04244816859804631
R_SAK_h	0.042368456210961344
R_EPSPS_h	0.042368456210961344
R_CHRS_h	0.042368456210961344
R_R5PDPK_h	0.02204929236302879
R_R5PDPK_c	0.005067086076589344
R_PyrPiDK_h	0.4996429325915768
R_MalDH2NADP_c	0.0
R_MalDH2NADP_h	0.0
R_MalDHNAD_m	0.0
R_MalDH1_h	0.35003769165061693
R_MalDH3_c	0.0
R_MalDH3_h	0.0
R_MalDH3_m	0.0
R_CitS_c	0.14307594099256665
R_CitS_h	0.0
R_cACNDHA_c	0.14307594099256665
R_cACNDHA_h	0.0
R_cACNHA_c	0.14307594099256665
R_cACNHA_h	0.0
R_iCitDHNAD_c	0.0
R_iCitDHNADP_c	0.0
R_iCitDHNADP_h	0.0
R_iCitDHNADP_m	0.06203183917427827
R_iCitL_c	0.014126283939361573
R_MalS_c	0.014126283939361573
R_ATPCitL_c	0.0
R_ACoAS_h	0.22005837374147763
R_ACoAC_h	0.16394182905578614
R_ACPM_h	0.16394182905578614
R_PPiase_h	1.1637593148539238
R_PPIase_c	0.5374116344293767
R_PPIF6PK_c	0.0
R_ForDH_h	0.020569532682842225
R_ForTHFL_h	0.020631667573291927
R_DHFR_c	0.00014459199008076093
R_TRXR_c	0.00045255708945465085
R_ADNK_c	0.004707319926369827
R_ADNN_c	0.0
R_ADPRPPT_c	0.0
R_ADPRPPT_h	0.0
R_URAPRPPT_h	0.0
R_RibK_h	0.0
R_NO3R1_c	0.68984296589923
R_NO3R2_c	0.0
R_NO2R_h	0.68984296589923
R_ATPSL_h	0.0
R_APSR_h	0.0
R_GSSGR_h	0.0
R_SO3R_h	0.0
R_HCO3DHA_c	0.4798951744439136
R_HCO3DHA_h	0.19379581761279283
R_AlaTA_h	0.011311374762198033
R_AlaTA_m	0.02624989707366884
R_AlaTA_x	0.0
R_AGluK	0.025120377036386574
R_AGluPR_h	0.025120377036386574
R_AOrnTA_h	0.025120377036386574
R_AOrnAGluAcT_h	0.025120377036386574
R_CBPS_h	0.02985398855700668
R_OrnCMT_h	0.024786902480417334
R_ArgSCAS_h	0.024786902480417334
R_ArgSCAL_h	0.024786902480417334
R_FumHA_c	0.045418570053709265
R_AsnS_c	0.018584382761827695
R_AspAT_c	0.03516781626674476
R_AspAT_h	0.35003769165061693
R_AspAT_m	0.0004396533223765501
R_AspAT_x	0.0
R_Asnase_c	0.0
R_SerAcT_c	0.005497348284633996
R_SerAcT_h	0.012258002145189547
R_SerAcT_m	0.0
R_CysS_c	0.005497348284633996
R_CysS_h	0.012258002145189547
R_CysS_m	0.0
R_GluSNADP_h	0.0
R_GluDH3NADP_c	-0.23508096835192657
R_Glnase_c	0.0
R_GluSNAD_h	0.0
R_GluSFd_h	1.5424293025269136
R_GluDH1NAD_m	0.0
R_GluDH1NADP_m	0.06203183917427827
R_GluDH2NAD_m	0.0
R_GluDC_c	1.9759944915771484e-05
R_GABATA1_m	0.0
R_GABATA2_m	0.0
R_SCASeADH_m	0.0
R_GlnS_c	0.0
R_GlnS_h	1.6036854004703178
R_GlnS_m	0.035322940657047844
R_ThrA_c	0.2023030233116541
R_ACDOxRed_c	0.2023030233116541
R_GCAO_h	0.9551112407212838
R_CAT_h	0.4847138701748117
R_SGAT_h	0.0
R_GCEADH_h	0.0
R_GGAT_h	0.9551112407212838
R_ATPPRT_h	0.009897776401495867
R_PrATPDP_h	0.009897776401495867
R_PrAMPCy_h	0.009897776401495867
R_PAICARPI_h	0.009897776401495867
R_IGPS_h	0.009897776401495867
R_IGPDA_h	0.009897776401495867
R_HisolPTA_h	0.009897776401495867
R_HisolPP_h	0.009897776401495867
R_HisolPDH_h	0.009897776401495867
R_HisalPDH_h	0.009897776401495867
R_ThrDA_h	0.02599453940523133
R_ALS1_h	0.10270864268089944
R_ALS2_h	0.02599453940523133
R_KARI1_h	0.02599453940523133
R_KARI2_h	0.02599453940523133
R_DHADA1_h	0.02599453940523133
R_BAATA1_h	0.02599453940523133
R_ALS3_h	0.0767141032756681
R_KARI3_h	0.0767141032756681
R_KARI4_h	0.0767141032756681
R_DHADA2_h	0.0767141032756681
R_2IPMS_h	0.04385854254050195
R_3IPMDA1_h	0.04385854254050195
R_3IPMDA2_h	0.04385854254050195
R_3IPMDH_h	0.04385854254050195
R_IPODC_h	0.04385854254050195
R_BAATA2_h	0.04385854254050195
R_AspK_h	0.2939475709185256
R_Asp_DASH_SeADH_h	0.2939475709185256
R_DHDS_h	0.02692823445828676
R_DHDRNAD_h	0.0
R_DHDRNADP_h	0.02692823445828676
R_DAPAT_h	0.02692823445828676
R_DAPE_h	0.02692823445828676
R_DAPDC_h	0.02692823445828676
R_HSerDHNADP_h	0.26701933646023884
R_HSerDHNAD_h	0.0
R_HSerK_h	0.26701933646023884
R_CTHS_h	0.01068622614187959
R_CTHL_h	0.01068622614187959
R_5M_DASH_THFOR_c	0.015393546068249418
R_MetS_c	0.015393546068249418
R_GlyHMT_c	-0.01553813805833018
R_MetAdT_h	0.004707319926369827
R_HCysMT_c	0.0
R_Cysase_c	0.004707319926369827
R_CHRM_c	0.035583885835326456
R_GPAT_h	0.035583885835326456
R_AGNDA_h	0.021800768153467633
R_Arginase_m	0.000597029468536377
R_Urease_m	0.0
R_OrnAT_m	0.000597029468536377
R_GluK_c	0.0
R_GluK_h	0.022507027505574984
R_GluK_m	0.0
R_GluSeADH_c	0.0
R_GluSeADH_h	0.022507027505574984
R_GluSeADH_m	0.0
R_GluSeADA_c	0.0
R_GluSeADA_h	0.022507027505574984
R_GluSeADA_m	0.000597029468536377
R_P5CRNAD_c	1.2828280899925537
R_ProDHNAD_m	1.2597240330184423
R_ProDHNADP_m	0.0
R_P5CDHNAD_h	0.0
R_P5CDHNAD_m	0.0
R_P5CDHNADP_m	0.0
R_PGADH_h	0.02573007898042102
R_PSerAT_h	0.02573007898042102
R_PSerP_h	0.02573007898042102
R_SerRM_c	0.0
R_ThrS_h	0.25633311031835926
R_ANTS_h	0.006784570375634891
R_ANTPRT_h	0.006784570375634891
R_PRANTI_h	0.006784570375634891
R_IndGPS_h	0.006784570375634891
R_IndGPL_h	0.006784570375634891
R_TrpS_h	0.006784570375634891
R_AGNDH_h	0.013783117681858824
R_BAATA3_h	0.032855560735166156
R_ALATRS_c	0.025078683001359486
R_ALATRS_m	0.001144841555677273
R_ALATRS_h	0.011311374762198033
R_ARGTRS_c	0.01597027247478952
R_ARGTRS_m	0.0006219615762991822
R_ARGTRS_h	0.0061273149327771195
R_ASNTRS_c	0.0130816336020084
R_ASNTRS_m	0.000427609504144753
R_ASNTRS_h	0.004385418578709211
R_ASPTRS_c	0.01642779635129158
R_ASPTRS_m	0.0004396533223765501
R_ASPTRS_h	0.005604464601793358
R_CYSTRS_c	0.005315414881709119
R_CYSTRS_m	0.00018193340292487706
R_CYSTRS_h	0.0015717760033099573
R_GLUTRS_c	0.01978192307749795
R_GLUTRS_m	0.0006163775897214118
R_GLUTRS_h	0.045476590350407235
R_GLNTRS_c	0.010128722201371686
R_GLUTRGLNS_m	0.00047377250871311603
R_GLNTRA_m	0.00047377250871311603
R_GLUTRGLNS_h	0.003985871437471902
R_GLNTRA_h	0.003985871437471902
R_GLYTRS_c	0.02299123233064524
R_GLYTRS_m	0.0009513268077467717
R_GLYTRS_h	0.01203441056990874
R_HISTRS_c	0.0059628020795202755
R_HISTRS_m	0.0001796574329388791
R_HISTRS_h	0.0037553168890367113
R_ILETRS_c	0.017445767554358487
R_ILETRS_m	0.000974843099838911
R_ILETRS_h	0.00754619000057617
R_LEUTRS_c	0.029374395519850542
R_LEUTRS_m	0.001588134011145368
R_LEUTRS_h	0.012875611985641295
R_LYSTRS_c	0.021340002728782496
R_LYSTRS_m	0.0004581579023515297
R_LYSTRS_h	0.0050681855367474635
R_METTRS_c	0.007636751628490956
R_FMETTRS_c	0.0
R_FMETTRS_m	0.0
R_FMETTRS_h	0.0
R_METTRS_m	0.0003996611260431794
R_METTRS_h	0.002594571299027583
R_PHETRS_c	0.013869090989889213
R_PHETRS_m	0.0008058921145054243
R_PHETRS_h	0.0069655615535896
R_PROTRS_c	0.01628243781223141
R_PROTRS_m	0.00046208455503404664
R_PROTRS_h	0.006248686801822709
R_SERTRS_c	0.028917517865472468
R_SERTRS_m	0.0008432860059895135
R_SERTRS_h	0.0066875064595965815
R_THRTRS_c	0.01795705923723498
R_THRTRS_m	0.0005755282570539758
R_THRTRS_h	0.008129045945502806
R_TRPTRS_c	0.0039513960759167965
R_TRPTRS_m	0.00010877773671463253
R_TRPTRS_h	0.002653543676803511
R_TYRTRS_c	0.009137717820252638
R_TYRTRS_m	0.00040820125762533823
R_TYRTRS_h	0.004172943576209849
R_VALTRS_c	0.023155873323019802
R_VALTRS_m	0.000844379516827698
R_VALTRS_h	0.008817307677880902
R_ATase_h	0.005366945585898031
R_PRAGlyL_h	0.005366945585898031
R_GARFT_h	0.005366945585898031
R_FGAMS_h	0.005366945585898031
R_FGAMCL_h	0.005366945585898031
R_AIRC_h	0.005366945585898031
R_SAICARS_h	0.005366945585898031
R_DCAMPL1_h	0.005366945585898031
R_AICARFT_h	0.015264721987393898
R_IMPCH_h	0.015264721987393898
R_AMPDA_c	0.0031153336591652507
R_IMPDH_c	0.0031153336591652507
R_GMPS_c	0.0031153336591652507
R_DCAMPS_h	0.015264721987393898
R_DCAMPL2_h	0.015264721987393898
R_AspCT_h	0.005067086076589344
R_DHOase_h	0.005067086076589344
R_DHODH_m	0.005067086076589344
R_OROPRT_c	0.005067086076589344
R_OMPDC_c	0.005067086076589344
R_CTPS_c	0.002707906005124827
R_AMPK_c	0.0
R_AMPK_h	0.0
R_AMPK_m	1.312485274407056
R_GMPK_c	0.0029319641049460354
R_GMPK_h	0.00016967598337191758
R_GMPK_m	1.3693570847298636e-05
R_NMPK_c	0.004968493560973239
R_NMPK2_c	0.0
R_NMPK_h	8.842707503994851e-05
R_NMPK2_h	0.07317137006683674
R_NMPK_m	1.0165440575707334e-05
R_NMPK2_m	1.0803627069455262e-05
R_CTPP_c	0.0
R_GDPP_m	0.0
R_GDPP_h	0.0
R_GDPP_c	0.0
R_UDPP_m	0.0
R_UDPP_h	0.0
R_UDPP_c	0.0
R_CDPP_m	0.0
R_CDPP_h	0.0
R_CDPP_c	0.00012162087878408873
R_ADPP_m	0.0
R_ADPP_h	0.0
R_ADPP_c	0.0
R_GDPK_c	0.0
R_GDPK_h	0.9479527285169943
R_GDPK_m	0.0
R_UDPK_c	0.010911703686192098
R_UDPK_h	0.15354735402565223
R_UDPK_m	0.0
R_CDPK_c	0.0
R_CDPK_h	0.07297891151618449
R_CDPK_m	0.0
R_ADPR_c	0.0001447730129165428
R_CDPR_c	8.164129893761902e-05
R_GDPR_c	8.155078751972809e-05
R_UDPR_c	0.00014459199008076093
R_dUTPP_c	0.00014459199008076093
R_dTMPS_c	0.00014459199008076093
R_dTMPK_c	0.00014459199008076093
R_dADPK_c	0.0
R_dADPK_h	0.0
R_dADPK_m	0.0001447730129165428
R_dCDPK_c	8.164129893761902e-05
R_dCDPK_h	0.0
R_dCDPK_m	0.0
R_dGDPK_c	8.155078751972809e-05
R_dGDPK_h	0.0
R_dGDPK_m	0.0
R_dTDPK_c	0.00014459199008076093
R_dTDPK_h	0.0
R_dTDPK_m	0.0
R_dUDPK_c	0.00014459199008076093
R_dUDPK_h	0.0
R_dUDPK_m	0.0
R_RibA13_h	2.071163014990034e-05
R_PYRD_h	2.071163014990034e-05
R_PYRR_h	2.071163014990034e-05
R_AtPyrP2_h	2.071163014990034e-05
R_RibA12_h	4.142326029980068e-05
R_LUMZS_h	4.142326029980068e-05
R_RIBS_h	2.071163014990034e-05
R_RIBVK_h	0.0
R_FMNH_h	0.0
R_FADS_h	0.0
R_FADDP_h	0.0
R_RIBVK_c	2.071163014990034e-05
R_FMNH_c	0.0
R_FADS_c	1.5824886867909406e-05
R_RIBVK_m	0.0
R_FADS_m	0.0
R_FADDP_m	0.0
R_FMNH_m	0.0
R_AspOx_h	0.0
R_QuinS_h	0.0
R_QuinPRPP_h	0.0
R_NNATr_c	0.0
R_NADS_c	0.0
R_NADK1_c	0.0
R_NADHK1_c	0.0
R_NADK2_h	-3.6048398717458685e-08
R_PyPPS_c	4.798748201230049e-06
R_GLUTRR_h	0.03817925030478351
R_G1SAT_h	0.03817925030478351
R_PPBNGS_h	0.019089625152391754
R_HMBS_h	0.004772406288097939
R_UPP3S_h	0.004772406288097939
R_UPPDC1_h	0.004772166542779862
R_CPPPGO_h	0.004772166542779862
R_PPPGO_h	0.004772166542779862
R_FCLT_h	6.532610704618799e-05
R_MGCLT_h	0.004706840435733674
R_MPMT_h	0.004706840435733674
R_MPMECY3_h	0.004706840435733674
R_POR_1_h	0.004706840435733674
R_DVOCHR_h	0.004706840435733674
R_CHLOXG_h	0.001575796340918223
R_CHPHYS_h	0.0031310440948154514
R_CHPHYS2_h	0.0
R_GGDPR4_h	0.0
R_GGDPR5_h	0.0
R_GGDPR6_h	0.0
R_CHPHYSB_h	0.001575796340918223
R_CHPBR_h	0.0
R_7HCHPR_h	0.0
R_GGDPR1_h	0.004706840435733674
R_GGDPR2_h	0.004706840435733674
R_GGDPR3_h	0.004706840435733674
R_UPP3MT_h	2.397453180762673e-07
R_UPP3MT_2_h	2.397453180762673e-07
R_SHCHD_h	2.397453180762673e-07
R_SHCHF_h	2.397453180762673e-07
R_DXPS_h	0.07306055281512211
R_DXRI_h	0.07306055281512211
R_MEPCT_h	0.07306055281512211
R_CDPMEK_h	0.07306055281512211
R_MCS_h	0.07306055281512211
R_HMBDPO_h	0.07306055281512211
R_DMPPS_h	0.004706840435733674
R_IPDPS_h	0.06835371237938843
R_IPDDI_h	0.0
R_GPPS_h	0.004706840435733674
R_FPPS_h	0.004706840435733674
R_GGPS_h	0.004706840435733674
R_ACCT_c	-0.05423319107218741
R_HMGCOAS_c	-0.05423319107218741
R_HMGCOAR_c	-0.05423319107218741
R_MEVK1_c	-0.05423319107218741
R_PMEVK_x	-0.05423319107218741
R_DPMVD_x	-0.05423319107218741
R_IPDDI_x	0.0
R_Tr_tRNAala_n	1.0094716391373342e-05
R_Tr_tRNAarg_n	5.8124491371145446e-06
R_Tr_tRNAasn_n	4.736277262477475e-06
R_Tr_tRNAasp_n	4.736277262371223e-06
R_Tr_tRNAcys_n	1.7992248535237263e-06
R_Tr_tRNAgln_n	5.1706695556666404e-06
R_Tr_tRNAglu_n	5.170669555663169e-06
R_Tr_tRNAgly_n	1.2036870320638465e-05
R_Tr_tRNAhis_n	1.8608805334136768e-06
R_Tr_tRNAile_n	5.70875549305788e-06
R_Tr_tRNAleu_n	8.853195190658148e-06
R_Tr_tRNAlys_n	6.742889404172753e-06
R_Tr_tRNAmet_n	3.021128336887266e-06
R_Tr_tRNAphe_n	3.640487670897863e-06
R_Tr_tRNApro_n	4.343922937745729e-06
R_Tr_tRNAser_n	4.240229289011386e-06
R_Tr_tRNAthr_n	4.9857025143927226e-06
R_Tr_tRNAtrp_n	1.1182098385020826e-06
R_Tr_tRNAtyr_n	2.7100474039726462e-06
R_Tr_tRNAval_n	8.3151092530179e-06
R_Tr_ATP_n	0.0019579268732623375
R_Tr_dATP_n	0.00014448404482688903
R_Tr_GTP_n	0.0028504133174238272
R_Tr_dGTP_n	8.138801149673461e-05
R_Tr_CTP_n	0.0025046438274031113
R_Tr_dCTP_n	8.14783422531128e-05
R_Tr_UTP_n	0.002115995565768229
R_Tr_dTTP_n	0.0001443033833141327
R_Tr_H2O_n	0.009880633365748374
R_Tr_H_n	-0.009880633365748374
R_Tr_PPi_n	-0.009880633365748374
R_Tr_tRNAala_m	0.0
R_Tr_tRNAarg_m	0.0
R_Tr_tRNAleu_m	0.0
R_Tr_tRNAphe_m	0.0
R_Tr_tRNAthr_m	0.0
R_Tr_tRNAval_m	0.0
R_Tr_SO4	0.0
R_Tr_NO2	0.68984296589923
R_Tr_NTT	3.3837472679964873
R_Tr_AAC	6.243807869965231
R_Tr_AAC2	1.299966529463834
R_Tr_AAC3	0.0
R_Tr_AAC4	0.0001447730129165428
R_Tr_AAC5	0.0
R_Tr_AAC6	0.0
R_Tr_AAC7	0.0
R_Tr_GGM	0.025025852138192164
R_Tr_GGC	-0.6754892465669882
R_Tr_UUM	1.0165440575707334e-05
R_Tr_UUC	-0.15345892695061228
R_Tr_CCM	1.0803627069455262e-05
R_Tr_CCC	0.00019245855065225248
R_Tr_BT11	0.005245656832594009
R_Tr_BT12	0.0
R_Tr_BT13	0.0
R_Tr_BT14	0.0
R_Tr_BT15	0.0
R_Tr_BT16	0.0
R_Tr_Pluto1	0.0
R_Tr_Pluto2	0.0
R_Tr_Pluto3	0.0
R_Tr_GMP_h	0.00016967598337191758
R_Tr_CMP_h	0.00011081725171463346
R_Tr_UMP_h	8.842707503994851e-05
R_Tr_GMP_m	1.3693570847298636e-05
R_Tr_CMP_m	1.0803627069455262e-05
R_Tr_UMP_m	1.0165440575707334e-05
R_Tr_dATP_h	1.4448404482688903e-07
R_Tr_dGTP_h	8.138801149673461e-08
R_Tr_dCTP_h	8.147834225311279e-08
R_Tr_dTTP_h	1.4430338331413268e-07
R_Tr_dATP_m	1.44484044826889e-07
R_Tr_dGTP_m	8.138801149673461e-08
R_Tr_dCTP_m	8.147834225311279e-08
R_Tr_dTTP_m	1.4430338331413268e-07
R_Tr_AMP_m	1.266565954959227e-05
R_Tr_NDT1_h	0.9425682589703126
R_Tr_NDT1_m	0.0
R_Tr_NDT1_nicrnt	0.0
R_Tr_NDT2_h	-0.9425682950187104
R_Tr_NDT2_m	0.0
R_Tr_NADP_m	0.0
R_Tr_NDT2_nicrnt	0.0
R_Tr_TPT1	-3.5197254631083843
R_Tr_TPT2	4.401895654870542
R_Tr_TPT3	0.0
R_Tr_PPT	-0.4148263077825691
R_Tr_GCA1	1.2433032258501866
R_Tr_GCEA1	1.136400412571451
R_Tr_GPT1	-0.15965791881942745
R_Tr_pGlc	0.003884030410766602
R_Tr_Mex1	0.0005485071487426758
R_Tr_PLT5	0.0
R_Tr_DIC1	0.04709789777382767
R_Tr_DIC2	0.014126283939361573
R_Tr_DIT1	0.0
R_Tr_DIT2	0.35003769165061693
R_Tr_DTC1A	0.0
R_Tr_DTC1B	-0.09301033880644326
R_Tr_DTC1C	0.0
R_Tr_DTC2A	1.0000901426305067
R_Tr_DTC2B	0.0
R_Tr_DTC2C	0.0
R_Tr_DTC3A	-1.0000901426305067
R_Tr_DTC3B	-0.03593931824676972
R_Tr_DTC3C	0.0
R_Tr_DTC4A	0.0
R_Tr_DTC4B	0.0
R_Tr_DTC4C	0.0
R_Tr_SFC	0.0
R_Tr_P5C1	0.022507027505574984
R_Tr_P5C2	1.2603210624869787
R_Tr_X5P	0.005071884824790575
R_Tr_Fum	0.045418570053709265
R_Tr_HCys	0.01068622614187959
R_Tr_ORO	0.005067086076589344
R_Tr_DHO1	0.005067086076589344
R_Tr_DHO2	0.005067086076589344
R_Tr_PPi	-0.012553407581709763
R_Tr_GlySer	2.3756948203387918
R_Tr_O2h	-8.78564215251536
R_Tr_O2m	1.7848380409392512
R_Tr_O2x	0.6216516129250933
R_Tr_CO2h	5.849489622245449
R_Tr_CO2m	-1.316321403818735
R_Tr_CO2x	0.05423319107218741
R_Tr_H2Oh	6.653310937523744
R_Tr_H2Om	-11.323557482509669
R_Tr_H2Ox	-1.2433032258501866
R_Tr_Hx	-0.05423319107218738
R_Tr_NH41	0.8580513322414351
R_Tr_NH42	-1.0900169669341964
R_Tr_H2S1	0.012258002145189547
R_Tr_H2S2	0.0
R_Tr_AC1	0.20780037159628809
R_Tr_AC2	0.0
R_Tr_Pyr1	0.7728950440662358
R_Tr_Pyr2	0.02624989707366884
R_Tr_Pyr3	0.0
R_Tr_GCA2	1.2433032258501866
R_Tr_GCEA2	-1.136400412571451
R_Tr_Mal	1.136400412571451
R_Tr_OAA	-1.136400412571451
R_Tr_KG	-0.1069028132787353
R_TrAA_Ala1	0.0
R_TrAA_Arg1	0.0
R_TrAA_Asn1	0.0
R_TrAA_Asp	0.0
R_TrAA_Cys	0.0
R_TrAA_Glu1	0.1069028132787353
R_TrAA_Gln	0.0
R_TrAA_Gly	-1.2433032258501864
R_TrAA_His1	0.0
R_TrAA_Ile1	0.0
R_TrAA_Leu1	0.0
R_TrAA_Lys1	0.0
R_TrAA_Met1	0.0
R_TrAA_Phe1	0.0
R_TrAA_Pro1	0.0
R_TrAA_Ser1	1.136400412571451
R_TrAA_Thr1	0.0
R_TrAA_Trp1	0.0
R_TrAA_Tyr1	0.0
R_TrAA_Val1	0.0
R_Tr_Mev5P	-0.05423319107218741
R_Tr_ipdp1	0.05423319107218741
R_Tr_dmpp1	0.0
R_Tr_ipdp2	-0.05423319107218741
R_Tr_dmpp2	0.0
R_Tr_ATP_x	-0.10846638214437482
R_Tr_Pi_x	0.05423319107218741
R_Tr_Pi_m	8.905169877576592
R_TrAA_BAT11	-0.025105055517991567
R_TrAA_BAT12	0.0012189910448355593
R_TrAA_BAT13	0.0
R_TrAA_BAT14	0.0004581579023515297
R_TrAA_BAT15	0.0
R_TrAA_BAC1	0.0
R_TrAA_BAC2	0.0
R_TrAA_ProU	1.2601861175734763
R_TrAA_ProA	0.0
R_TrAA_Ala2	0.0
R_TrAA_Arg2	0.018659587547640216
R_TrAA_Asn2	0.004385418578709211
R_TrAA_Asn3	0.000427609504144753
R_TrAA_Cys2	0.00018193340292487706
R_TrAA_Gln2	-0.034849168148334726
R_TrAA_Glu2	0.4471275579804579
R_TrAA_Gly2	-0.9377098845654771
R_TrAA_His2	0.006142459512459154
R_TrAA_His3	0.0001796574329388791
R_TrAA_Ile2	0.018448349404655163
R_TrAA_Ile3	0.000974843099838911
R_TrAA_Leu2	0.030982930554860656
R_TrAA_Leu3	0.001588134011145368
R_TrAA_Lys2	0.0218600489215393
R_TrAA_Met2	0.002594571299027583
R_TrAA_Met3	0.0003996611260431794
R_TrAA_Phe2	0.014835206599878036
R_TrAA_Phe3	0.0008058921145054243
R_TrAA_Pro2	0.006248686801822709
R_TrAA_Ser2	0.0
R_TrAA_Ser3	1.1891663595792588
R_TrAA_Thr2	0.2222095249676252
R_TrAA_Thr3	0.0005755282570539758
R_TrAA_Trp2	0.00413102669883138
R_TrAA_Trp3	0.00010877773671463253
R_TrAA_Tyr2	0.009610174105648973
R_TrAA_Tyr3	0.00040820125762533823
R_TrAA_Val2	0.024038253057285245
R_TrAA_Val3	0.000844379516827698
R_TrRib_h	2.071163014990034e-05
R_TrRib_m	0.0
R_Tr_Mg2_h	0.004832785799407873
R_Tr_Mn2_h	0.0
R_Tr_Zn2_h	1.1395140023425541e-07
R_Tr_Fe2_h	0.0001933569783158836
R_Tr_Cobalt2_h	0.0
R_Tr_Cu_h	0.0
R_Tr_Ca_h	0.0
R_Tr_KH_h	0.0
R_Tr_Cu_l	0.0
R_Tr_SAM_h	0.004707319926369827
R_Tr_Mg2_m	0.0
R_Tr_Mn2_m	0.0
R_Tr_Zn2_m	0.0
R_Tr_Fe2_m	0.0
R_Tr_Cu_m	1.2405912214581015e-06
R_Si_H	-0.020782239658812242
R_Im_hnu	91.92651815834768
R_Im_CO2	5.06220973792131
R_Im_H2O	3.5633874321042702
R_Im_Pi	0.010438794362339127
R_Im_NO3	0.9273574617488394
R_Im_NH4	0.0
R_Im_SO4	0.0
R_Im_H2S	0.01775535042982354
R_Im_Mg2	0.004864131847019235
R_Im_Fe2	0.00029790414600404147
R_Im_Mn2	4.693588630881821e-07
R_Im_Cob2	1.5175666137317393e-05
R_Im_Cd2	0.0
R_Im_Zn2	3.816337904052076e-06
R_Im_Cu	1.3221009279422433e-05
R_Im_Ni2	0.0
R_Im_Ca2	1.0107257906184315e-08
R_Im_K	1.1218014083683609e-06
R_Im_Cl	0.0
R_Ex_O2	-6.379152498651015
R_Ex_Ala_c	0.0
R_Ex_Arg_c	0.0
R_Ex_Asn_c	0.0
R_Ex_Asp_c	0.0
R_Ex_Cys_c	0.0
R_Ex_Gln_c	0.0
R_Ex_Glu_c	0.0
R_Ex_Gly_c	0.0
R_Ex_His_c	0.0
R_Ex_Ile_c	0.0
R_Ex_Leu_c	0.0
R_Ex_Lys_c	0.0
R_Ex_Met_c	0.0
R_Ex_Phe_c	0.0
R_Ex_Pro_c	0.0
R_Ex_Ser_c	0.0
R_Ex_Thr_c	0.0
R_Ex_Trp_c	0.0
R_Ex_Tyr_c	0.0
R_Ex_Val_c	0.0
R_Ex_starch	0.0
R_Ex_Glc	0.0
R_Ex_Frc	0.0
R_Ex_Suc	0.0
R_Ex_cellulose	0.0
R_Ex_Mas	0.0
R_Ex_MACP	0.0
R_Ex_Tre	0.0
R_NGAM_c	0.0
R_NGAM_h	0.0
R_NGAM_m	0.0
R_maintenance_atp	7.2667
