Enzyme	Concentration
R_PSII_h_enzyme	1.3863023213519978e-05
R_Cytb6f_h_enzyme	3.7999121651192856e-05
R_PSI_h_enzyme	7.599824330238571e-05
R_Fd_DASH_NADPR_h_enzyme	3.1904298911428885e-05
R_ATPase_h_enzyme	1.6285337850511223e-05
R_RBC_h_enzyme	7.489983470807053e-05
R_PGAK_h_enzyme	3.095659304451752e-05
R_GAPDH1_h_enzyme	3.0264045569624043e-05
R_TPI_h_enzyme	9.509491291654843e-06
R_FBPA_h_enzyme	0.0
R_FBPase_h_enzyme	0.0
R_FTK_h_enzyme	4.5512536894744375e-06
R_SBPA_h_enzyme	9.509491291654843e-06
R_SBPase_h_enzyme	9.509491291654843e-06
R_STK_h_enzyme	4.481068118406482e-06
R_Ru5PE_h_enzyme	9.02393575521433e-06
R_R5PI_h_enzyme	4.444610857557903e-06
R_Ru5PK_h_enzyme	1.346847812111513e-05
R_PGI_h_enzyme	4.771694837739228e-07
R_PGM_h_enzyme	2.1318482964127152e-07
R_AGPase_h_enzyme	2.1318482964127152e-07
R_StS_h1_enzyme	1.0613895322279956e-07
R_StS_h2_enzyme	1.0338141084348083e-07
R_StS_h3_enzyme	3.664465574991136e-09
R_bAMY1_h_enzyme	3.664465574991136e-09
R_bAMY2_h_enzyme	0.0
R_DPE11_h_enzyme	3.664465574991136e-09
R_DPE12_h_enzyme	2.757542379318722e-09
R_DPE13_h_enzyme	0.0
R_DPE2_c_enzyme	0.0
R_HEXK_c_enzyme	0.0
R_StP1_h_enzyme	0.0
R_StP21_c_enzyme	0.0
R_TPI_c_enzyme	1.4840926928494981e-08
R_FBPA_c_enzyme	1.4840926928494981e-08
R_FBPase_c_enzyme	1.4840926928494981e-08
R_F6PK2_c_enzyme	0.0
R_F26BPPh_c_enzyme	0.0
R_PGI_c_enzyme	0.0
R_G6PDH_c_enzyme	0.0
R_6PGL_c_enzyme	0.0
R_6PGDHNADP_c_enzyme	2.084724196222117e-07
R_6PGDHNAD_c_enzyme	2.084724196222117e-07
R_Ru5PE_c_enzyme	8.386052666590936e-09
R_R5PI_c_enzyme	8.386052666590936e-09
R_PGM_c_enzyme	2.637840007032667e-07
R_UGPase_c_enzyme	2.637840007032667e-07
R_S6PS_c_enzyme	1.4840926928494974e-08
R_S6PPh_c_enzyme	1.4840926928494974e-08
R_SucS_c_enzyme	4.182561932417451e-09
R_FrcFD_c_enzyme	0.0
R_FrcK_c_enzyme	0.0
R_TPS_c_enzyme	2.0065342938458479e-10
R_TPP_c_enzyme	2.0065342938458479e-10
R_CeS_c1_enzyme	1.264624911389023e-07
R_CeS_c2_enzyme	1.264624911389023e-07
R_CeS_c3_enzyme	0.0
R_MalDH1_c_enzyme	4.091111038267345e-06
R_PEPC1_c_enzyme	0.0
R_PEPC2_c_enzyme	7.934780890574236e-07
R_Enol_c_enzyme	1.4289262030597985e-06
R_PGAM_c_enzyme	1.4289262030597985e-06
R_PGAK_c_enzyme	7.247083153782723e-06
R_GAPDH2_c_enzyme	7.247083153782723e-06
R_GAPDH3_c_enzyme	0.0
R_F6PK1_c_enzyme	0.0
R_F6PK1_h_enzyme	0.0
R_GAPDH2_h_enzyme	6.925474748934754e-07
R_PGAM_h_enzyme	0.0
R_Enol_h_enzyme	0.0
R_PyrK_c_enzyme	1.3208713145977063e-06
R_PyrK_h_enzyme	0.0
R_PyrDH1_m_enzyme	0.0
R_PyrDH2_m_enzyme	0.0
R_DHLAcT_m_enzyme	0.0
R_DHLDH2_m_enzyme	0.0
R_CitS_m_enzyme	0.0
R_cACNDHA_m_enzyme	0.0
R_cACNHA_m_enzyme	0.0
R_iCitDHNAD_m_enzyme	1.1064516717425963e-07
R_KGDH_m_enzyme	0.0
R_DHLST_m_enzyme	0.0
R_SCACoAL_m_enzyme	0.0
R_cplx2_m_enzyme	2.335695095793911e-08
R_FumHA_m_enzyme	0.0
R_MalDH1_m_enzyme	1.714105204022971e-06
R_cplx1_m_enzyme	5.870877689892446e-06
R_cplx3_m_enzyme	5.902612759073174e-06
R_cplx4_m_enzyme	2.951306379536587e-06
R_cplx5_m_enzyme	1.4724796828502203e-05
R_RBO_h_enzyme	0
R_PGP_h_enzyme	3.634947386686793e-06
R_GCAO_x_enzyme	2.0538633663782813e-06
R_CAT_x_enzyme	1.0269316831891407e-06
R_GGAT_x_enzyme	1.7489290951320886e-07
R_GlyDH_m_enzyme	1.963248351772674e-06
R_AMT_m_enzyme	1.963248351772674e-06
R_DHLDH1_m_enzyme	1.963248351772674e-06
R_GlyHMT_m_enzyme	1.963248351772674e-06
R_SGAT_x_enzyme	1.8789704568650727e-06
R_GCEADH_x_enzyme	1.8789704568650727e-06
R_MalDH1_x_enzyme	1.8789704568650727e-06
R_GCEAK_h_enzyme	1.8789704568650727e-06
R_G6PDH_h_enzyme	0.0
R_6PGL_h_enzyme	0.0
R_6PGDHNAD_h_enzyme	0.0
R_6PGDHNADP_h_enzyme	0.0
R_TA_h_enzyme	5.02842317324836e-06
R_DAHPS_h_enzyme	7.018557106795619e-08
R_DHQS_h_enzyme	7.018557106795619e-08
R_DHQDH_h_enzyme	7.018557106795619e-08
R_SADH_h_enzyme	7.018557106795619e-08
R_SAK_h_enzyme	7.005377148613581e-08
R_EPSPS_h_enzyme	7.005377148613581e-08
R_CHRS_h_enzyme	7.005377148613581e-08
R_R5PDPK_h_enzyme	3.64572608485784e-08
R_R5PDPK_c_enzyme	8.378118222789385e-09
R_PyrPiDK_h_enzyme	8.256625431494231e-07
R_MalDH2NADP_c_enzyme	0.0
R_MalDH2NADP_h_enzyme	0.0
R_MalDHNAD_m_enzyme	0.0
R_MalDH1_h_enzyme	5.787662024474335e-07
R_MalDH3_c_enzyme	0.0
R_MalDH3_h_enzyme	0.0
R_MalDH3_m_enzyme	0.0
R_CitS_c_enzyme	2.3656808008722243e-07
R_CitS_h_enzyme	0.0
R_cACNDHA_c_enzyme	2.3656808008722243e-07
R_cACNDHA_h_enzyme	0.0
R_cACNHA_c_enzyme	2.3656808008722243e-07
R_cACNHA_h_enzyme	0.0
R_iCitDHNAD_c_enzyme	0.0
R_iCitDHNADP_c_enzyme	0.0
R_iCitDHNADP_h_enzyme	0.0
R_iCitDHNADP_m_enzyme	1.0256596195502368e-07
R_iCitL_c_enzyme	2.335695095793911e-08
R_MalS_c_enzyme	2.335695095793911e-08
R_ATPCitL_c_enzyme	0.0
R_ACoAS_h_enzyme	3.6385318701818324e-07
R_ACoAC_h_enzyme	2.7106783904726544e-07
R_ACPM_h_enzyme	2.7106783904726544e-07
R_PPiase_h_enzyme	1.923741511155579e-06
R_PPIase_c_enzyme	8.885763945917944e-07
R_PPIF6PK_c_enzyme	0.0
R_ForDH_h_enzyme	3.4010596600983954e-08
R_ForTHFL_h_enzyme	3.411333408663895e-08
R_DHFR_c_enzyme	2.390740576732158e-10
R_TRXR_c_enzyme	7.482756108707851e-10
R_ADNK_c_enzyme	7.783348088754858e-09
R_ADNN_c_enzyme	0.0
R_ADPRPPT_c_enzyme	0.0
R_ADPRPPT_h_enzyme	0.0
R_URAPRPPT_h_enzyme	0.0
R_RibK_h_enzyme	0.0
R_NO3R1_c_enzyme	1.1406139875745661e-06
R_NO3R2_c_enzyme	0.0
R_NO2R_h_enzyme	1.1406139875745661e-06
R_ATPSL_h_enzyme	0.0
R_APSR_h_enzyme	0.0
R_GSSGR_h_enzyme	0.0
R_SO3R_h_enzyme	0.0
R_HCO3DHA_c_enzyme	7.934780890574236e-07
R_HCO3DHA_h_enzyme	3.204295895632543e-07
R_AlaTA_h_enzyme	1.8702778203015236e-08
R_AlaTA_m_enzyme	4.340253885630404e-08
R_AlaTA_x_enzyme	0.0
R_AGluK_enzyme	4.1535012180714755e-08
R_AGluPR_h_enzyme	4.1535012180714755e-08
R_AOrnTA_h_enzyme	4.1535012180714755e-08
R_AOrnAGluAcT_h_enzyme	4.1535012180714755e-08
R_CBPS_h_enzyme	4.936175051598886e-08
R_OrnCMT_h_enzyme	4.0983632293199475e-08
R_ArgSCAS_h_enzyme	4.0983632293199475e-08
R_ArgSCAL_h_enzyme	4.0983632293199475e-08
R_FumHA_c_enzyme	7.509696637983842e-08
R_AsnS_c_enzyme	3.072814306564766e-08
R_AspAT_c_enzyme	5.8147645799780415e-08
R_AspAT_h_enzyme	5.787662024474335e-07
R_AspAT_m_enzyme	7.269857911173013e-10
R_AspAT_x_enzyme	0.0
R_Asnase_c_enzyme	0.0
R_SerAcT_c_enzyme	9.089506877789859e-09
R_SerAcT_h_enzyme	2.0267852723254017e-08
R_SerAcT_m_enzyme	0.0
R_CysS_c_enzyme	9.089506877789859e-09
R_CysS_h_enzyme	2.0267852723254017e-08
R_CysS_m_enzyme	0.0
R_GluSNADP_h_enzyme	0.0
R_GluDH3NADP_c_enzyme	3.868280952356353e-07
R_Glnase_c_enzyme	0.0
R_GluSNAD_h_enzyme	0.0
R_GluSFd_h_enzyme	2.552179043280356e-06
R_GluDH1NAD_m_enzyme	0.0
R_GluDH1NADP_m_enzyme	1.0256596195502368e-07
R_GluDH2NAD_m_enzyme	0.0
R_GluDC_c_enzyme	3.267186659353751e-11
R_GABATA1_m_enzyme	0.0
R_GABATA2_m_enzyme	0.0
R_SCASeADH_m_enzyme	0.0
R_GlnS_c_enzyme	0.0
R_GlnS_h_enzyme	2.653462472322152e-06
R_GlnS_m_enzyme	5.84043822038108e-08
R_ThrA_c_enzyme	3.3449582741713936e-07
R_ACDOxRed_c_enzyme	3.3449582741713936e-07
R_GCAO_h_enzyme	1.5810840203085113e-06
R_CAT_h_enzyme	8.023778643100955e-07
R_SGAT_h_enzyme	0.0
R_GCEADH_h_enzyme	0.0
R_GGAT_h_enzyme	1.5810840203085113e-06
R_ATPPRT_h_enzyme	1.63653793904542e-08
R_PrATPDP_h_enzyme	1.63653793904542e-08
R_PrAMPCy_h_enzyme	1.63653793904542e-08
R_PAICARPI_h_enzyme	1.63653793904542e-08
R_IGPS_h_enzyme	1.63653793904542e-08
R_IGPDA_h_enzyme	1.63653793904542e-08
R_HisolPTA_h_enzyme	1.63653793904542e-08
R_HisolPP_h_enzyme	1.63653793904542e-08
R_HisolPDH_h_enzyme	1.63653793904542e-08
R_HisalPDH_h_enzyme	1.63653793904542e-08
R_ThrDA_h_enzyme	4.298044044902503e-08
R_ALS1_h_enzyme	1.698225082159555e-07
R_ALS2_h_enzyme	4.298044044902503e-08
R_KARI1_h_enzyme	4.298044044902503e-08
R_KARI2_h_enzyme	4.298044044902503e-08
R_DHADA1_h_enzyme	4.298044044902503e-08
R_BAATA1_h_enzyme	4.298044044902503e-08
R_ALS3_h_enzyme	1.2684206776693047e-07
R_KARI3_h_enzyme	1.2684206776693047e-07
R_KARI4_h_enzyme	1.2684206776693047e-07
R_DHADA2_h_enzyme	1.2684206776693047e-07
R_2IPMS_h_enzyme	7.251749524766379e-08
R_3IPMDA1_h_enzyme	7.251749524766379e-08
R_3IPMDA2_h_enzyme	7.251749524766379e-08
R_3IPMDH_h_enzyme	7.251749524766379e-08
R_IPODC_h_enzyme	0
R_BAATA2_h_enzyme	7.251749524766379e-08
R_AspK_h_enzyme	4.86024432443972e-07
R_Asp_DASH_SeADH_h_enzyme	4.86024432443972e-07
R_DHDS_h_enzyme	4.452405654422598e-08
R_DHDRNAD_h_enzyme	0.0
R_DHDRNADP_h_enzyme	4.452405654422598e-08
R_DAPAT_h_enzyme	4.452405654422598e-08
R_DAPE_h_enzyme	4.452405654422598e-08
R_DAPDC_h_enzyme	4.452405654422598e-08
R_HSerDHNADP_h_enzyme	4.4150037589974604e-07
R_HSerDHNAD_h_enzyme	0.0
R_HSerK_h_enzyme	4.4150037589974604e-07
R_CTHS_h_enzyme	1.766900778803281e-08
R_CTHL_h_enzyme	1.766900778803281e-08
R_5M_DASH_THFOR_c_enzyme	2.545235587678767e-08
R_MetS_c_enzyme	2.545235587678767e-08
R_GlyHMT_c_enzyme	2.5691429934460885e-08
R_MetAdT_h_enzyme	7.783348088754858e-09
R_HCysMT_c_enzyme	0.0
R_Cysase_c_enzyme	7.783348088754858e-09
R_CHRM_c_enzyme	5.8835867376103975e-08
R_GPAT_h_enzyme	5.8835867376103975e-08
R_AGNDA_h_enzyme	3.604627355286718e-08
R_Arginase_m_enzyme	9.871518990350149e-10
R_Urease_m_enzyme	0.0
R_OrnAT_m_enzyme	9.871518990350149e-10
R_GluK_c_enzyme	0.0
R_GluK_h_enzyme	3.7214075974192636e-08
R_GluK_m_enzyme	0.0
R_GluSeADH_c_enzyme	0.0
R_GluSeADH_h_enzyme	3.7214075974192636e-08
R_GluSeADH_m_enzyme	0.0
R_GluSeADA_c_enzyme	0
R_GluSeADA_h_enzyme	0
R_GluSeADA_m_enzyme	0
R_P5CRNAD_c_enzyme	2.1210801947957687e-06
R_ProDHNAD_m_enzyme	2.082878966922541e-06
R_ProDHNADP_m_enzyme	0.0
R_P5CDHNAD_h_enzyme	0.0
R_P5CDHNAD_m_enzyme	0.0
R_P5CDHNADP_m_enzyme	0.0
R_PGADH_h_enzyme	4.2543218613942175e-08
R_PSerAT_h_enzyme	4.2543218613942175e-08
R_PSerP_h_enzyme	4.2543218613942175e-08
R_SerRM_c_enzyme	0.0
R_ThrS_h_enzyme	4.238313681117132e-07
R_ANTS_h_enzyme	1.1217904110031834e-08
R_ANTPRT_h_enzyme	1.1217904110031834e-08
R_PRANTI_h_enzyme	1.1217904110031834e-08
R_IndGPS_h_enzyme	1.1217904110031834e-08
R_IndGPL_h_enzyme	1.1217904110031834e-08
R_TrpS_h_enzyme	1.1217904110031834e-08
R_AGNDH_h_enzyme	2.278959382323679e-08
R_BAATA3_h_enzyme	5.432457251926669e-08
R_ALATRS_c_enzyme	4.1465888475281535e-08
R_ALATRS_m_enzyme	1.8930450294482943e-09
R_ALATRS_h_enzyme	1.8702778203015236e-08
R_ARGTRS_c_enzyme	2.6405755246193818e-08
R_ARGTRS_m_enzyme	1.02844037690744e-09
R_ARGTRS_h_enzyme	1.0131193454900606e-08
R_ASNTRS_c_enzyme	2.1629592408809012e-08
R_ASNTRS_m_enzyme	7.070708081781843e-10
R_ASNTRS_h_enzyme	7.251068015053766e-09
R_ASPTRS_c_enzyme	2.7162166170598545e-08
R_ASPTRS_m_enzyme	7.269857911173013e-10
R_ASPTRS_h_enzyme	9.266685400835254e-09
R_CYSTRS_c_enzyme	8.788672119294664e-09
R_CYSTRS_m_enzyme	0.0
R_CYSTRS_h_enzyme	2.5988449352212053e-09
R_GLUTRS_c_enzyme	3.270803516198618e-08
R_GLUTRS_m_enzyme	1.0192070028265675e-09
R_GLUTRS_h_enzyme	7.519348974567283e-08
R_GLNTRS_c_enzyme	1.674716886888496e-08
R_GLUTRGLNS_m_enzyme	7.834033280550398e-10
R_GLNTRA_m_enzyme	7.834033280550398e-10
R_GLUTRGLNS_h_enzyme	6.590440329136672e-09
R_GLNTRA_h_enzyme	6.590440329136672e-09
R_GLYTRS_c_enzyme	3.801448475388737e-08
R_GLYTRS_m_enzyme	1.5730600241113292e-09
R_GLYTRS_h_enzyme	1.989827829385414e-08
R_HISTRS_c_enzyme	9.85908558141653e-09
R_HISTRS_m_enzyme	0.0
R_HISTRS_h_enzyme	6.209222472269989e-09
R_ILETRS_c_enzyme	2.8845377351809376e-08
R_ILETRS_m_enzyme	1.6119452535407912e-09
R_ILETRS_h_enzyme	1.2477253507600514e-08
R_LEUTRS_c_enzyme	4.8568534948960604e-08
R_LEUTRS_m_enzyme	2.6260483237354083e-09
R_LEUTRS_h_enzyme	2.1289180123339562e-08
R_LYSTRS_c_enzyme	3.528416886507273e-08
R_LYSTRS_m_enzyme	7.575839086781871e-10
R_LYSTRS_h_enzyme	8.379975247979564e-09
R_METTRS_c_enzyme	1.2626817077291759e-08
R_FMETTRS_c_enzyme	0.0
R_FMETTRS_m_enzyme	0.0
R_FMETTRS_h_enzyme	0.0
R_METTRS_m_enzyme	6.608569717924022e-10
R_METTRS_h_enzyme	4.2899943072061375e-09
R_PHETRS_c_enzyme	2.2931568379148075e-08
R_PHETRS_m_enzyme	1.332577513852383e-09
R_PHETRS_h_enzyme	1.1517207859133595e-08
R_PROTRS_c_enzyme	2.692198824082836e-08
R_PROTRS_m_enzyme	7.640768025039334e-10
R_PROTRS_h_enzyme	1.0331882728997227e-08
R_SERTRS_c_enzyme	4.781312361382355e-08
R_SERTRS_m_enzyme	1.394409912007507e-09
R_SERTRS_h_enzyme	1.1057461780656321e-08
R_THRTRS_c_enzyme	2.9690799474092397e-08
R_THRTRS_m_enzyme	9.51660878750271e-10
R_THRTRS_h_enzyme	1.3440956424316346e-08
R_TRPTRS_c_enzyme	6.533381859968614e-09
R_TRPTRS_m_enzyme	0.0
R_TRPTRS_h_enzyme	4.387502613468397e-09
R_TYRTRS_c_enzyme	1.5108627688423943e-08
R_TYRTRS_m_enzyme	6.749784501297381e-10
R_TYRTRS_h_enzyme	6.899745905961233e-09
R_VALTRS_c_enzyme	3.8286556227427646e-08
R_VALTRS_m_enzyme	1.3962180659141503e-09
R_VALTRS_h_enzyme	1.4578967178574105e-08
R_ATase_h_enzyme	8.873977348092372e-09
R_PRAGlyL_h_enzyme	8.873977348092372e-09
R_GARFT_h_enzyme	8.873977348092372e-09
R_FGAMS_h_enzyme	8.873977348092372e-09
R_FGAMCL_h_enzyme	8.873977348092372e-09
R_AIRC_h_enzyme	8.873977348092372e-09
R_SAICARS_h_enzyme	8.873977348092372e-09
R_DCAMPL1_h_enzyme	8.873977348092372e-09
R_AICARFT_h_enzyme	2.523935673854657e-08
R_IMPCH_h_enzyme	2.523935673854657e-08
R_AMPDA_c_enzyme	5.15101493682614e-09
R_IMPDH_c_enzyme	5.15101493682614e-09
R_GMPS_c_enzyme	5.15101493682614e-09
R_DCAMPS_h_enzyme	2.523935673854657e-08
R_DCAMPL2_h_enzyme	2.523935673854657e-08
R_AspCT_h_enzyme	8.378118222789385e-09
R_DHOase_h_enzyme	8.378118222789385e-09
R_DHODH_m_enzyme	8.378118222789385e-09
R_OROPRT_c_enzyme	8.378118222789385e-09
R_OMPDC_c_enzyme	8.378118222789385e-09
R_CTPS_c_enzyme	4.47735773725859e-09
R_AMPK_c_enzyme	0.0
R_AMPK_h_enzyme	0.0
R_AMPK_m_enzyme	2.1696489133067736e-06
R_GMPK_c_enzyme	4.847821261605129e-09
R_GMPK_h_enzyme	0.0
R_GMPK_m_enzyme	0.0
R_NMPK_c_enzyme	8.215099583888618e-09
R_NMPK2_c_enzyme	0.0
R_NMPK_h_enzyme	0.0
R_NMPK2_h_enzyme	1.209849644147165e-07
R_NMPK_m_enzyme	0.0
R_NMPK2_m_enzyme	0.0
R_CTPP_c_enzyme	0.0
R_GDPP_m_enzyme	0.0
R_GDPP_h_enzyme	0.0
R_GDPP_c_enzyme	0.0
R_UDPP_m_enzyme	0.0
R_UDPP_h_enzyme	0.0
R_UDPP_c_enzyme	0.0
R_CDPP_m_enzyme	0.0
R_CDPP_h_enzyme	0.0
R_CDPP_c_enzyme	0.0
R_ADPP_m_enzyme	0.0
R_ADPP_h_enzyme	0.0
R_ADPP_c_enzyme	0.0
R_GDPK_c_enzyme	0.0
R_GDPK_h_enzyme	1.5673822456634577e-06
R_GDPK_m_enzyme	0.0
R_UDPK_c_enzyme	1.850453328695386e-08
R_UDPK_h_enzyme	2.534185115814287e-07
R_UDPK_m_enzyme	0.0
R_CDPK_c_enzyme	0.0
R_CDPK_h_enzyme	1.2066674483971773e-07
R_CDPK_m_enzyme	0.0
R_ADPR_c_enzyme	2.3937336791756416e-10
R_CDPR_c_enzyme	1.3498892020108964e-10
R_GDPR_c_enzyme	1.348392650789155e-10
R_UDPR_c_enzyme	2.390740576732158e-10
R_dUTPP_c_enzyme	2.390740576732158e-10
R_dTMPS_c_enzyme	2.390740576732158e-10
R_dTMPK_c_enzyme	2.390740576732158e-10
R_dADPK_c_enzyme	0.0
R_dADPK_h_enzyme	0.0
R_dADPK_m_enzyme	0.0
R_dCDPK_c_enzyme	1.3498892020108964e-10
R_dCDPK_h_enzyme	0.0
R_dCDPK_m_enzyme	0.0
R_dGDPK_c_enzyme	1.348392650789155e-10
R_dGDPK_h_enzyme	0.0
R_dGDPK_m_enzyme	0.0
R_dTDPK_c_enzyme	2.390740576732158e-10
R_dTDPK_h_enzyme	0.0
R_dTDPK_m_enzyme	0.0
R_dUDPK_c_enzyme	2.390740576732158e-10
R_dUDPK_h_enzyme	0.0
R_dUDPK_m_enzyme	0.0
R_RibA13_h_enzyme	0.0
R_PYRD_h_enzyme	0.0
R_PYRR_h_enzyme	0.0
R_AtPyrP2_h_enzyme	0.0
R_RibA12_h_enzyme	0.0
R_LUMZS_h_enzyme	6.849165710332497e-11
R_RIBS_h_enzyme	0.0
R_RIBVK_h_enzyme	0.0
R_FMNH_h_enzyme	0.0
R_FADS_h_enzyme	0.0
R_FADDP_h_enzyme	0.0
R_RIBVK_c_enzyme	0.0
R_FMNH_c_enzyme	0.0
R_FADS_c_enzyme	0.0
R_RIBVK_m_enzyme	0.0
R_FADS_m_enzyme	0.0
R_FADDP_m_enzyme	0.0
R_FMNH_m_enzyme	0.0
R_AspOx_h_enzyme	0.0
R_QuinS_h_enzyme	0.0
R_QuinPRPP_h_enzyme	0.0
R_NNATr_c_enzyme	0.0
R_NADS_c_enzyme	0.0
R_NADK1_c_enzyme	0.0
R_NADHK1_c_enzyme	0.0
R_NADK2_h_enzyme	0.0
R_PyPPS_c_enzyme	0.0
R_GLUTRR_h_enzyme	6.312772673389636e-08
R_G1SAT_h_enzyme	6.312772673389636e-08
R_PPBNGS_h_enzyme	3.156386336694818e-08
R_HMBS_h_enzyme	7.890965841737046e-09
R_UPP3S_h_enzyme	7.890965841737046e-09
R_UPPDC1_h_enzyme	7.890569437226495e-09
R_CPPPGO_h_enzyme	7.890569437226495e-09
R_PPPGO_h_enzyme	7.890569437226495e-09
R_FCLT_h_enzyme	0.0
R_MGCLT_h_enzyme	7.782555279733759e-09
R_MPMT_h_enzyme	7.782555279733759e-09
R_MPMECY3_h_enzyme	7.782555279733759e-09
R_POR_1_h_enzyme	7.782555279733759e-09
R_DVOCHR_h_enzyme	7.782555279733759e-09
R_CHLOXG_h_enzyme	2.6055104905817056e-09
R_CHPHYS_h_enzyme	0.0
R_CHPHYS2_h_enzyme	5.177044789152052e-09
R_GGDPR4_h_enzyme	5.177044789152052e-09
R_GGDPR5_h_enzyme	5.177044789152052e-09
R_GGDPR6_h_enzyme	5.177044789152052e-09
R_CHPHYSB_h_enzyme	2.6055104905817056e-09
R_CHPBR_h_enzyme	0.0
R_7HCHPR_h_enzyme	0.0
R_GGDPR1_h_enzyme	2.6055104905817056e-09
R_GGDPR2_h_enzyme	2.6055104905817056e-09
R_GGDPR3_h_enzyme	2.6055104905817056e-09
R_UPP3MT_h_enzyme	0.0
R_UPP3MT_2_h_enzyme	0.0
R_SHCHD_h_enzyme	0.0
R_SHCHF_h_enzyme	0.0
R_DXPS_h_enzyme	1.2080173375991882e-07
R_DXRI_h_enzyme	1.2080173375991882e-07
R_MEPCT_h_enzyme	1.2080173375991882e-07
R_CDPMEK_h_enzyme	1.2080173375991882e-07
R_MCS_h_enzyme	1.2080173375991882e-07
R_HMBDPO_h_enzyme	1.2080173375991882e-07
R_DMPPS_h_enzyme	7.782555279733759e-09
R_IPDPS_h_enzyme	1.1301917848018505e-07
R_IPDDI_h_enzyme	0.0
R_GPPS_h_enzyme	7.782555279733759e-09
R_FPPS_h_enzyme	7.782555279733759e-09
R_GGPS_h_enzyme	7.782555279733759e-09
R_ACCT_c_enzyme	8.967151264098379e-08
R_HMGCOAS_c_enzyme	8.967151264098379e-08
R_HMGCOAR_c_enzyme	8.967151264098379e-08
R_MEVK1_c_enzyme	8.967151264098379e-08
R_PMEVK_x_enzyme	8.967151264098379e-08
R_DPMVD_x_enzyme	8.967151264098379e-08
R_IPDDI_x_enzyme	0.0
R_Tr_tRNAala_n_enzyme	0
R_Tr_tRNAarg_n_enzyme	0
R_Tr_tRNAasn_n_enzyme	0
R_Tr_tRNAasp_n_enzyme	0
R_Tr_tRNAcys_n_enzyme	0
R_Tr_tRNAgln_n_enzyme	0
R_Tr_tRNAglu_n_enzyme	0
R_Tr_tRNAgly_n_enzyme	0
R_Tr_tRNAhis_n_enzyme	0
R_Tr_tRNAile_n_enzyme	0
R_Tr_tRNAleu_n_enzyme	0
R_Tr_tRNAlys_n_enzyme	0
R_Tr_tRNAmet_n_enzyme	0
R_Tr_tRNAphe_n_enzyme	0
R_Tr_tRNApro_n_enzyme	0
R_Tr_tRNAser_n_enzyme	0
R_Tr_tRNAthr_n_enzyme	0
R_Tr_tRNAtrp_n_enzyme	0
R_Tr_tRNAtyr_n_enzyme	0
R_Tr_tRNAval_n_enzyme	0
R_Tr_ATP_n_enzyme	0
R_Tr_dATP_n_enzyme	0
R_Tr_GTP_n_enzyme	0
R_Tr_dGTP_n_enzyme	0
R_Tr_CTP_n_enzyme	0
R_Tr_dCTP_n_enzyme	0
R_Tr_UTP_n_enzyme	0
R_Tr_dTTP_n_enzyme	0
R_Tr_H2O_n_enzyme	0
R_Tr_H_n_enzyme	0
R_Tr_PPi_n_enzyme	0
R_Tr_tRNAala_m_enzyme	0.0
R_Tr_tRNAarg_m_enzyme	0.0
R_Tr_tRNAleu_m_enzyme	0.0
R_Tr_tRNAphe_m_enzyme	0.0
R_Tr_tRNAthr_m_enzyme	0.0
R_Tr_tRNAval_m_enzyme	0.0
R_Tr_SO4_enzyme	0.0
R_Tr_NO2_enzyme	1.1406139875745661e-06
R_Tr_NTT_enzyme	5.593789962955335e-06
R_Tr_AAC_enzyme	1.0325853313873602e-05
R_Tr_AAC2_enzyme	2.148948626900854e-06
R_Tr_AAC3_enzyme	0.0
R_Tr_AAC4_enzyme	0.0
R_Tr_AAC5_enzyme	0.0
R_Tr_AAC6_enzyme	0.0
R_Tr_AAC7_enzyme	0.0
R_Tr_GGM_enzyme	4.138132938610039e-08
R_Tr_GGC_enzyme	1.1168778964090412e-06
R_Tr_UUM_enzyme	0.0
R_Tr_UUC_enzyme	2.532723019379907e-07
R_Tr_CCM_enzyme	0.0
R_Tr_CCC_enzyme	0.0
R_Tr_BT11_enzyme	8.673432605419788e-09
R_Tr_BT12_enzyme	0.0
R_Tr_BT13_enzyme	0.0
R_Tr_BT14_enzyme	0.0
R_Tr_BT15_enzyme	0.0
R_Tr_BT16_enzyme	0.0
R_Tr_Pluto1_enzyme	0.0
R_Tr_Pluto2_enzyme	0.0
R_Tr_Pluto3_enzyme	0.0
R_Tr_GMP_h_enzyme	0.0
R_Tr_CMP_h_enzyme	0.0
R_Tr_UMP_h_enzyme	0.0
R_Tr_GMP_m_enzyme	0.0
R_Tr_CMP_m_enzyme	0.0
R_Tr_UMP_m_enzyme	0.0
R_Tr_dATP_h_enzyme	0.0
R_Tr_dGTP_h_enzyme	0.0
R_Tr_dCTP_h_enzyme	0.0
R_Tr_dTTP_h_enzyme	0.0
R_Tr_dATP_m_enzyme	0.0
R_Tr_dGTP_m_enzyme	0.0
R_Tr_dCTP_m_enzyme	0.0
R_Tr_dTTP_m_enzyme	0.0
R_Tr_AMP_m_enzyme	0.0
R_Tr_NDT1_h_enzyme	1.5580146759697034e-06
R_Tr_NDT1_m_enzyme	0.0
R_Tr_NDT1_nicrnt_enzyme	0.0
R_Tr_NDT2_h_enzyme	1.558014675969701e-06
R_Tr_NDT2_m_enzyme	0.0
R_Tr_NADP_m_enzyme	0.0
R_Tr_NDT2_nicrnt_enzyme	5.960401974712171e-14
R_Tr_TPT1_enzyme	5.818156950722924e-06
R_Tr_TPT2_enzyme	7.276772942083515e-06
R_Tr_TPT3_enzyme	0.0
R_Tr_PPT_enzyme	6.854232005953311e-07
R_Tr_GCA1_enzyme	2.0538633663782813e-06
R_Tr_GCEA1_enzyme	1.8789704568650727e-06
R_Tr_GPT1_enzyme	2.6398465413265124e-07
R_Tr_pGlc_enzyme	6.422007954309858e-09
R_Tr_Mex1_enzyme	0.0
R_Tr_PLT5_enzyme	0.0
R_Tr_DIC1_enzyme	1.0123061822533895e-07
R_Tr_DIC2_enzyme	0.0
R_Tr_DIT1_enzyme	0.0
R_Tr_DIT2_enzyme	5.787662024474335e-07
R_Tr_DTC1A_enzyme	0.0
R_Tr_DTC1B_enzyme	1.5378753992264596e-07
R_Tr_DTC1C_enzyme	0.0
R_Tr_DTC2A_enzyme	0.0
R_Tr_DTC2B_enzyme	0.0
R_Tr_DTC2C_enzyme	1.6305976780672772e-06
R_Tr_DTC3A_enzyme	0.0
R_Tr_DTC3B_enzyme	5.9423589206637355e-08
R_Tr_DTC3C_enzyme	1.6539546290252164e-06
R_Tr_DTC4A_enzyme	0.0
R_Tr_DTC4B_enzyme	0.0
R_Tr_DTC4C_enzyme	2.335695095793911e-08
R_Tr_SFC_enzyme	0.0
R_Tr_P5C1_enzyme	3.7214075974192636e-08
R_Tr_P5C2_enzyme	2.083866118821576e-06
R_Tr_X5P_enzyme	8.386052666590936e-09
R_Tr_Fum_enzyme	7.509696637983842e-08
R_Tr_HCys_enzyme	1.766900778803281e-08
R_Tr_ORO_enzyme	8.378118222789385e-09
R_Tr_DHO1_enzyme	8.378118222789385e-09
R_Tr_DHO2_enzyme	8.378118222789385e-09
R_Tr_PPi_enzyme	2.075760257754e-08
R_Tr_GlySer_enzyme	3.928069763569459e-06
R_Tr_O2h_enzyme	0
R_Tr_O2m_enzyme	0
R_Tr_O2x_enzyme	0
R_Tr_CO2h_enzyme	0
R_Tr_CO2m_enzyme	0
R_Tr_CO2x_enzyme	0
R_Tr_H2Oh_enzyme	0
R_Tr_H2Om_enzyme	0
R_Tr_H2Ox_enzyme	0
R_Tr_Hx_enzyme	8.967151264098379e-08
R_Tr_NH41_enzyme	1.4206009273150284e-06
R_Tr_NH42_enzyme	1.8022780076138393e-06
R_Tr_H2S1_enzyme	2.0267852723254017e-08
R_Tr_H2S2_enzyme	0.0
R_Tr_AC1_enzyme	3.4358533429492923e-07
R_Tr_AC2_enzyme	0.0
R_Tr_Pyr1_enzyme	1.2774687757414022e-06
R_Tr_Pyr2_enzyme	4.340253885630404e-08
R_Tr_Pyr3_enzyme	0.0
R_Tr_GCA2_enzyme	2.0538633663782813e-06
R_Tr_GCEA2_enzyme	1.8789704568650727e-06
R_Tr_Mal_enzyme	1.8789704568650727e-06
R_Tr_OAA_enzyme	1.8789704568650727e-06
R_Tr_KG_enzyme	1.7489290951320886e-07
R_TrAA_Ala1_enzyme	0.0
R_TrAA_Arg1_enzyme	0.0
R_TrAA_Asn1_enzyme	0.0
R_TrAA_Asp_enzyme	0.0
R_TrAA_Cys_enzyme	0.0
R_TrAA_Glu1_enzyme	1.7489290951320886e-07
R_TrAA_Gln_enzyme	0.0
R_TrAA_Gly_enzyme	2.0538633663782813e-06
R_TrAA_His1_enzyme	0.0
R_TrAA_Ile1_enzyme	0.0
R_TrAA_Leu1_enzyme	0.0
R_TrAA_Lys1_enzyme	0.0
R_TrAA_Met1_enzyme	0.0
R_TrAA_Phe1_enzyme	0.0
R_TrAA_Pro1_enzyme	0.0
R_TrAA_Ser1_enzyme	1.8789704568650727e-06
R_TrAA_Thr1_enzyme	0.0
R_TrAA_Trp1_enzyme	0.0
R_TrAA_Tyr1_enzyme	0.0
R_TrAA_Val1_enzyme	0.0
R_Tr_Mev5P_enzyme	8.967151264098379e-08
R_Tr_ipdp1_enzyme	8.967151264098379e-08
R_Tr_dmpp1_enzyme	0.0
R_Tr_ipdp2_enzyme	8.967151264098379e-08
R_Tr_dmpp2_enzyme	0.0
R_Tr_ATP_x_enzyme	1.7934302528196758e-07
R_Tr_Pi_x_enzyme	8.967151264098379e-08
R_Tr_Pi_m_enzyme	1.4725080388409646e-05
R_TrAA_BAT11_enzyme	4.150949382685574e-08
R_TrAA_BAT12_enzyme	2.0155922759424552e-09
R_TrAA_BAT13_enzyme	0.0
R_TrAA_BAT14_enzyme	7.575839086781871e-10
R_TrAA_BAT15_enzyme	0.0
R_TrAA_BAC1_enzyme	0.0
R_TrAA_BAC2_enzyme	0.0
R_TrAA_ProU_enzyme	2.0836430437250448e-06
R_TrAA_ProA_enzyme	0.0
R_TrAA_Ala2_enzyme	0.0
R_TrAA_Arg2_enzyme	3.0852438838298864e-08
R_TrAA_Asn2_enzyme	7.251068015053766e-09
R_TrAA_Asn3_enzyme	7.070708081781843e-10
R_TrAA_Cys2_enzyme	0.0
R_TrAA_Gln2_enzyme	5.762097887575576e-08
R_TrAA_Glu2_enzyme	7.39299220677149e-07
R_TrAA_Gly2_enzyme	1.5523117646665648e-06
R_TrAA_His2_enzyme	1.0156156918184208e-08
R_TrAA_His3_enzyme	2.970713367676787e-10
R_TrAA_Ile2_enzyme	3.050318694142451e-08
R_TrAA_Ile3_enzyme	1.6119452535407912e-09
R_TrAA_Leu2_enzyme	5.122831512432423e-08
R_TrAA_Leu3_enzyme	2.6260483237354083e-09
R_TrAA_Lys2_enzyme	3.614408129624641e-08
R_TrAA_Met2_enzyme	4.2899943072061375e-09
R_TrAA_Met3_enzyme	6.608569717924022e-10
R_TrAA_Phe2_enzyme	2.452906569373359e-08
R_TrAA_Phe3_enzyme	1.332577513852383e-09
R_TrAA_Pro2_enzyme	1.0331882728997227e-08
R_TrAA_Ser2_enzyme	0.0
R_TrAA_Ser3_enzyme	1.9662158217087925e-06
R_TrAA_Thr2_enzyme	3.674099712383718e-07
R_TrAA_Thr3_enzyme	9.51660878750271e-10
R_TrAA_Trp2_enzyme	6.830401496563436e-09
R_TrAA_Trp3_enzyme	0.0
R_TrAA_Tyr2_enzyme	1.5889847917275566e-08
R_TrAA_Tyr3_enzyme	6.749784501297381e-10
R_TrAA_Val2_enzyme	3.974560534069257e-08
R_TrAA_Val3_enzyme	1.3962180659141503e-09
R_TrRib_h_enzyme	0.0
R_TrRib_m_enzyme	0.0
R_Tr_Mg2_h_enzyme	7.990798437479537e-09
R_Tr_Mn2_h_enzyme	0.0
R_Tr_Zn2_h_enzyme	0.0
R_Tr_Fe2_h_enzyme	3.1970761265906806e-10
R_Tr_Cobalt2_h_enzyme	0.0
R_Tr_Cu_h_enzyme	0.0
R_Tr_Ca_h_enzyme	0.0
R_Tr_KH_h_enzyme	0.0
R_Tr_Cu_l_enzyme	0.0
R_Tr_SAM_h_enzyme	7.783348088754858e-09
R_Tr_Mg2_m_enzyme	0.0
R_Tr_Mn2_m_enzyme	0.0
R_Tr_Zn2_m_enzyme	0.0
R_Tr_Fe2_m_enzyme	0.0
R_Tr_Cu_m_enzyme	0.0
R_Si_H_enzyme	0
R_Im_hnu_enzyme	0
R_Im_CO2_enzyme	0
R_Im_H2O_enzyme	0
R_Im_Pi_enzyme	2.0132099009333856e-08
R_Im_NO3_enzyme	1.6559961348834057e-06
R_Im_NH4_enzyme	0.0
R_Im_SO4_enzyme	0.0
R_Im_H2S_enzyme	3.170594836912739e-08
R_Im_Mg2_enzyme	8.6860335432411e-09
R_Im_Fe2_enzyme	5.319822489140657e-10
R_Im_Mn2_enzyme	0.0
R_Im_Cob2_enzyme	0.0
R_Im_Cd2_enzyme	0.0
R_Im_Zn2_enzyme	0.0
R_Im_Cu_enzyme	0.0
R_Im_Ni2_enzyme	0.0
R_Im_Ca2_enzyme	0.0
R_Im_K_enzyme	0.0
R_Im_Cl_enzyme	0.0
R_Ex_O2_enzyme	0
R_Ex_Ala_c_enzyme	0.0
R_Ex_Arg_c_enzyme	0.0
R_Ex_Asn_c_enzyme	0.0
R_Ex_Asp_c_enzyme	0.0
R_Ex_Cys_c_enzyme	0.0
R_Ex_Gln_c_enzyme	0.0
R_Ex_Glu_c_enzyme	0.0
R_Ex_Gly_c_enzyme	0.0
R_Ex_His_c_enzyme	0.0
R_Ex_Ile_c_enzyme	0.0
R_Ex_Leu_c_enzyme	0.0
R_Ex_Lys_c_enzyme	0.0
R_Ex_Met_c_enzyme	0.0
R_Ex_Phe_c_enzyme	0.0
R_Ex_Pro_c_enzyme	0.0
R_Ex_Ser_c_enzyme	0.0
R_Ex_Thr_c_enzyme	0.0
R_Ex_Trp_c_enzyme	0.0
R_Ex_Tyr_c_enzyme	0.0
R_Ex_Val_c_enzyme	0.0
R_Ex_starch_enzyme	0.0
R_Ex_Glc_enzyme	0.0
R_Ex_Frc_enzyme	0.0
R_Ex_Suc_enzyme	0.0
R_Ex_cellulose_enzyme	0.0
R_Ex_Mas_enzyme	0.0
R_Ex_MACP_enzyme	0.0
R_Ex_Tre_enzyme	0.0
R_NGAM_c_enzyme	0
R_NGAM_h_enzyme	0
R_NGAM_m_enzyme	0
R_maintenance_atp_enzyme	0
R_Bio_AA_enzyme	0
