Enzyme	Concentration
R_pqqtex_enzyme	0.0
R_pqqtex_duplicate_2_enzyme	0.0
R_pqqtex_duplicate_3_enzyme	0.0
R_pqqtex_duplicate_4_enzyme	0.0
R_DM_4crsol_c_enzyme	0
R_DM_5drib_c_enzyme	0
R_DM_aacald_c_enzyme	0
R_DM_amob_c_enzyme	0
R_DM_mththf_c_enzyme	0
R_DM_oxam_c_enzyme	0
R_BIOMASS_Ec_iJO1366_WT_53p95M_enzyme	0
R_BIOMASS_Ec_iJO1366_core_53p95M_enzyme	0
R_12DGR120tipp_enzyme	0
R_12DGR140tipp_enzyme	0
R_12DGR141tipp_enzyme	0
R_12DGR160tipp_enzyme	0
R_12DGR161tipp_enzyme	0
R_12DGR180tipp_enzyme	0
R_12DGR181tipp_enzyme	0
R_12PPDRtex_enzyme	0.0
R_12PPDRtex_duplicate_2_enzyme	0.0
R_12PPDRtex_duplicate_3_enzyme	0.0
R_12PPDRtex_duplicate_4_enzyme	0.0
R_12PPDRtpp_enzyme	0
R_12PPDStex_enzyme	0.0
R_12PPDStex_duplicate_2_enzyme	0.0
R_12PPDStex_duplicate_3_enzyme	0.0
R_12PPDStex_duplicate_4_enzyme	0.0
R_12PPDStpp_enzyme	0
R_14GLUCANabcpp_enzyme	0.0
R_14GLUCANtexi_enzyme	0.0
R_23CAMPtex_enzyme	0.0
R_23CAMPtex_duplicate_2_enzyme	0.0
R_23CAMPtex_duplicate_3_enzyme	0.0
R_23CAMPtex_duplicate_4_enzyme	0.0
R_23CCMPtex_enzyme	0.0
R_23CCMPtex_duplicate_2_enzyme	0.0
R_23CCMPtex_duplicate_3_enzyme	0.0
R_23CCMPtex_duplicate_4_enzyme	0.0
R_23CGMPtex_enzyme	0.0
R_23CGMPtex_duplicate_2_enzyme	0.0
R_23CGMPtex_duplicate_3_enzyme	0.0
R_23CGMPtex_duplicate_4_enzyme	0.0
R_23CUMPtex_enzyme	0.0
R_23CUMPtex_duplicate_2_enzyme	0.0
R_23CUMPtex_duplicate_3_enzyme	0.0
R_23CUMPtex_duplicate_4_enzyme	0.0
R_23DAPPAt2pp_enzyme	0
R_23DAPPAtex_enzyme	0.0
R_23DAPPAtex_duplicate_2_enzyme	0.0
R_23DAPPAtex_duplicate_3_enzyme	0.0
R_23DAPPAtex_duplicate_4_enzyme	0.0
R_23PDE2pp_enzyme	0.0
R_23PDE4pp_enzyme	0.0
R_23PDE7pp_enzyme	0.0
R_23PDE9pp_enzyme	0.0
R_26DAHtex_enzyme	0.0
R_26DAHtex_duplicate_2_enzyme	0.0
R_26DAHtex_duplicate_3_enzyme	0.0
R_26DAHtex_duplicate_4_enzyme	0.0
R_2AGPA120tipp_enzyme	0.0
R_2AGPA140tipp_enzyme	0.0
R_2AGPA141tipp_enzyme	0.0
R_2AGPA160tipp_enzyme	0.0
R_2AGPA161tipp_enzyme	0.0
R_2AGPA180tipp_enzyme	0.0
R_2AGPA181tipp_enzyme	0.0
R_2AGPE120tipp_enzyme	0.0
R_2AGPE140tipp_enzyme	0.0
R_2AGPE141tipp_enzyme	0.0
R_2AGPE160tipp_enzyme	0.0
R_2AGPE161tipp_enzyme	0.0
R_2AGPE180tipp_enzyme	0.0
R_2AGPE181tipp_enzyme	0.0
R_2AGPEAT120_enzyme	0.0
R_2AGPEAT140_enzyme	0.0
R_2AGPEAT141_enzyme	0.0
R_2AGPEAT160_enzyme	0.0
R_2AGPEAT161_enzyme	0.0
R_2AGPEAT180_enzyme	0.0
R_2AGPEAT181_enzyme	0.0
R_2AGPG120tipp_enzyme	0.0
R_2AGPG140tipp_enzyme	0.0
R_2AGPG141tipp_enzyme	0.0
R_2AGPG160tipp_enzyme	0.0
R_2AGPG161tipp_enzyme	0.0
R_2AGPG180tipp_enzyme	0.0
R_2AGPG181tipp_enzyme	0.0
R_2AGPGAT120_enzyme	0.0
R_2AGPGAT140_enzyme	0.0
R_2AGPGAT141_enzyme	0.0
R_2AGPGAT160_enzyme	0.0
R_2AGPGAT161_enzyme	0.0
R_2AGPGAT180_enzyme	0.0
R_2AGPGAT181_enzyme	0.0
R_2DGULRGx_enzyme	0.0
R_2DGULRGy_enzyme	0.0
R_2DGULRx_enzyme	0.0
R_2DGULRy_enzyme	0.0
R_2MAHMP_enzyme	0.0
R_2MAHMP_duplicate_2_enzyme	0.0
R_34dhpactex_enzyme	0.0
R_34dhpactex_duplicate_2_enzyme	0.0
R_34dhpactex_duplicate_3_enzyme	0.0
R_34dhpactex_duplicate_4_enzyme	0.0
R_3AMACHYD_enzyme	0.0
R_3AMPtex_enzyme	0.0
R_3AMPtex_duplicate_2_enzyme	0.0
R_3AMPtex_duplicate_3_enzyme	0.0
R_3AMPtex_duplicate_4_enzyme	0.0
R_3CMPtex_enzyme	0.0
R_3CMPtex_duplicate_2_enzyme	0.0
R_3CMPtex_duplicate_3_enzyme	0.0
R_3CMPtex_duplicate_4_enzyme	0.0
R_3GMPtex_enzyme	0.0
R_3GMPtex_duplicate_2_enzyme	0.0
R_3GMPtex_duplicate_3_enzyme	0.0
R_3GMPtex_duplicate_4_enzyme	0.0
R_3HAD100_enzyme	0.0
R_3HAD100_duplicate_2_enzyme	0.0
R_3HAD120_enzyme	0.0
R_3HAD120_duplicate_2_enzyme	0.0
R_3HAD121_enzyme	0.0
R_3HAD121_duplicate_2_enzyme	0.0
R_3HAD140_enzyme	0.0
R_3HAD140_duplicate_2_enzyme	0.0
R_3HAD141_enzyme	0.0
R_3HAD141_duplicate_2_enzyme	0.0
R_3HAD160_enzyme	0.0
R_3HAD160_duplicate_2_enzyme	0.0
R_3HAD161_enzyme	0.0
R_3HAD161_duplicate_2_enzyme	0.0
R_3HAD180_enzyme	0.0
R_3HAD180_duplicate_2_enzyme	0.0
R_3HAD181_enzyme	0.0
R_3HAD181_duplicate_2_enzyme	0.0
R_3HAD40_enzyme	0.0
R_3HAD40_duplicate_2_enzyme	0.0
R_3HAD60_enzyme	0.0
R_3HAD60_duplicate_2_enzyme	0.0
R_3HAD80_enzyme	0.0
R_3HAD80_duplicate_2_enzyme	0.0
R_3HCINNMH_enzyme	0.0
R_3HPPPNH_enzyme	0.0
R_3HPPtex_enzyme	0.0
R_3HPPtex_duplicate_2_enzyme	0.0
R_3HPPtex_duplicate_3_enzyme	0.0
R_3HPPtex_duplicate_4_enzyme	0.0
R_3HPPtpp_enzyme	0
R_3KGK_enzyme	0.0
R_3NTD2pp_enzyme	0.0
R_3NTD4pp_enzyme	0.0
R_3NTD7pp_enzyme	0.0
R_3NTD9pp_enzyme	0.0
R_3OAR100_enzyme	0.0
R_3OAR120_enzyme	0.0
R_3OAR121_enzyme	0.0
R_3OAR140_enzyme	3.9542377876415836e-06
R_3OAR141_enzyme	0.0
R_3OAR160_enzyme	0.0
R_3OAR161_enzyme	0.0
R_3OAR180_enzyme	0.0
R_3OAR181_enzyme	0.0
R_3OAR40_enzyme	0.0
R_3OAR60_enzyme	0.0
R_3OAR80_enzyme	0.0
R_3OAS100_enzyme	0.0
R_3OAS100_duplicate_2_enzyme	0.0
R_3OAS120_enzyme	0.0
R_3OAS120_duplicate_2_enzyme	0.0
R_3OAS121_enzyme	0.0
R_3OAS140_enzyme	0.0
R_3OAS140_duplicate_2_enzyme	2.6024382513390984e-05
R_3OAS141_enzyme	0.0
R_3OAS160_enzyme	0.0
R_3OAS160_duplicate_2_enzyme	0.0
R_3OAS161_enzyme	0.0
R_3OAS180_enzyme	0.0
R_3OAS180_duplicate_2_enzyme	0.0
R_3OAS181_enzyme	0.0
R_3OAS60_enzyme	0.0
R_3OAS60_duplicate_2_enzyme	0.0
R_3OAS80_enzyme	0.0
R_3OAS80_duplicate_2_enzyme	0.0
R_3OXCOAT_enzyme	0.0
R_3PEPTabcpp_enzyme	0.0
R_3PEPTtex_enzyme	0.0
R_3PEPTtex_duplicate_2_enzyme	0.0
R_3PEPTtex_duplicate_3_enzyme	0.0
R_3PEPTtex_duplicate_4_enzyme	0.0
R_3UMPtex_enzyme	0.0
R_3UMPtex_duplicate_2_enzyme	0.0
R_3UMPtex_duplicate_3_enzyme	0.0
R_3UMPtex_duplicate_4_enzyme	0.0
R_42A12BOOXpp_enzyme	0.0
R_4HOXPACDtex_enzyme	0.0
R_4HOXPACDtex_duplicate_2_enzyme	0.0
R_4HOXPACDtex_duplicate_3_enzyme	0.0
R_4HOXPACDtex_duplicate_4_enzyme	0.0
R_4HTHRS_enzyme	0.0
R_4PCP_enzyme	0.0
R_4PCPpp_enzyme	0
R_4PEPTabcpp_enzyme	0.0
R_4PEPTtex_enzyme	0.0
R_4PEPTtex_duplicate_2_enzyme	0.0
R_4PEPTtex_duplicate_3_enzyme	0.0
R_4PEPTtex_duplicate_4_enzyme	0.0
R_5DGLCNR_enzyme	0.0
R_5DGLCNt2rpp_enzyme	0.0
R_5DGLCNtex_enzyme	0.0
R_5DGLCNtex_duplicate_2_enzyme	0.0
R_5DGLCNtex_duplicate_3_enzyme	0.0
R_5DGLCNtex_duplicate_4_enzyme	0.0
R_5DOAN_enzyme	3.750217692464299e-07
R_5MTRtex_enzyme	1.0119159276466239e-08
R_5MTRtex_duplicate_2_enzyme	0.0
R_5MTRtex_duplicate_3_enzyme	0.0
R_5MTRtex_duplicate_4_enzyme	0.0
R_5MTRtpp_enzyme	0
R_A5PISO_enzyme	0.0
R_A5PISO_duplicate_2_enzyme	1.1756985079798477e-07
R_AACPS1_enzyme	0.0
R_AACPS2_enzyme	0.0
R_AACPS3_enzyme	1.4759863544420949e-06
R_AACPS4_enzyme	1.7396627333031582e-06
R_AACPS5_enzyme	0.0
R_AACPS6_enzyme	0.0
R_AACPS7_enzyme	9.000153731790955e-07
R_AACPS8_enzyme	0.0
R_AACPS9_enzyme	0.0
R_AACTOOR_enzyme	0
R_AADDGT_enzyme	0.0
R_AAMYL_enzyme	0.0
R_AAMYLpp_enzyme	0.0
R_AB6PGH_enzyme	0.0
R_ABTA_enzyme	0.0
R_ABTA_duplicate_2_enzyme	0.0
R_ABUTD_enzyme	0.0
R_ABUTt2pp_enzyme	0.0
R_ABUTtex_enzyme	0.0
R_ABUTtex_duplicate_2_enzyme	0.0
R_ABUTtex_duplicate_3_enzyme	0.0
R_ABUTtex_duplicate_4_enzyme	0.0
R_ACACCT_enzyme	0.0
R_ACACT1r_enzyme	0.0
R_ACACT1r_duplicate_2_enzyme	0.0
R_ACACT1r_duplicate_3_enzyme	7.578603332033676e-07
R_ACACT2r_enzyme	0.0
R_ACACT2r_duplicate_2_enzyme	7.578603332033676e-07
R_ACACT3r_enzyme	0.0
R_ACACT3r_duplicate_2_enzyme	7.578603332033676e-07
R_ACACT4r_enzyme	0.0
R_ACACT4r_duplicate_2_enzyme	7.578603332033676e-07
R_ACACT5r_enzyme	0.0
R_ACACT5r_duplicate_2_enzyme	7.578603332033676e-07
R_ACACT6r_enzyme	0.0
R_ACACT6r_duplicate_2_enzyme	7.578603332018901e-07
R_ACACT7r_enzyme	0.0
R_ACACT7r_duplicate_2_enzyme	7.578603332018901e-07
R_ACACT8r_enzyme	0.0
R_ACACT8r_duplicate_2_enzyme	0.0
R_ACACt2pp_enzyme	0.0
R_ACACtex_enzyme	0.0
R_ACACtex_duplicate_2_enzyme	0.0
R_ACACtex_duplicate_3_enzyme	0.0
R_ACACtex_duplicate_4_enzyme	0.0
R_ACALD_enzyme	0.0
R_ACALD_duplicate_2_enzyme	0.0
R_ACALDtex_enzyme	0.0
R_ACALDtex_duplicate_2_enzyme	0.0
R_ACALDtex_duplicate_3_enzyme	0.0
R_ACALDtex_duplicate_4_enzyme	0.0
R_ACALDtpp_enzyme	0.0
R_ACANTHAT_enzyme	0.0
R_ACBIPGT_enzyme	0.0
R_ACCOAC_enzyme	4.691646938578164e-06
R_ACCOAL_enzyme	5.129645015469167e-07
R_ACGAL1PPpp_enzyme	0
R_ACGAL1Ptex_enzyme	0.0
R_ACGAL1Ptex_duplicate_2_enzyme	0.0
R_ACGAL1Ptex_duplicate_3_enzyme	0.0
R_ACGAL1Ptex_duplicate_4_enzyme	0.0
R_ACGALtex_enzyme	0.0
R_ACGALtex_duplicate_2_enzyme	0.0
R_ACGALtex_duplicate_3_enzyme	0.0
R_ACGALtex_duplicate_4_enzyme	0.0
R_ACGAM1PPpp_enzyme	0
R_ACGAM1Ptex_enzyme	0.0
R_ACGAM1Ptex_duplicate_2_enzyme	0.0
R_ACGAM1Ptex_duplicate_3_enzyme	0.0
R_ACGAM1Ptex_duplicate_4_enzyme	0.0
R_ACGAMK_enzyme	0.0
R_ACGAMT_enzyme	0.0
R_ACGAptspp_enzyme	0.0
R_ACGAptspp_duplicate_2_enzyme	0.0
R_ACGAtex_enzyme	0.0
R_ACGAtex_duplicate_2_enzyme	0.0
R_ACGAtex_duplicate_3_enzyme	0.0
R_ACGAtex_duplicate_4_enzyme	0.0
R_ACGK_enzyme	4.972447227210612e-06
R_ACGS_enzyme	8.636232862146357e-08
R_ACHBS_enzyme	2.4381682683358014e-06
R_ACHBS_duplicate_2_enzyme	0.0
R_ACKr_enzyme	0.0
R_ACKr_duplicate_2_enzyme	0.0
R_ACKr_duplicate_3_enzyme	4.454899868627398e-06
R_ACLS_enzyme	2.2503098015026786e-06
R_ACLS_duplicate_2_enzyme	0.0
R_ACM6PH_enzyme	0.0
R_ACMAMUT_enzyme	0.0
R_ACMANAptspp_enzyme	0.0
R_ACMANAtex_enzyme	0.0
R_ACMANAtex_duplicate_2_enzyme	0.0
R_ACMANAtex_duplicate_3_enzyme	0.0
R_ACMANAtex_duplicate_4_enzyme	0.0
R_ACMUMptspp_enzyme	0.0
R_ACMUMtex_enzyme	0.0
R_ACMUMtex_duplicate_2_enzyme	0.0
R_ACMUMtex_duplicate_3_enzyme	0.0
R_ACMUMtex_duplicate_4_enzyme	0.0
R_ACNAMt2pp_enzyme	0.0
R_ACNAMtex_enzyme	0.0
R_ACNAMtex_duplicate_2_enzyme	0.0
R_ACNAMtex_duplicate_3_enzyme	0.0
R_ACNML_enzyme	0.0
R_ACOAD1f_enzyme	2.9096423506906507e-07
R_ACOAD2f_enzyme	2.9096423506906507e-07
R_ACOAD3f_enzyme	2.9096423506906507e-07
R_ACOAD4f_enzyme	2.9096423506906507e-07
R_ACOAD5f_enzyme	2.9096423506906507e-07
R_ACOAD6f_enzyme	2.909642350692495e-07
R_ACOAD7f_enzyme	2.9096423506938207e-07
R_ACOAD8f_enzyme	0.0
R_ACOATA_enzyme	0.0
R_ACODA_enzyme	1.6688936476840216e-06
R_ACOLIPAabctex_enzyme	0.0
R_ACONIs_enzyme	0.0
R_ACONMT_enzyme	0.0
R_ACONTa_enzyme	5.061745369016264e-06
R_ACONTa_duplicate_2_enzyme	0.0
R_ACONTb_enzyme	5.061745369016264e-06
R_ACONTb_duplicate_2_enzyme	0.0
R_ACOTA_enzyme	3.1176022593432007e-06
R_ACOTA_duplicate_2_enzyme	0.0
R_ACPPAT120_enzyme	0.0
R_ACPPAT140_enzyme	0.0
R_ACPPAT141_enzyme	0.0
R_ACPPAT160_enzyme	0.0
R_ACPPAT161_enzyme	0.0
R_ACPPAT180_enzyme	0.0
R_ACPPAT181_enzyme	0.0
R_ACPS1_enzyme	0.0
R_ACPS1_duplicate_2_enzyme	0.0
R_ACS_enzyme	0.0
R_ACSERtex_enzyme	0.0
R_ACSERtex_duplicate_2_enzyme	0.0
R_ACSERtex_duplicate_3_enzyme	0.0
R_ACSERtex_duplicate_4_enzyme	0.0
R_ACSERtpp_enzyme	0.0
R_ACSERtpp_duplicate_2_enzyme	0.0
R_ACt2rpp_enzyme	0
R_ACt4pp_enzyme	0.0
R_ACtex_enzyme	0.0
R_ACtex_duplicate_2_enzyme	0.0
R_ACtex_duplicate_3_enzyme	0.0
R_ACtex_duplicate_4_enzyme	6.0178671426592805e-06
R_ADA_enzyme	0.0
R_ADCL_enzyme	2.832064025423299e-08
R_ADCS_enzyme	1.4964012973380598e-07
R_ADD_enzyme	0.0
R_ADEt2rpp_enzyme	0.0
R_ADEt2rpp_duplicate_2_enzyme	0.0
R_ADEtex_enzyme	0.0
R_ADEtex_duplicate_2_enzyme	0.0
R_ADEtex_duplicate_3_enzyme	0.0
R_ADEtex_duplicate_4_enzyme	0.0
R_ADK1_enzyme	9.581933535218838e-08
R_ADK3_enzyme	5.835614636817465e-08
R_ADK4_enzyme	0.0
R_ADMDC_enzyme	8.095327421172991e-08
R_ADNCYC_enzyme	0.0
R_ADNK1_enzyme	0.0
R_ADNUC_enzyme	0.0
R_ADNt2pp_copy1_enzyme	0.0
R_ADNt2pp_copy1_duplicate_2_enzyme	0.0
R_ADNt2pp_copy2_enzyme	0.0
R_ADNtex_enzyme	0.0
R_ADOCBIK_enzyme	0.0
R_ADOCBLS_enzyme	0.0
R_ADOCBLabcpp_enzyme	0.0
R_ADOCBLtonex_enzyme	0.0
R_ADPRDP_enzyme	0.0
R_ADPRDP_duplicate_2_enzyme	0.0
R_ADPT_enzyme	8.188958521285791e-08
R_ADSK_enzyme	1.1633747245486425e-06
R_ADSL1r_enzyme	7.090932907084366e-07
R_ADSL2r_enzyme	4.679626922201235e-07
R_ADSS_enzyme	5.0351859846236946e-06
R_AGDC_enzyme	0.0
R_AGM3PA_enzyme	0.0
R_AGM3PApp_enzyme	0.0
R_AGM3PApp_duplicate_2_enzyme	0.0
R_AGM3PApp_duplicate_3_enzyme	0.0
R_AGM3PH_enzyme	0.0
R_AGM3Pt2pp_enzyme	0.0
R_AGM4PA_enzyme	0.0
R_AGM4PApp_enzyme	0.0
R_AGM4PApp_duplicate_2_enzyme	0.0
R_AGM4PApp_duplicate_3_enzyme	0.0
R_AGM4PCP_enzyme	0.0
R_AGM4PCPpp_enzyme	0
R_AGM4PH_enzyme	0.0
R_AGM4Pt2pp_enzyme	0.0
R_AGMH_enzyme	0.0
R_AGMHE_enzyme	0.0
R_AGMT_enzyme	0.0
R_AGMt2pp_enzyme	0.0
R_AGMtex_enzyme	0.0
R_AGMtex_duplicate_2_enzyme	0.0
R_AGMtex_duplicate_3_enzyme	0.0
R_AGMtex_duplicate_4_enzyme	0.0
R_AGPAT120_enzyme	0.0
R_AGPAT140_enzyme	0.0
R_AGPAT141_enzyme	0.0
R_AGPAT160_enzyme	7.379931772210474e-07
R_AGPAT161_enzyme	8.698313666515791e-07
R_AGPAT180_enzyme	0.0
R_AGPAT181_enzyme	0.0
R_AGPR_enzyme	2.6733419922833094e-06
R_AGt3_enzyme	0.0
R_AHCYSNS_enzyme	4.781109400022146e-07
R_AICART_enzyme	3.077391280292244e-06
R_AIRC2_enzyme	1.0990949936288642e-07
R_AIRC3_enzyme	4.369749919597323e-07
R_AKGDH_enzyme	0.0
R_AKGt2rpp_enzyme	0.0
R_AKGtex_enzyme	0.0
R_AKGtex_duplicate_2_enzyme	0.0
R_AKGtex_duplicate_3_enzyme	0.0
R_AKGtex_duplicate_4_enzyme	0.0
R_ALAALAD_enzyme	0.0
R_ALAALAabcpp_enzyme	0.0
R_ALAALAabcpp_duplicate_2_enzyme	0.0
R_ALAALAr_enzyme	0.0
R_ALAALAr_duplicate_2_enzyme	2.202531593371523e-06
R_ALAALAtex_enzyme	0.0
R_ALAALAtex_duplicate_2_enzyme	0.0
R_ALAALAtex_duplicate_3_enzyme	0.0
R_ALAALAtex_duplicate_4_enzyme	0.0
R_ALAGLUE_enzyme	0.0
R_ALAR_enzyme	1.6014310612298375e-07
R_ALAR_duplicate_2_enzyme	0.0
R_ALATA_D2_enzyme	0.0
R_ALATA_D2_duplicate_2_enzyme	0.0
R_ALATA_L_enzyme	1.050307795394773e-10
R_ALATA_L_duplicate_2_enzyme	0.0
R_ALATA_L2_enzyme	0.0
R_ALATA_L2_duplicate_2_enzyme	0.0
R_ALATRS_enzyme	2.9756168904114183e-06
R_ALAabcpp_enzyme	0.0
R_ALAt2pp_copy1_enzyme	0.0
R_ALAt2pp_copy2_enzyme	0
R_ALAt4pp_enzyme	0.0
R_ALAtex_enzyme	0.0
R_ALAtex_duplicate_2_enzyme	0.0
R_ALAtex_duplicate_3_enzyme	0.0
R_ALAtex_duplicate_4_enzyme	0.0
R_ALCD19_enzyme	0.0
R_ALCD2x_enzyme	0.0
R_ALCD2x_duplicate_2_enzyme	0.0
R_ALCD2x_duplicate_3_enzyme	0.0
R_ALDD19xr_enzyme	0.0
R_ALDD2x_enzyme	0.0
R_ALDD2y_enzyme	0.0
R_ALDD3y_enzyme	0.0
R_ALDD4_enzyme	0
R_ALLK_enzyme	0.0
R_ALLPI_enzyme	0.0
R_ALLTAMH_enzyme	0.0
R_ALLTN_enzyme	0.0
R_ALLTNt2rpp_enzyme	0.0
R_ALLTNtex_enzyme	0.0
R_ALLTNtex_duplicate_2_enzyme	0.0
R_ALLTNtex_duplicate_3_enzyme	0.0
R_ALLTNtex_duplicate_4_enzyme	0.0
R_ALLULPE_enzyme	0.0
R_ALLabcpp_enzyme	0.0
R_ALLtex_enzyme	0.0
R_ALLtex_duplicate_2_enzyme	0.0
R_ALLtex_duplicate_3_enzyme	0.0
R_ALLtex_duplicate_4_enzyme	0.0
R_ALPATE160pp_enzyme	0.0
R_ALPATG160pp_enzyme	0.0
R_ALR2_enzyme	0.0
R_ALR2_duplicate_2_enzyme	0.0
R_ALR2_duplicate_3_enzyme	0.0
R_ALR2_duplicate_4_enzyme	0.0
R_ALR4x_enzyme	0.0
R_ALTRH_enzyme	0.0
R_AM3PA_enzyme	0.0
R_AM4PA_enzyme	0.0
R_AM4PCP_enzyme	0.0
R_AMALT1_enzyme	0.0
R_AMALT2_enzyme	0.0
R_AMALT3_enzyme	0.0
R_AMALT4_enzyme	0.0
R_AMANAPEr_enzyme	0.0
R_AMANK_enzyme	0.0
R_AMAOTr_enzyme	2.3513970159684808e-07
R_AMMQLT8_enzyme	0.0
R_AMPMS2_enzyme	2.414813865375146e-10
R_AMPN_enzyme	0.0
R_AMPTASECG_enzyme	0.0
R_AMPTASECG_duplicate_2_enzyme	0.0
R_AMPTASECG_duplicate_3_enzyme	0.0
R_AMPTASECG_duplicate_4_enzyme	0.0
R_AMPTASEPG_enzyme	0.0
R_AMPTASEPG_duplicate_2_enzyme	0.0
R_AMPTASEPG_duplicate_3_enzyme	0.0
R_AMPTASEPG_duplicate_4_enzyme	0.0
R_AMPtex_enzyme	0.0
R_AMPtex_duplicate_2_enzyme	0.0
R_AMPtex_duplicate_3_enzyme	0.0
R_AMPtex_duplicate_4_enzyme	0.0
R_ANHGMtex_enzyme	0.0
R_ANHGMtex_duplicate_2_enzyme	0.0
R_ANHGMtex_duplicate_3_enzyme	0.0
R_ANHGMtex_duplicate_4_enzyme	0.0
R_ANHMK_enzyme	0.0
R_ANPRT_enzyme	8.674400330435862e-07
R_ANS_enzyme	8.945214880546071e-07
R_AOBUTDs_enzyme	0.0
R_AOXSr2_enzyme	1.2179898212195986e-07
R_AP4AH_enzyme	0.0
R_AP4AS_enzyme	0.0
R_AP5AH_enzyme	0.0
R_APCS_enzyme	0.0
R_APG3PAT120_enzyme	0.0
R_APG3PAT140_enzyme	0.0
R_APG3PAT141_enzyme	0.0
R_APG3PAT160_enzyme	0.0
R_APG3PAT161_enzyme	0.0
R_APG3PAT180_enzyme	0.0
R_APG3PAT181_enzyme	0.0
R_APH120_enzyme	0.0
R_APH140_enzyme	0.0
R_APH141_enzyme	0.0
R_APH160_enzyme	0.0
R_APH161_enzyme	0.0
R_APH180_enzyme	0.0
R_APH181_enzyme	0.0
R_APPLDHr_enzyme	0.0
R_APRAUR_enzyme	4.126490851826994e-08
R_ARAI_enzyme	0.0
R_ARBTNR1_enzyme	0
R_ARBTNR2_enzyme	0
R_ARBTNR3_enzyme	0
R_ARBTNabcpp_enzyme	0.0
R_ARBTNexs_enzyme	0.0
R_ARBTNtex_enzyme	0
R_ARBTNtonex_enzyme	0
R_ARBTNtpp_enzyme	0
R_ARBTptspp_enzyme	0.0
R_ARBTptspp_duplicate_2_enzyme	0.0
R_ARBTtex_enzyme	0.0
R_ARBTtex_duplicate_2_enzyme	0.0
R_ARBTtex_duplicate_3_enzyme	0.0
R_ARBTtex_duplicate_4_enzyme	0.0
R_ARBabcpp_enzyme	0.0
R_ARBt2rpp_enzyme	0.0
R_ARBt3ipp_enzyme	0.0
R_ARBtex_enzyme	0.0
R_ARBtex_duplicate_2_enzyme	0.0
R_ARBtex_duplicate_3_enzyme	0.0
R_ARBtex_duplicate_4_enzyme	0.0
R_ARGAGMt7pp_enzyme	0.0
R_ARGDC_enzyme	0.0
R_ARGDCpp_enzyme	0.0
R_ARGORNt7pp_enzyme	0.0
R_ARGSL_enzyme	4.255340109052438e-06
R_ARGSS_enzyme	3.071948179653756e-06
R_ARGTRS_enzyme	1.5199365469372524e-06
R_ARGabcpp_enzyme	0.0
R_ARGabcpp_duplicate_2_enzyme	0.0
R_ARGt3pp_enzyme	0.0
R_ARGtex_enzyme	0.0
R_ARGtex_duplicate_2_enzyme	0.0
R_ARGtex_duplicate_3_enzyme	0.0
R_ARGtex_duplicate_4_enzyme	0.0
R_ASAD_enzyme	1.1390950721600463e-05
R_ASCBPL_enzyme	0.0
R_ASCBptspp_enzyme	0.0
R_ASCBtex_enzyme	0.0
R_ASCBtex_duplicate_2_enzyme	0.0
R_ASCBtex_duplicate_3_enzyme	0.0
R_ASCBtex_duplicate_4_enzyme	0.0
R_ASNN_enzyme	0.0
R_ASNN_duplicate_2_enzyme	0.0
R_ASNNpp_enzyme	0.0
R_ASNS1_enzyme	0.0
R_ASNS2_enzyme	1.1826140662731538e-06
R_ASNTRS_enzyme	1.123952299540365e-06
R_ASNabcpp_enzyme	0
R_ASNt2rpp_enzyme	0.0
R_ASNtex_enzyme	0.0
R_ASNtex_duplicate_2_enzyme	0.0
R_ASNtex_duplicate_3_enzyme	0.0
R_ASNtex_duplicate_4_enzyme	0.0
R_ASO3t8pp_enzyme	0.0
R_ASO3tex_enzyme	0.0
R_ASO3tex_duplicate_2_enzyme	0.0
R_ASO3tex_duplicate_3_enzyme	0.0
R_ASO3tex_duplicate_4_enzyme	0.0
R_ASP1DC_enzyme	1.4647772553447194e-07
R_ASPCT_enzyme	0.0
R_ASPCT_duplicate_2_enzyme	3.4209373158085616e-06
R_ASPK_enzyme	0.0
R_ASPK_duplicate_2_enzyme	0.0
R_ASPK_duplicate_3_enzyme	5.578413880154067e-06
R_ASPO3_enzyme	2.0007612910379538e-07
R_ASPO4_enzyme	0.0
R_ASPO5_enzyme	0.0
R_ASPO6_enzyme	0.0
R_ASPT_enzyme	0.0
R_ASPTA_enzyme	5.0790162092320835e-06
R_ASPTRS_enzyme	1.6961852824807644e-06
R_ASPabcpp_enzyme	0.0
R_ASPt2_2pp_enzyme	0.0
R_ASPt2_3pp_enzyme	0.0
R_ASPt2_3pp_duplicate_2_enzyme	0.0
R_ASPt2pp_copy1_enzyme	0.0
R_ASPt2pp_copy2_enzyme	0
R_ASPtex_enzyme	0.0
R_ASPtex_duplicate_2_enzyme	0.0
R_ASPtex_duplicate_3_enzyme	0.0
R_ASPtex_duplicate_4_enzyme	0.0
R_ASR_enzyme	0.0
R_AST_enzyme	0.0
R_ATHRDHr_enzyme	0.0
R_ATPHs_enzyme	0.0
R_ATPM_enzyme	0
R_ATPPRT_enzyme	3.79023087760122e-06
R_ATPS4rpp_enzyme	0.0
R_ATPS4rpp_duplicate_2_enzyme	1.2936337202097358e-05
R_BALAt2pp_enzyme	0.0
R_BALAtex_enzyme	0.0
R_BALAtex_duplicate_2_enzyme	0.0
R_BALAtex_duplicate_3_enzyme	0.0
R_BALAtex_duplicate_4_enzyme	0.0
R_BETALDHx_enzyme	0.0
R_BETALDHy_enzyme	0.0
R_BMOCOS_enzyme	0.0
R_BMOGDS1_enzyme	0.0
R_BMOGDS1_duplicate_2_enzyme	0.0
R_BMOGDS2_enzyme	0.0
R_BMOGDS2_duplicate_2_enzyme	0.0
R_BPNT_enzyme	1.1818878418741008e-06
R_BSORx_enzyme	0.0
R_BSORy_enzyme	0.0
R_BTNt2ipp_enzyme	0
R_BTNtex_enzyme	0.0
R_BTNtex_duplicate_2_enzyme	0.0
R_BTNtex_duplicate_3_enzyme	0.0
R_BTNtex_duplicate_4_enzyme	0.0
R_BTS5_enzyme	6.191448257878369e-07
R_BUTCT_enzyme	0.0
R_BUTSO3abcpp_enzyme	0.0
R_BUTSO3abcpp_duplicate_2_enzyme	0.0
R_BUTSO3tex_enzyme	0.0
R_BUTSO3tex_duplicate_2_enzyme	0.0
R_BUTSO3tex_duplicate_3_enzyme	0.0
R_BUTSO3tex_duplicate_4_enzyme	0.0
R_BUTt2rpp_enzyme	0.0
R_BUTtex_enzyme	0.0
R_BUTtex_duplicate_2_enzyme	0.0
R_BUTtex_duplicate_3_enzyme	0.0
R_BUTtex_duplicate_4_enzyme	0.0
R_BWCOGDS1_enzyme	0.0
R_BWCOGDS1_duplicate_2_enzyme	0.0
R_BWCOGDS2_enzyme	0.0
R_BWCOGDS2_duplicate_2_enzyme	0.0
R_BWCOS_enzyme	0.0
R_CA2t3pp_enzyme	0.0
R_CA2tex_enzyme	0.0
R_CA2tex_duplicate_2_enzyme	0.0
R_CA2tex_duplicate_3_enzyme	0.0
R_CA2tex_duplicate_4_enzyme	0.0
R_CADVtpp_enzyme	0.0
R_CAT_enzyme	0.0
R_CAT_duplicate_2_enzyme	0.0
R_CAt6pp_enzyme	0.0
R_CBIAT_enzyme	0.0
R_CBItonex_enzyme	0.0
R_CBIuabcpp_enzyme	0.0
R_CBL1abcpp_enzyme	0.0
R_CBL1tonex_enzyme	0.0
R_CBLAT_enzyme	0.0
R_CBMD_enzyme	0.0
R_CBMKr_enzyme	2.551672023737632e-06
R_CBMKr_duplicate_2_enzyme	0.0
R_CBMKr_duplicate_3_enzyme	0.0
R_CBPS_enzyme	0.0
R_CCGS_enzyme	0.0
R_CD2abcpp_enzyme	0.0
R_CD2t3pp_enzyme	0.0
R_CD2t3pp_duplicate_2_enzyme	0.0
R_CD2tex_enzyme	0.0
R_CD2tex_duplicate_2_enzyme	0.0
R_CD2tex_duplicate_3_enzyme	0.0
R_CD2tex_duplicate_4_enzyme	0.0
R_CD2tpp_enzyme	0.0
R_CDAPPA120_enzyme	0.0
R_CDAPPA140_enzyme	0.0
R_CDAPPA141_enzyme	0.0
R_CDAPPA160_enzyme	0.0
R_CDAPPA161_enzyme	0.0
R_CDAPPA180_enzyme	0.0
R_CDAPPA181_enzyme	0.0
R_CDGR_enzyme	0.0
R_CDGS_enzyme	0
R_CDPMEK_enzyme	1.0369937765528585e-07
R_CFAS160E_enzyme	0.0
R_CFAS160G_enzyme	0.0
R_CFAS180E_enzyme	0.0
R_CFAS180G_enzyme	0.0
R_CGLYabcpp_enzyme	0.0
R_CGLYtex_enzyme	0.0
R_CGLYtex_duplicate_2_enzyme	0.0
R_CGLYtex_duplicate_3_enzyme	0.0
R_CGLYtex_duplicate_4_enzyme	0.0
R_CHLabcpp_enzyme	0.0
R_CHLt2pp_enzyme	0.0
R_CHLt2pp_duplicate_2_enzyme	0.0
R_CHLtex_enzyme	0.0
R_CHLtex_duplicate_2_enzyme	0.0
R_CHLtex_duplicate_3_enzyme	0.0
R_CHLtex_duplicate_4_enzyme	0.0
R_CHOLD_enzyme	0.0
R_CHORM_enzyme	0.0
R_CHORM_duplicate_2_enzyme	2.447693676351666e-06
R_CHORS_enzyme	3.273273120033152e-07
R_CHRPL_enzyme	3.873215473513099e-08
R_CHTBSptspp_enzyme	0.0
R_CHTBStex_enzyme	0.0
R_CHTBStex_duplicate_2_enzyme	0.0
R_CHTBStex_duplicate_3_enzyme	0.0
R_CHTBStex_duplicate_4_enzyme	0.0
R_CINNDO_enzyme	0.0
R_CITL_enzyme	0.0
R_CITt3pp_enzyme	0
R_CITt7pp_enzyme	0.0
R_CITtex_enzyme	0.0
R_CITtex_duplicate_2_enzyme	0.0
R_CITtex_duplicate_3_enzyme	0.0
R_CITtex_duplicate_4_enzyme	0.0
R_CLIPAabctex_enzyme	0.0
R_CLPNH120pp_enzyme	0
R_CLPNH140pp_enzyme	0
R_CLPNH141pp_enzyme	0
R_CLPNH160pp_enzyme	0
R_CLPNH161pp_enzyme	0
R_CLPNH180pp_enzyme	0
R_CLPNH181pp_enzyme	0
R_CLPNS120pp_enzyme	0.0
R_CLPNS120pp_duplicate_2_enzyme	0.0
R_CLPNS140pp_enzyme	0.0
R_CLPNS140pp_duplicate_2_enzyme	0.0
R_CLPNS141pp_enzyme	0.0
R_CLPNS141pp_duplicate_2_enzyme	0.0
R_CLPNS160pp_enzyme	0.0
R_CLPNS160pp_duplicate_2_enzyme	0.0
R_CLPNS161pp_enzyme	0.0
R_CLPNS161pp_duplicate_2_enzyme	0.0
R_CLPNS180pp_enzyme	0.0
R_CLPNS180pp_duplicate_2_enzyme	0.0
R_CLPNS181pp_enzyme	0.0
R_CLPNS181pp_duplicate_2_enzyme	0.0
R_CLt3_2pp_enzyme	0.0
R_CLt3_2pp_duplicate_2_enzyme	0.0
R_CLtex_enzyme	0.0
R_CLtex_duplicate_2_enzyme	0.0
R_CLtex_duplicate_3_enzyme	0.0
R_CLtex_duplicate_4_enzyme	0.0
R_CMPN_enzyme	0
R_CMPtex_enzyme	0.0
R_CMPtex_duplicate_2_enzyme	0.0
R_CMPtex_duplicate_3_enzyme	0.0
R_CMPtex_duplicate_4_enzyme	0.0
R_CMtex_enzyme	0.0
R_CMtex_duplicate_2_enzyme	0.0
R_CMtex_duplicate_3_enzyme	0.0
R_CMtex_duplicate_4_enzyme	0.0
R_CMtpp_enzyme	0.0
R_CMtpp_duplicate_2_enzyme	0.0
R_CO2tex_enzyme	0.0
R_CO2tex_duplicate_2_enzyme	0.0
R_CO2tex_duplicate_3_enzyme	0.0
R_CO2tex_duplicate_4_enzyme	1.1948611761689942e-05
R_CO2tpp_enzyme	1.1948611761689942e-05
R_COBALT2abcpp_enzyme	0.0
R_COBALT2t3pp_enzyme	0.0
R_COBALT2t3pp_duplicate_2_enzyme	0.0
R_COBALT2tex_enzyme	0.0
R_COBALT2tex_duplicate_2_enzyme	0.0
R_COBALT2tex_duplicate_3_enzyme	0.0
R_COBALT2tex_duplicate_4_enzyme	8.978375853513013e-13
R_COBALT2tpp_enzyme	9.696645921794053e-13
R_COBALT2tpp_duplicate_2_enzyme	0.0
R_COLIPAKpp_enzyme	0.0
R_COLIPAPabctex_enzyme	0.0
R_COLIPAabcpp_enzyme	0.0
R_COLIPAabctex_enzyme	0.0
R_CPGNR1_enzyme	0
R_CPGNR2_enzyme	0
R_CPGNR3_enzyme	0
R_CPGNUtex_enzyme	0
R_CPGNUtpp_enzyme	0
R_CPGNabcpp_enzyme	0.0
R_CPGNexs_enzyme	0.0
R_CPGNtonex_enzyme	0.0
R_CPH4S_enzyme	0.0
R_CPMPS_enzyme	0.0
R_CPPPGO_enzyme	2.9174869803356173e-08
R_CPPPGO2_enzyme	0.0
R_CRNBTCT_enzyme	0.0
R_CRNCAL2_enzyme	0.0
R_CRNCAR_enzyme	0.0
R_CRNCBCT_enzyme	0.0
R_CRNCDH_enzyme	0.0
R_CRNDCAL2_enzyme	0.0
R_CRNDabcpp_enzyme	0.0
R_CRNDt2rpp_enzyme	0.0
R_CRNDtex_enzyme	0.0
R_CRNDtex_duplicate_2_enzyme	0.0
R_CRNDtex_duplicate_3_enzyme	0.0
R_CRNDtex_duplicate_4_enzyme	0.0
R_CRNabcpp_enzyme	0.0
R_CRNt2rpp_enzyme	0.0
R_CRNt7pp_enzyme	0.0
R_CRNt8pp_enzyme	0.0
R_CRNtex_enzyme	0.0
R_CRNtex_duplicate_2_enzyme	0.0
R_CRNtex_duplicate_3_enzyme	0.0
R_CRNtex_duplicate_4_enzyme	0.0
R_CS_enzyme	9.960554157765202e-07
R_CSND_enzyme	0.0
R_CSNt2pp_enzyme	0.0
R_CSNtex_enzyme	0.0
R_CSNtex_duplicate_2_enzyme	0.0
R_CSNtex_duplicate_3_enzyme	0.0
R_CSNtex_duplicate_4_enzyme	0.0
R_CTBTCAL2_enzyme	0.0
R_CTBTabcpp_enzyme	0.0
R_CTBTt2rpp_enzyme	0.0
R_CTECOAI6_enzyme	0.0
R_CTECOAI7_enzyme	2.926558875982167e-07
R_CTECOAI8_enzyme	0.0
R_CTPS2_enzyme	3.4743436816306173e-07
R_CU1Opp_enzyme	0.0
R_CU1abcpp_enzyme	0.0
R_CU2abcpp_enzyme	0.0
R_CU2tex_enzyme	0.0
R_CU2tex_duplicate_2_enzyme	2.396409508377115e-11
R_CU2tex_duplicate_3_enzyme	0.0
R_CU2tex_duplicate_4_enzyme	0.0
R_CU2tpp_enzyme	2.588122269047284e-11
R_CUt3_enzyme	0.0
R_CUtex_enzyme	0.0
R_CUtex_duplicate_2_enzyme	0.0
R_CUtex_duplicate_3_enzyme	0.0
R_CUtex_duplicate_4_enzyme	0.0
R_CYANST_enzyme	0.0
R_CYANSTpp_enzyme	0.0
R_CYANtex_enzyme	0.0
R_CYANtex_duplicate_2_enzyme	0.0
R_CYANtex_duplicate_3_enzyme	0.0
R_CYANtex_duplicate_4_enzyme	0.0
R_CYNTAH_enzyme	0.0
R_CYNTt2pp_enzyme	0.0
R_CYNTtex_enzyme	0.0
R_CYNTtex_duplicate_2_enzyme	0.0
R_CYNTtex_duplicate_3_enzyme	0.0
R_CYNTtex_duplicate_4_enzyme	0.0
R_CYSDDS_enzyme	0.0
R_CYSDS_enzyme	0.0
R_CYSDS_duplicate_2_enzyme	0.0
R_CYSDabcpp_enzyme	0
R_CYSDtex_enzyme	0.0
R_CYSDtex_duplicate_2_enzyme	0.0
R_CYSDtex_duplicate_3_enzyme	0.0
R_CYSDtex_duplicate_4_enzyme	0.0
R_CYSS_enzyme	5.219911736229875e-05
R_CYSS_duplicate_2_enzyme	0.0
R_CYSSADS_enzyme	0.0
R_CYSTL_enzyme	8.87666200424015e-07
R_CYSTL_duplicate_2_enzyme	0.0
R_CYSTRS_enzyme	2.873543812965313e-07
R_CYSabc2pp_enzyme	0.0
R_CYSabcpp_enzyme	0
R_CYStex_enzyme	0.0
R_CYStex_duplicate_2_enzyme	0.0
R_CYStex_duplicate_3_enzyme	0.0
R_CYStex_duplicate_4_enzyme	0.0
R_CYStpp_enzyme	0.0
R_CYStpp_duplicate_2_enzyme	0.0
R_CYTBD2pp_enzyme	0.0
R_CYTBDpp_enzyme	0.0
R_CYTBDpp_duplicate_2_enzyme	0.0
R_CYTBO3_4pp_enzyme	1.6276479051730865e-05
R_CYTD_enzyme	0.0
R_CYTDH_enzyme	0.0
R_CYTDH_duplicate_2_enzyme	0.0
R_CYTDH_duplicate_3_enzyme	0.0
R_CYTDK2_enzyme	0.0
R_CYTDt2pp_copy1_enzyme	0.0
R_CYTDt2pp_copy1_duplicate_2_enzyme	0.0
R_CYTDt2pp_copy2_enzyme	0.0
R_CYTDtex_enzyme	0.0
R_CYTDtex_duplicate_2_enzyme	0.0
R_CYTDtex_duplicate_3_enzyme	0.0
R_CYTDtex_duplicate_4_enzyme	0.0
R_CYTK1_enzyme	3.4153994482415874e-06
R_CYTK2_enzyme	2.641169959678441e-07
R_D_LACt2pp_enzyme	0.0
R_D_LACt2pp_duplicate_2_enzyme	0.0
R_D_LACtex_enzyme	0.0
R_D_LACtex_duplicate_2_enzyme	0.0
R_D_LACtex_duplicate_3_enzyme	0.0
R_D_LACtex_duplicate_4_enzyme	0.0
R_DAAD_enzyme	0.0
R_DADA_enzyme	0.0
R_DADK_enzyme	0.0
R_DADNt2pp_enzyme	0.0
R_DADNt2pp_duplicate_2_enzyme	0.0
R_DADNtex_enzyme	0.0
R_DAGK120_enzyme	0.0
R_DAGK140_enzyme	0.0
R_DAGK141_enzyme	0.0
R_DAGK160_enzyme	0.0
R_DAGK161_enzyme	0.0
R_DAGK180_enzyme	0.0
R_DAGK181_enzyme	0.0
R_DALAt2pp_enzyme	0.0
R_DALAtex_enzyme	0.0
R_DALAtex_duplicate_2_enzyme	0.0
R_DALAtex_duplicate_3_enzyme	0.0
R_DALAtex_duplicate_4_enzyme	2.0085085569603132e-08
R_DAMPtex_enzyme	0.0
R_DAMPtex_duplicate_2_enzyme	0.0
R_DAMPtex_duplicate_3_enzyme	0.0
R_DAMPtex_duplicate_4_enzyme	0.0
R_DAPAL_enzyme	0.0
R_DAPDC_enzyme	9.611923964048557e-07
R_DAPE_enzyme	2.6755844261545997e-07
R_DAPabcpp_enzyme	0
R_DAPtex_enzyme	0.0
R_DAPtex_duplicate_2_enzyme	0.0
R_DAPtex_duplicate_3_enzyme	0.0
R_DAPtex_duplicate_4_enzyme	0.0
R_DASYN120_enzyme	0.0
R_DASYN140_enzyme	0.0
R_DASYN141_enzyme	0.0
R_DASYN160_enzyme	7.379931772210474e-07
R_DASYN161_enzyme	8.698313666515791e-07
R_DASYN180_enzyme	0.0
R_DASYN181_enzyme	0.0
R_DATPHs_enzyme	0.0
R_DB4PS_enzyme	1.2970873606037415e-09
R_DBTS_enzyme	7.443271129662743e-07
R_DC6PH_enzyme	0.0
R_DCAtex_enzyme	0.0
R_DCAtex_duplicate_2_enzyme	0.0
R_DCAtex_duplicate_3_enzyme	0.0
R_DCAtex_duplicate_4_enzyme	0.0
R_DCMPtex_enzyme	0.0
R_DCMPtex_duplicate_2_enzyme	0.0
R_DCMPtex_duplicate_3_enzyme	0.0
R_DCMPtex_duplicate_4_enzyme	0.0
R_DCTPD_enzyme	0.0
R_DCYTD_enzyme	2.641169959678441e-07
R_DCYTt2pp_enzyme	0.0
R_DCYTt2pp_duplicate_2_enzyme	0.0
R_DCYTtex_enzyme	0.0
R_DDCAtexi_enzyme	0.0
R_DDGALK_enzyme	0.0
R_DDGLCNt2rpp_enzyme	0.0
R_DDGLCNtex_enzyme	0.0
R_DDGLCNtex_duplicate_2_enzyme	0.0
R_DDGLCNtex_duplicate_3_enzyme	0.0
R_DDGLCNtex_duplicate_4_enzyme	0.0
R_DDGLK_enzyme	0.0
R_DDPA_enzyme	0.0
R_DDPA_duplicate_2_enzyme	0.0
R_DDPA_duplicate_3_enzyme	4.934520756136162e-06
R_DDPGALA_enzyme	0.0
R_DGK1_enzyme	0.0
R_DGMPtex_enzyme	0.0
R_DGMPtex_duplicate_2_enzyme	0.0
R_DGMPtex_duplicate_3_enzyme	0.0
R_DGMPtex_duplicate_4_enzyme	0.0
R_DGSNt2pp_enzyme	0.0
R_DGSNtex_enzyme	0.0
R_DGSNtex_duplicate_2_enzyme	0.0
R_DGSNtex_duplicate_3_enzyme	0.0
R_DGSNtex_duplicate_4_enzyme	0.0
R_DHACOAH_enzyme	0.0
R_DHAD1_enzyme	9.629323231138107e-07
R_DHAD2_enzyme	1.0433190279885204e-06
R_DHAPT_enzyme	4.374133470550635e-06
R_DHAtex_enzyme	0.0
R_DHAtex_duplicate_2_enzyme	0.0
R_DHAtex_duplicate_3_enzyme	0.0
R_DHAtex_duplicate_4_enzyme	0.0
R_DHAtpp_enzyme	0
R_DHBD_enzyme	0.0
R_DHBS_enzyme	0.0
R_DHBSH_enzyme	0
R_DHCIND_enzyme	0.0
R_DHCINDO_enzyme	0.0
R_DHDPRy_enzyme	1.1389711604161492e-06
R_DHDPS_enzyme	1.3263359814173629e-06
R_DHFR_enzyme	0.0
R_DHFR_duplicate_2_enzyme	9.785581572923752e-07
R_DHFS_enzyme	7.363366466090559e-07
R_DHMPTR_enzyme	0.0
R_DHNAOT4_enzyme	0.0
R_DHNCOAS_enzyme	0.0
R_DHNCOAT_enzyme	0.0
R_DHNPA2r_enzyme	4.625901383527427e-09
R_DHNPTE_enzyme	0.0
R_DHORD2_enzyme	1.0593199994152803e-06
R_DHORD5_enzyme	0.0
R_DHORDfum_enzyme	0
R_DHORTS_enzyme	2.1009004116581027e-06
R_DHPPD_enzyme	0.0
R_DHPPDA2_enzyme	4.126490851826994e-08
R_DHPS2_enzyme	2.2555367059618308e-07
R_DHPTDCs2_enzyme	6.717001076727581e-10
R_DHPTDNR_enzyme	0.0
R_DHPTDNRN_enzyme	0.0
R_DHPTPE_enzyme	0.0
R_DHQS_enzyme	5.004252138411231e-07
R_DHQTi_enzyme	7.227452678556803e-07
R_DIMPtex_enzyme	0.0
R_DIMPtex_duplicate_2_enzyme	0.0
R_DIMPtex_duplicate_3_enzyme	0.0
R_DIMPtex_duplicate_4_enzyme	0.0
R_DINSt2pp_enzyme	0.0
R_DINStex_enzyme	0.0
R_DINStex_duplicate_2_enzyme	0.0
R_DINStex_duplicate_3_enzyme	0.0
R_DINStex_duplicate_4_enzyme	0.0
R_DKGLCNR1_enzyme	0.0
R_DKGLCNR1_duplicate_2_enzyme	0.0
R_DKGLCNR2x_enzyme	0.0
R_DKGLCNR2y_enzyme	0.0
R_DMATT_enzyme	1.1801422112524006e-08
R_DMPPS_enzyme	9.105516209809391e-09
R_DMQMT_enzyme	1.9171276065171505e-10
R_DMSOR1_enzyme	0.0
R_DMSOR1_duplicate_2_enzyme	0.0
R_DMSOR1pp_enzyme	0.0
R_DMSOR2_enzyme	0.0
R_DMSOR2pp_enzyme	0.0
R_DMSOtex_enzyme	0.0
R_DMSOtex_duplicate_2_enzyme	0.0
R_DMSOtex_duplicate_3_enzyme	0.0
R_DMSOtex_duplicate_4_enzyme	0.0
R_DMSOtpp_enzyme	0.0
R_DMStex_enzyme	0.0
R_DMStex_duplicate_2_enzyme	0.0
R_DMStex_duplicate_3_enzyme	0.0
R_DMStex_duplicate_4_enzyme	0.0
R_DNMPPA_enzyme	0
R_DNTPPA_enzyme	0.0
R_DNTPPA_duplicate_2_enzyme	2.6297737378928074e-08
R_DOGULNR_enzyme	0.0
R_DOPAtex_enzyme	0.0
R_DOPAtex_duplicate_2_enzyme	0.0
R_DOPAtex_duplicate_3_enzyme	0.0
R_DOPAtex_duplicate_4_enzyme	0.0
R_DOXRBCNtex_enzyme	0.0
R_DOXRBCNtex_duplicate_2_enzyme	0.0
R_DOXRBCNtex_duplicate_3_enzyme	0.0
R_DOXRBCNtex_duplicate_4_enzyme	0.0
R_DOXRBCNtpp_enzyme	0.0
R_DOXRBCNtpp_duplicate_2_enzyme	0.0
R_DPCOAK_enzyme	1.25111801659473e-07
R_DPR_enzyme	1.473059304187868e-05
R_DPR_duplicate_2_enzyme	0.0
R_DRPA_enzyme	0.0
R_DSBAO1_enzyme	0.0
R_DSBAO2_enzyme	0.0
R_DSBCGT_enzyme	0.0
R_DSBDR_enzyme	0.0
R_DSBDR_duplicate_2_enzyme	0.0
R_DSBGGT_enzyme	0.0
R_DSERDHr_enzyme	0.0
R_DSERt2pp_enzyme	0.0
R_DSERtex_enzyme	0.0
R_DSERtex_duplicate_2_enzyme	0.0
R_DSERtex_duplicate_3_enzyme	0.0
R_DSERtex_duplicate_4_enzyme	0.0
R_DTARTD_enzyme	0.0
R_DTMPK_enzyme	3.0120623882894995e-07
R_DTMPtex_enzyme	0.0
R_DTMPtex_duplicate_2_enzyme	0.0
R_DTMPtex_duplicate_3_enzyme	0.0
R_DTMPtex_duplicate_4_enzyme	0.0
R_DUMPtex_enzyme	0.0
R_DUMPtex_duplicate_2_enzyme	0.0
R_DUMPtex_duplicate_3_enzyme	0.0
R_DUMPtex_duplicate_4_enzyme	0.0
R_DURADx_enzyme	0.0
R_DURIK1_enzyme	2.641169959678441e-07
R_DURIPP_enzyme	0.0
R_DURIPP_duplicate_2_enzyme	0.0
R_DURIt2pp_enzyme	0.0
R_DURIt2pp_duplicate_2_enzyme	0.0
R_DURItex_enzyme	0.0
R_DUTPDP_enzyme	0.0
R_DUTPDP_duplicate_2_enzyme	0.0
R_DXPRIi_enzyme	4.014169457614792e-08
R_DXPS_enzyme	2.021161139957523e-07
R_DXYLK_enzyme	0.0
R_E4PD_enzyme	0.0
R_E4PD_duplicate_2_enzyme	5.878944154846817e-05
R_EAR100x_enzyme	0.0
R_EAR100y_enzyme	0.0
R_EAR120x_enzyme	0.0
R_EAR120y_enzyme	0.0
R_EAR121x_enzyme	0.0
R_EAR121y_enzyme	0.0
R_EAR140x_enzyme	0.0
R_EAR140y_enzyme	0.0
R_EAR141x_enzyme	0.0
R_EAR141y_enzyme	0.0
R_EAR160x_enzyme	0.0
R_EAR160y_enzyme	0.0
R_EAR161x_enzyme	0.0
R_EAR161y_enzyme	0.0
R_EAR180x_enzyme	0.0
R_EAR180y_enzyme	0.0
R_EAR181x_enzyme	0.0
R_EAR181y_enzyme	0.0
R_EAR40x_enzyme	0.0
R_EAR40y_enzyme	0.0
R_EAR60x_enzyme	0.0
R_EAR60y_enzyme	0.0
R_EAR80x_enzyme	0.0
R_EAR80y_enzyme	0.0
R_ECA4COLIPAabctex_enzyme	0.0
R_ECA4OALpp_enzyme	0.0
R_ECAP1pp_enzyme	0.0
R_ECAP2pp_enzyme	0.0
R_ECAP3pp_enzyme	0.0
R_ECAtpp_enzyme	0.0
R_ECOAH1_enzyme	0.0
R_ECOAH1_duplicate_2_enzyme	3.3325554830601215e-07
R_ECOAH2_enzyme	0.0
R_ECOAH2_duplicate_2_enzyme	3.3325554830601215e-07
R_ECOAH3_enzyme	0.0
R_ECOAH3_duplicate_2_enzyme	3.3325554830601215e-07
R_ECOAH4_enzyme	0.0
R_ECOAH4_duplicate_2_enzyme	3.3325554830601215e-07
R_ECOAH5_enzyme	0.0
R_ECOAH5_duplicate_2_enzyme	3.3325554830601215e-07
R_ECOAH6_enzyme	0.0
R_ECOAH6_duplicate_2_enzyme	3.332555483061447e-07
R_ECOAH7_enzyme	0.0
R_ECOAH7_duplicate_2_enzyme	3.332555483061447e-07
R_ECOAH8_enzyme	0.0
R_ECOAH8_duplicate_2_enzyme	0.0
R_EDA_enzyme	0.0
R_EDD_enzyme	0.0
R_EDTXS1_enzyme	0.0
R_EDTXS2_enzyme	0.0
R_EDTXS3_enzyme	0.0
R_EDTXS4_enzyme	0.0
R_EGMEACPR_enzyme	4.240972891384265e-06
R_ENLIPAabctex_enzyme	0.0
R_ENO_enzyme	3.244624564941756e-05
R_ENTCS_enzyme	0.0
R_ENTERES_enzyme	0.0
R_ENTERES2_enzyme	0.0
R_EPMEACPR_enzyme	4.240972891384265e-06
R_ETHAAL_enzyme	0.0
R_ETHAt2pp_enzyme	0
R_ETHAtex_enzyme	0.0
R_ETHAtex_duplicate_2_enzyme	0.0
R_ETHAtex_duplicate_3_enzyme	0.0
R_ETHAtex_duplicate_4_enzyme	0.0
R_ETHSO3abcpp_enzyme	0.0
R_ETHSO3tex_enzyme	0.0
R_ETHSO3tex_duplicate_2_enzyme	0.0
R_ETHSO3tex_duplicate_3_enzyme	0.0
R_ETHSO3tex_duplicate_4_enzyme	0.0
R_ETOHtex_enzyme	0.0
R_ETOHtex_duplicate_2_enzyme	0.0
R_ETOHtex_duplicate_3_enzyme	0.0
R_ETOHtex_duplicate_4_enzyme	0.0
R_ETOHtrpp_enzyme	0.0
R_F6PA_enzyme	5.825953561111808e-08
R_F6PA_duplicate_2_enzyme	0.0
R_F6PP_enzyme	0.0
R_F6Pt6_2pp_enzyme	0.0
R_F6Ptex_enzyme	0.0
R_F6Ptex_duplicate_2_enzyme	0.0
R_F6Ptex_duplicate_3_enzyme	0.0
R_F6Ptex_duplicate_4_enzyme	0.0
R_FA100ACPHi_enzyme	0.0
R_FA120ACPHi_enzyme	0.0
R_FA140ACPHi_enzyme	0.0
R_FA141ACPHi_enzyme	0.0
R_FA160ACPHi_enzyme	0.0
R_FA161ACPHi_enzyme	0.0
R_FA80ACPHi_enzyme	0.0
R_FACOAE100_enzyme	0.0
R_FACOAE120_enzyme	2.02152477271676e-07
R_FACOAE140_enzyme	0.0
R_FACOAE141_enzyme	0.0
R_FACOAE160_enzyme	2.0215247727197466e-07
R_FACOAE161_enzyme	2.0215247727203957e-07
R_FACOAE180_enzyme	0.0
R_FACOAE181_enzyme	0.0
R_FACOAE60_enzyme	0.0
R_FACOAE80_enzyme	0.0
R_FACOAL100t2pp_enzyme	0.0
R_FACOAL100t2pp_duplicate_2_enzyme	0.0
R_FACOAL120t2pp_enzyme	0.0
R_FACOAL120t2pp_duplicate_2_enzyme	0.0
R_FACOAL140t2pp_enzyme	0.0
R_FACOAL140t2pp_duplicate_2_enzyme	0.0
R_FACOAL141t2pp_enzyme	0.0
R_FACOAL141t2pp_duplicate_2_enzyme	0.0
R_FACOAL160t2pp_enzyme	0.0
R_FACOAL160t2pp_duplicate_2_enzyme	0.0
R_FACOAL161t2pp_enzyme	0.0
R_FACOAL161t2pp_duplicate_2_enzyme	0.0
R_FACOAL180t2pp_enzyme	0.0
R_FACOAL180t2pp_duplicate_2_enzyme	0.0
R_FACOAL181t2pp_enzyme	0.0
R_FACOAL181t2pp_duplicate_2_enzyme	0.0
R_FACOAL60t2pp_enzyme	0.0
R_FACOAL60t2pp_duplicate_2_enzyme	0.0
R_FACOAL80t2pp_enzyme	0.0
R_FACOAL80t2pp_duplicate_2_enzyme	0.0
R_FADRx_enzyme	2.1751823146913393e-06
R_FADRx2_enzyme	0.0
R_FALDH2_enzyme	0.0
R_FALDtex_enzyme	0.0
R_FALDtex_duplicate_2_enzyme	0.0
R_FALDtex_duplicate_3_enzyme	0.0
R_FALDtex_duplicate_4_enzyme	0.0
R_FALDtpp_enzyme	0.0
R_FALGTHLs_enzyme	0.0
R_FBA_enzyme	0.0
R_FBA_duplicate_2_enzyme	0.0
R_FBA_duplicate_3_enzyme	1.3402779645644122e-05
R_FBA3_enzyme	0.0
R_FBP_enzyme	0.0
R_FBP_duplicate_2_enzyme	0.0
R_FBP_duplicate_3_enzyme	0.0
R_FCI_enzyme	0.0
R_FCLK_enzyme	0.0
R_FCLPA_enzyme	0.0
R_FCLPA_duplicate_2_enzyme	0.0
R_FCLT_enzyme	9.557284935605042e-09
R_FDH4pp_enzyme	0.0
R_FDH4pp_duplicate_2_enzyme	0.0
R_FDH5pp_enzyme	0.0
R_FDH5pp_duplicate_2_enzyme	0.0
R_FDMO_enzyme	0.0
R_FDMO2_enzyme	0.0
R_FDMO3_enzyme	0.0
R_FDMO4_enzyme	0.0
R_FDMO6_enzyme	0.0
R_FE2abcpp_enzyme	0.0
R_FE2t2pp_enzyme	0.0
R_FE2t3pp_enzyme	0.0
R_FE2tex_enzyme	0.0
R_FE2tex_duplicate_2_enzyme	0.0
R_FE2tex_duplicate_3_enzyme	0.0
R_FE2tex_duplicate_4_enzyme	1.0983404380899412e-09
R_FE2tpp_enzyme	1.1862076731371364e-09
R_FE3DCITabcpp_enzyme	0.0
R_FE3DCITtonex_enzyme	0.0
R_FE3DHBZR_enzyme	0
R_FE3DHBZSabcpp_enzyme	0.0
R_FE3DHBZStonex_enzyme	0.0
R_FE3DHBZStonex_duplicate_2_enzyme	0.0
R_FE3HOXR1_enzyme	0
R_FE3HOXR2_enzyme	0
R_FE3HOXR3_enzyme	0
R_FE3HOXUtex_enzyme	0
R_FE3HOXUtpp_enzyme	0
R_FE3HOXabcpp_enzyme	0.0
R_FE3HOXexs_enzyme	0.0
R_FE3HOXtonex_enzyme	0.0
R_FE3Ri_enzyme	0.0
R_FE3abcpp_enzyme	0
R_FE3tex_enzyme	0.0
R_FE3tex_duplicate_2_enzyme	0.0
R_FE3tex_duplicate_3_enzyme	0.0
R_FE3tex_duplicate_4_enzyme	0.0
R_FECRMR1_enzyme	0
R_FECRMR2_enzyme	0
R_FECRMR3_enzyme	0
R_FECRMUtex_enzyme	0
R_FECRMUtpp_enzyme	0
R_FECRMabcpp_enzyme	0.0
R_FECRMexs_enzyme	0.0
R_FECRMtonex_enzyme	0.0
R_FEENTERR1_enzyme	0
R_FEENTERR2_enzyme	0
R_FEENTERR3_enzyme	0
R_FEENTERabcpp_enzyme	0.0
R_FEENTERexs_enzyme	0.0
R_FEENTERtex_enzyme	0.0
R_FEENTERtonex_enzyme	0.0
R_FEENTERtpp_enzyme	0.0
R_FEOXAMR1_enzyme	0.0
R_FEOXAMR2_enzyme	0.0
R_FEOXAMR3_enzyme	0.0
R_FEOXAMUtex_enzyme	0
R_FEOXAMUtpp_enzyme	0
R_FEOXAMabcpp_enzyme	0.0
R_FEOXAMexs_enzyme	0.0
R_FEOXAMtonex_enzyme	0.0
R_FEROpp_enzyme	0.0
R_FESD1s_enzyme	0.0
R_FESD2s_enzyme	0.0
R_FESR_enzyme	0.0
R_FFSD_enzyme	0
R_FHL_enzyme	0.0
R_FHL_duplicate_2_enzyme	0.0
R_FLDR2_enzyme	4.747167151085989e-07
R_FLDR2_duplicate_2_enzyme	0.0
R_FLVR_enzyme	0.0
R_FLVR_duplicate_2_enzyme	0.0
R_FLVRx_enzyme	0.0
R_FMETTRS_enzyme	8.703757766426457e-08
R_FMNAT_enzyme	6.250221040191013e-08
R_FMNRx_enzyme	0.0
R_FMNRx_duplicate_2_enzyme	1.542171926187639e-11
R_FMNRx2_enzyme	0.0
R_FMNRx2_duplicate_2_enzyme	0.0
R_FMNRx2_duplicate_3_enzyme	0.0
R_FOMETRi_enzyme	0.0
R_FORCT_enzyme	0.0
R_FORt2pp_enzyme	0.0
R_FORt2pp_duplicate_2_enzyme	0.0
R_FORtex_enzyme	0.0
R_FORtex_duplicate_2_enzyme	0.0
R_FORtex_duplicate_3_enzyme	0.0
R_FORtex_duplicate_4_enzyme	0.0
R_FORtppi_enzyme	0.0
R_FORtppi_duplicate_2_enzyme	0.0
R_FRD2_enzyme	0.0
R_FRD3_enzyme	0.0
R_FRUK_enzyme	0.0
R_FRULYSDG_enzyme	0.0
R_FRULYSE_enzyme	0.0
R_FRULYSK_enzyme	0.0
R_FRULYSt2pp_enzyme	0.0
R_FRULYStex_enzyme	0.0
R_FRULYStex_duplicate_2_enzyme	0.0
R_FRULYStex_duplicate_3_enzyme	0.0
R_FRULYStex_duplicate_4_enzyme	0.0
R_FRUURt2rpp_enzyme	0.0
R_FRUURtex_enzyme	0.0
R_FRUURtex_duplicate_2_enzyme	0.0
R_FRUURtex_duplicate_3_enzyme	0.0
R_FRUURtex_duplicate_4_enzyme	0.0
R_FRUpts2pp_enzyme	0.0
R_FRUptspp_enzyme	0.0
R_FRUtex_enzyme	0.0
R_FRUtex_duplicate_2_enzyme	0.0
R_FRUtex_duplicate_3_enzyme	0.0
R_FRUtex_duplicate_4_enzyme	0.0
R_FTHFD_enzyme	0.0
R_FTHFLi_enzyme	0
R_FUCtex_enzyme	0.0
R_FUCtex_duplicate_2_enzyme	0.0
R_FUCtex_duplicate_3_enzyme	0.0
R_FUCtex_duplicate_4_enzyme	0.0
R_FUCtpp_enzyme	0.0
R_FUM_enzyme	3.7396767439706256e-07
R_FUM_duplicate_2_enzyme	0.0
R_FUM_duplicate_3_enzyme	0.0
R_FUMt2_2pp_enzyme	0.0
R_FUMt2_3pp_enzyme	0.0
R_FUMt2_3pp_duplicate_2_enzyme	0.0
R_FUMt2_3pp_duplicate_3_enzyme	0.0
R_FUMtex_enzyme	0.0
R_FUMtex_duplicate_2_enzyme	0.0
R_FUMtex_duplicate_3_enzyme	0.0
R_FUMtex_duplicate_4_enzyme	0.0
R_FUSAtex_enzyme	0.0
R_FUSAtex_duplicate_2_enzyme	0.0
R_FUSAtex_duplicate_3_enzyme	0.0
R_FUSAtex_duplicate_4_enzyme	0.0
R_FUSAtpp_enzyme	0.0
R_FUSAtpp_duplicate_2_enzyme	0.0
R_G1PACT_enzyme	4.6125725636916913e-07
R_G1PPpp_enzyme	0.0
R_G1PTT_enzyme	0.0
R_G1PTT_duplicate_2_enzyme	0.0
R_G1Ptex_enzyme	0.0
R_G1Ptex_duplicate_2_enzyme	0.0
R_G1Ptex_duplicate_3_enzyme	0.0
R_G1Ptex_duplicate_4_enzyme	0.0
R_G1SAT_enzyme	4.015426458060287e-07
R_G2PP_enzyme	0.0
R_G2PPpp_enzyme	0.0
R_G3PAT120_enzyme	0.0
R_G3PAT140_enzyme	0.0
R_G3PAT141_enzyme	0.0
R_G3PAT160_enzyme	7.379931772210474e-07
R_G3PAT161_enzyme	8.698313666515791e-07
R_G3PAT180_enzyme	0.0
R_G3PAT181_enzyme	0.0
R_G3PCabcpp_enzyme	0.0
R_G3PCtex_enzyme	0.0
R_G3PCtex_duplicate_2_enzyme	0.0
R_G3PCtex_duplicate_3_enzyme	0.0
R_G3PCtex_duplicate_4_enzyme	0.0
R_G3PD2_enzyme	1.1063407542753197e-06
R_G3PD5_enzyme	0.0
R_G3PD5_duplicate_2_enzyme	0.0
R_G3PD6_enzyme	0.0
R_G3PD7_enzyme	0.0
R_G3PEabcpp_enzyme	0.0
R_G3PEtex_enzyme	0.0
R_G3PEtex_duplicate_2_enzyme	0.0
R_G3PEtex_duplicate_3_enzyme	0.0
R_G3PEtex_duplicate_4_enzyme	0.0
R_G3PGabcpp_enzyme	0.0
R_G3PGtex_enzyme	0.0
R_G3PGtex_duplicate_2_enzyme	0.0
R_G3PGtex_duplicate_3_enzyme	0.0
R_G3PGtex_duplicate_4_enzyme	0.0
R_G3PIabcpp_enzyme	0.0
R_G3PItex_enzyme	0.0
R_G3PItex_duplicate_2_enzyme	0.0
R_G3PItex_duplicate_3_enzyme	0.0
R_G3PItex_duplicate_4_enzyme	0.0
R_G3PSabcpp_enzyme	0.0
R_G3PStex_enzyme	0.0
R_G3PStex_duplicate_2_enzyme	0.0
R_G3PStex_duplicate_3_enzyme	0.0
R_G3PStex_duplicate_4_enzyme	0.0
R_G3PT_enzyme	0.0
R_G5SADs_enzyme	1.1539809054205493e-06
R_G5SD_enzyme	7.208502578722228e-07
R_G6PDA_enzyme	0.0
R_G6PDH2r_enzyme	5.352740205558112e-07
R_G6PP_enzyme	0.0
R_G6Pt6_2pp_enzyme	0.0
R_G6Ptex_enzyme	0.0
R_G6Ptex_duplicate_2_enzyme	0.0
R_G6Ptex_duplicate_3_enzyme	0.0
R_G6Ptex_duplicate_4_enzyme	0.0
R_GAL1PPpp_enzyme	0.0
R_GAL1Ptex_enzyme	0.0
R_GAL1Ptex_duplicate_2_enzyme	0.0
R_GAL1Ptex_duplicate_3_enzyme	0.0
R_GAL1Ptex_duplicate_4_enzyme	0.0
R_GALBDtex_enzyme	0.0
R_GALBDtex_duplicate_2_enzyme	0.0
R_GALBDtex_duplicate_3_enzyme	0.0
R_GALBDtex_duplicate_4_enzyme	0.0
R_GALCTD_enzyme	0.0
R_GALCTLO_enzyme	0.0
R_GALCTND_enzyme	0.0
R_GALCTNLt2pp_enzyme	0.0
R_GALCTNLtex_enzyme	0.0
R_GALCTNLtex_duplicate_2_enzyme	0.0
R_GALCTNLtex_duplicate_3_enzyme	0.0
R_GALCTNLtex_duplicate_4_enzyme	0.0
R_GALCTNt2pp_enzyme	0.0
R_GALCTNtex_enzyme	0.0
R_GALCTNtex_duplicate_2_enzyme	0.0
R_GALCTNtex_duplicate_3_enzyme	0.0
R_GALCTNtex_duplicate_4_enzyme	0.0
R_GALCTt2rpp_enzyme	0.0
R_GALCTt2rpp_duplicate_2_enzyme	0.0
R_GALCTtex_enzyme	0.0
R_GALCTtex_duplicate_2_enzyme	0.0
R_GALCTtex_duplicate_3_enzyme	0.0
R_GALCTtex_duplicate_4_enzyme	0.0
R_GALKr_enzyme	0.0
R_GALKr_duplicate_2_enzyme	0.0
R_GALM2pp_enzyme	0.0
R_GALS3_enzyme	0.0
R_GALT1_enzyme	0.0
R_GALTptspp_enzyme	0.0
R_GALTtex_enzyme	0.0
R_GALTtex_duplicate_2_enzyme	0.0
R_GALTtex_duplicate_3_enzyme	0.0
R_GALTtex_duplicate_4_enzyme	0.0
R_GALURt2rpp_enzyme	0.0
R_GALURtex_enzyme	0.0
R_GALURtex_duplicate_2_enzyme	0.0
R_GALURtex_duplicate_3_enzyme	0.0
R_GALURtex_duplicate_4_enzyme	0.0
R_GALUi_enzyme	0.0
R_GALabcpp_enzyme	0.0
R_GALabcpp_duplicate_2_enzyme	0.0
R_GALt2pp_enzyme	0.0
R_GALtex_enzyme	0.0
R_GALtex_duplicate_2_enzyme	0.0
R_GALtex_duplicate_3_enzyme	0.0
R_GALtex_duplicate_4_enzyme	0.0
R_GAM6Pt6_2pp_enzyme	0.0
R_GAMAN6Ptex_enzyme	0.0
R_GAMAN6Ptex_duplicate_2_enzyme	0.0
R_GAMAN6Ptex_duplicate_3_enzyme	0.0
R_GAMAN6Ptex_duplicate_4_enzyme	0.0
R_GAMptspp_enzyme	0.0
R_GAMtex_enzyme	0.0
R_GAMtex_duplicate_2_enzyme	0.0
R_GAMtex_duplicate_3_enzyme	0.0
R_GAMtex_duplicate_4_enzyme	0.0
R_GAPD_enzyme	1.991829967415386e-05
R_GARFT_enzyme	4.4433103764438927e-07
R_GART_enzyme	0.0
R_GBBTNtex_enzyme	0.0
R_GBBTNtex_duplicate_2_enzyme	0.0
R_GBBTNtex_duplicate_3_enzyme	0.0
R_GBBTNtex_duplicate_4_enzyme	0.0
R_GCALDD_enzyme	1.770545741611635e-06
R_GDMANE_enzyme	0.0
R_GDPDPK_enzyme	0.0
R_GDPDPK_duplicate_2_enzyme	0.0
R_GDPMNH_enzyme	0.0
R_GDPMNP_enzyme	0.0
R_GDPTPDP_enzyme	0.0
R_GDPtex_enzyme	0.0
R_GDPtex_duplicate_2_enzyme	0.0
R_GDPtex_duplicate_3_enzyme	0.0
R_GDPtex_duplicate_4_enzyme	0.0
R_GF6PTA_enzyme	6.808901431127935e-06
R_GGGABADr_enzyme	0.0
R_GGGABAH_enzyme	0.0
R_GGPTRCO_enzyme	0.0
R_GGPTRCS_enzyme	0.0
R_GHBDHx_enzyme	0.0
R_GHMT2r_enzyme	6.5497069807687235e-06
R_GK1_enzyme	1.9718848557691135e-07
R_GLBRAN2_enzyme	0.0
R_GLCATr_enzyme	0.0
R_GLCDpp_enzyme	0.0
R_GLCDpp_duplicate_2_enzyme	0.0
R_GLCNt2rpp_enzyme	0.0
R_GLCNt2rpp_duplicate_2_enzyme	0.0
R_GLCNt2rpp_duplicate_3_enzyme	0.0
R_GLCNt2rpp_duplicate_4_enzyme	0.0
R_GLCNtex_enzyme	0.0
R_GLCNtex_duplicate_2_enzyme	0.0
R_GLCNtex_duplicate_3_enzyme	0.0
R_GLCNtex_duplicate_4_enzyme	0.0
R_GLCP_enzyme	0.0
R_GLCP_duplicate_2_enzyme	0.0
R_GLCP2_enzyme	0.0
R_GLCP2_duplicate_2_enzyme	0.0
R_GLCRAL_enzyme	0.0
R_GLCRD_enzyme	0.0
R_GLCRD_duplicate_2_enzyme	0.0
R_GLCRt2rpp_enzyme	0.0
R_GLCRt2rpp_duplicate_2_enzyme	0.0
R_GLCRtex_enzyme	0.0
R_GLCRtex_duplicate_2_enzyme	0.0
R_GLCRtex_duplicate_3_enzyme	0.0
R_GLCRtex_duplicate_4_enzyme	0.0
R_GLCS1_enzyme	0.0
R_GLCTR1_enzyme	0.0
R_GLCTR2_enzyme	0.0
R_GLCTR3_enzyme	0.0
R_GLCUR1Ptex_enzyme	0.0
R_GLCUR1Ptex_duplicate_2_enzyme	0.0
R_GLCUR1Ptex_duplicate_3_enzyme	0.0
R_GLCUR1Ptex_duplicate_4_enzyme	0.0
R_GLCURt2rpp_enzyme	0.0
R_GLCURt2rpp_duplicate_2_enzyme	0.0
R_GLCURtex_enzyme	0.0
R_GLCURtex_duplicate_2_enzyme	0.0
R_GLCURtex_duplicate_3_enzyme	0.0
R_GLCURtex_duplicate_4_enzyme	0.0
R_GLCabcpp_enzyme	0.0
R_GLCptspp_enzyme	0.0
R_GLCptspp_duplicate_2_enzyme	2.735939810502458e-06
R_GLCptspp_duplicate_3_enzyme	0.0
R_GLCt2pp_enzyme	0.0
R_GLCtex_copy1_enzyme	0.0
R_GLCtex_copy1_duplicate_2_enzyme	0.0
R_GLCtex_copy1_duplicate_3_enzyme	0.0
R_GLCtex_copy1_duplicate_4_enzyme	9.387383851968498e-06
R_GLCtex_copy2_enzyme	0.0
R_GLDBRAN2_enzyme	0.0
R_GLGC_enzyme	0.0
R_GLNS_enzyme	1.7948553746050315e-06
R_GLNS_duplicate_2_enzyme	0.0
R_GLNTRS_enzyme	1.1073330276874486e-06
R_GLNabcpp_enzyme	0.0
R_GLNtex_enzyme	0.0
R_GLNtex_duplicate_2_enzyme	0.0
R_GLNtex_duplicate_3_enzyme	0.0
R_GLNtex_duplicate_4_enzyme	0.0
R_GLTPD_enzyme	0.0
R_GLU5K_enzyme	2.59628270844371e-07
R_GLUABUTt7pp_enzyme	0.0
R_GLUCYS_enzyme	3.931417936834302e-11
R_GLUDC_enzyme	0.0
R_GLUDC_duplicate_2_enzyme	0.0
R_GLUDy_enzyme	1.4675013606060144e-06
R_GLUN_enzyme	0.0
R_GLUN_duplicate_2_enzyme	0.0
R_GLUN_duplicate_3_enzyme	0.0
R_GLUNpp_enzyme	0.0
R_GLUPRT_enzyme	1.8658999456688682e-07
R_GLUR_enzyme	2.2668143894907346e-07
R_GLUSy_enzyme	0.0
R_GLUTRR_enzyme	8.282075884630078e-10
R_GLUTRS_enzyme	0.00040712403685547036
R_GLUabcpp_enzyme	0.0
R_GLUt2rpp_enzyme	0.0
R_GLUt4pp_enzyme	0.0
R_GLUtex_enzyme	0.0
R_GLUtex_duplicate_2_enzyme	0.0
R_GLUtex_duplicate_3_enzyme	0.0
R_GLUtex_duplicate_4_enzyme	0.0
R_GLXCL_enzyme	0.0
R_GLYALDtex_enzyme	0.0
R_GLYALDtex_duplicate_2_enzyme	0.0
R_GLYALDtex_duplicate_3_enzyme	0.0
R_GLYALDtex_duplicate_4_enzyme	0.0
R_GLYALDtpp_enzyme	0.0
R_GLYAT_enzyme	0.0
R_GLYBabcpp_enzyme	0.0
R_GLYBt2pp_enzyme	0.0
R_GLYBt2pp_duplicate_2_enzyme	0.0
R_GLYBtex_enzyme	0.0
R_GLYBtex_duplicate_2_enzyme	0.0
R_GLYBtex_duplicate_3_enzyme	0.0
R_GLYBtex_duplicate_4_enzyme	0.0
R_GLYC2Pabcpp_enzyme	0.0
R_GLYC2Ptex_enzyme	0.0
R_GLYC2Ptex_duplicate_2_enzyme	0.0
R_GLYC2Ptex_duplicate_3_enzyme	0.0
R_GLYC2Ptex_duplicate_4_enzyme	0.0
R_GLYC3Pabcpp_enzyme	0.0
R_GLYC3Pt6pp_enzyme	0.0
R_GLYC3Ptex_enzyme	0.0
R_GLYC3Ptex_duplicate_2_enzyme	0.0
R_GLYC3Ptex_duplicate_3_enzyme	0.0
R_GLYC3Ptex_duplicate_4_enzyme	0.0
R_GLYCAt2rpp_enzyme	0.0
R_GLYCAt2rpp_duplicate_2_enzyme	0.0
R_GLYCAtex_enzyme	0.0
R_GLYCAtex_duplicate_2_enzyme	0.0
R_GLYCAtex_duplicate_3_enzyme	0.0
R_GLYCAtex_duplicate_4_enzyme	0.0
R_GLYCDx_enzyme	0.0
R_GLYCK_enzyme	0.0
R_GLYCK2_enzyme	0.0
R_GLYCL_enzyme	0.0
R_GLYCLTDx_enzyme	0.0
R_GLYCLTDx_duplicate_2_enzyme	0.0
R_GLYCLTDy_enzyme	0.0
R_GLYCLTDy_duplicate_2_enzyme	0.0
R_GLYCLTt2rpp_enzyme	5.782376729409284e-10
R_GLYCLTt2rpp_duplicate_2_enzyme	0.0
R_GLYCLTt4pp_enzyme	0.0
R_GLYCLTtex_enzyme	0.0
R_GLYCLTtex_duplicate_2_enzyme	0.0
R_GLYCLTtex_duplicate_3_enzyme	0.0
R_GLYCLTtex_duplicate_4_enzyme	5.782376729409284e-10
R_GLYCTO2_enzyme	0.0
R_GLYCTO3_enzyme	0.0
R_GLYCTO4_enzyme	0.0
R_GLYCtex_enzyme	0.0
R_GLYCtex_duplicate_2_enzyme	0.0
R_GLYCtex_duplicate_3_enzyme	0.0
R_GLYCtex_duplicate_4_enzyme	0.0
R_GLYCtpp_enzyme	0.0
R_GLYCtpp_duplicate_2_enzyme	0.0
R_GLYK_enzyme	0.0
R_GLYOX_enzyme	0.0
R_GLYOX3_enzyme	0
R_GLYTRS_enzyme	2.40027480996849e-06
R_GLYt2pp_copy1_enzyme	0.0
R_GLYt2pp_copy1_duplicate_2_enzyme	0.0
R_GLYt2pp_copy2_enzyme	0
R_GLYt4pp_enzyme	0.0
R_GLYtex_enzyme	0.0
R_GLYtex_duplicate_2_enzyme	0.0
R_GLYtex_duplicate_3_enzyme	0.0
R_GLYtex_duplicate_4_enzyme	0.0
R_GMAND_enzyme	0.0
R_GMHEPAT_enzyme	0.0
R_GMHEPK_enzyme	0.0
R_GMHEPPA_enzyme	0.0
R_GMPR_enzyme	0.0
R_GMPS2_enzyme	1.3773318780983949e-06
R_GMPtex_enzyme	0.0
R_GMPtex_duplicate_2_enzyme	0.0
R_GMPtex_duplicate_3_enzyme	0.0
R_GMPtex_duplicate_4_enzyme	0.0
R_GND_enzyme	3.189777059051319e-06
R_GNK_enzyme	0.0
R_GNK_duplicate_2_enzyme	0.0
R_GOFUCR_enzyme	0.0
R_GP4GH_enzyme	0.0
R_GPDDA1_enzyme	0.0
R_GPDDA1pp_enzyme	0.0
R_GPDDA2_enzyme	0.0
R_GPDDA2pp_enzyme	0.0
R_GPDDA3_enzyme	0.0
R_GPDDA3pp_enzyme	0.0
R_GPDDA4_enzyme	0.0
R_GPDDA4pp_enzyme	0.0
R_GPDDA5_enzyme	0.0
R_GPDDA5pp_enzyme	0.0
R_GRTT_enzyme	1.1801422112524006e-08
R_GRXR_enzyme	0.0
R_GRXR_duplicate_2_enzyme	0.0
R_GRXR_duplicate_3_enzyme	0.0
R_GRXR_duplicate_4_enzyme	0.0
R_GSNK_enzyme	0.0
R_GSNt2pp_enzyme	0.0
R_GSNtex_enzyme	0.0
R_GSNtex_duplicate_2_enzyme	0.0
R_GSNtex_duplicate_3_enzyme	0.0
R_GSNtex_duplicate_4_enzyme	0.0
R_GSPMDA_enzyme	0.0
R_GSPMDS_enzyme	0.0
R_GTHOXtex_enzyme	0.0
R_GTHOXtex_duplicate_2_enzyme	0.0
R_GTHOXtex_duplicate_3_enzyme	0.0
R_GTHOXtex_duplicate_4_enzyme	0.0
R_GTHOr_enzyme	0.0
R_GTHPi_enzyme	0.0
R_GTHRDHpp_enzyme	0.0
R_GTHRDabc2pp_enzyme	0.0
R_GTHRDabcpp_enzyme	0.0
R_GTHRDtex_enzyme	0.0
R_GTHRDtex_duplicate_2_enzyme	0.0
R_GTHRDtex_duplicate_3_enzyme	0.0
R_GTHRDtex_duplicate_4_enzyme	0.0
R_GTHS_enzyme	3.931417936834302e-11
R_GTPCI_enzyme	2.8676671160282674e-06
R_GTPCII2_enzyme	6.615147705763988e-08
R_GTPDPDP_enzyme	0.0
R_GTPDPK_enzyme	0.0
R_GTPHs_enzyme	0.0
R_GTPtex_enzyme	0.0
R_GTPtex_duplicate_2_enzyme	0.0
R_GTPtex_duplicate_3_enzyme	0.0
R_GTPtex_duplicate_4_enzyme	0.0
R_GUACYC_enzyme	0
R_GUAD_enzyme	0.0
R_GUAPRT_enzyme	0.0
R_GUAPRT_duplicate_2_enzyme	0.0
R_GUAt2pp_enzyme	0.0
R_GUAtex_enzyme	0.0
R_GUAtpp_enzyme	0
R_GUI1_enzyme	0.0
R_GUI2_enzyme	0.0
R_GUR1PPpp_enzyme	0
R_H2O2tex_enzyme	0.0
R_H2O2tex_duplicate_2_enzyme	0.0
R_H2O2tex_duplicate_3_enzyme	0.0
R_H2O2tex_duplicate_4_enzyme	0.0
R_H2Otex_enzyme	0.0
R_H2Otex_duplicate_2_enzyme	0.0
R_H2Otex_duplicate_3_enzyme	2.8355766174834194e-05
R_H2Otex_duplicate_4_enzyme	0.0
R_H2Otex_duplicate_5_enzyme	0.0
R_H2Otex_duplicate_6_enzyme	0.0
R_H2Otex_duplicate_7_enzyme	0.0
R_H2Otex_duplicate_8_enzyme	0.0
R_H2Otpp_enzyme	2.8355766174834194e-05
R_H2Otpp_duplicate_2_enzyme	0.0
R_H2SO_enzyme	0
R_H2St1pp_enzyme	0.0
R_H2Stex_enzyme	0.0
R_H2Stex_duplicate_2_enzyme	0.0
R_H2Stex_duplicate_3_enzyme	0.0
R_H2Stex_duplicate_4_enzyme	0.0
R_H2tex_enzyme	0.0
R_H2tex_duplicate_2_enzyme	0.0
R_H2tex_duplicate_3_enzyme	0.0
R_H2tex_duplicate_4_enzyme	0.0
R_H2tpp_enzyme	0.0
R_HACD1_enzyme	0.0
R_HACD1_duplicate_2_enzyme	3.3325554830601215e-07
R_HACD2_enzyme	0.0
R_HACD2_duplicate_2_enzyme	3.3325554830601215e-07
R_HACD3_enzyme	0.0
R_HACD3_duplicate_2_enzyme	3.3325554830601215e-07
R_HACD4_enzyme	0.0
R_HACD4_duplicate_2_enzyme	3.3325554830601215e-07
R_HACD5_enzyme	0.0
R_HACD5_duplicate_2_enzyme	3.3325554830601215e-07
R_HACD6_enzyme	0.0
R_HACD6_duplicate_2_enzyme	3.332555483061447e-07
R_HACD7_enzyme	0.0
R_HACD7_duplicate_2_enzyme	3.332555483061447e-07
R_HACD8_enzyme	0.0
R_HACD8_duplicate_2_enzyme	0.0
R_HADPCOADH3_enzyme	0.0
R_HBZOPT_enzyme	1.9171276065171505e-10
R_HCINNMt2rpp_enzyme	0.0
R_HCINNMtex_enzyme	0.0
R_HCINNMtex_duplicate_2_enzyme	0.0
R_HCINNMtex_duplicate_3_enzyme	0.0
R_HCINNMtex_duplicate_4_enzyme	0.0
R_HCO3E_enzyme	0.0
R_HCO3E_duplicate_2_enzyme	2.3830369309708444e-06
R_HCYSMT_enzyme	0.0
R_HCYSMT2_enzyme	0.0
R_HDCAtexi_enzyme	0.0
R_HDCEAtexi_enzyme	0.0
R_HEMEOS_enzyme	1.917127606701692e-10
R_HEPK1_enzyme	0.0
R_HEPK2_enzyme	0.0
R_HEPT1_enzyme	0.0
R_HEPT2_enzyme	0.0
R_HEPT3_enzyme	0.0
R_HEPT4_enzyme	0.0
R_HETZK_enzyme	0.0
R_HEX1_enzyme	0.0
R_HEX4_enzyme	0
R_HEX7_enzyme	0.0
R_HEXt2rpp_enzyme	0.0
R_HG2abcpp_enzyme	0.0
R_HG2t3pp_enzyme	0.0
R_HG2tex_enzyme	0.0
R_HG2tex_duplicate_2_enzyme	0.0
R_HG2tex_duplicate_3_enzyme	0.0
R_HG2tex_duplicate_4_enzyme	0.0
R_HISTD_enzyme	3.24594430685285e-06
R_HISTP_enzyme	5.262064632052725e-06
R_HISTRS_enzyme	6.211598663211226e-07
R_HISabcpp_enzyme	0.0
R_HISt2rpp_enzyme	0.0
R_HIStex_enzyme	0.0
R_HIStex_duplicate_2_enzyme	0.0
R_HIStex_duplicate_3_enzyme	0.0
R_HIStex_duplicate_4_enzyme	0.0
R_HKNDDH_enzyme	0.0
R_HKNTDH_enzyme	0.0
R_HMBS_enzyme	6.183949993862985e-08
R_HMPK1_enzyme	0.0
R_HMPK1_duplicate_2_enzyme	0.0
R_HOMt2pp_enzyme	0.0
R_HOMt2pp_duplicate_2_enzyme	0.0
R_HOMtex_enzyme	0.0
R_HOMtex_duplicate_2_enzyme	0.0
R_HOMtex_duplicate_3_enzyme	0.0
R_HOMtex_duplicate_4_enzyme	0.0
R_HOPNTAL_enzyme	0.0
R_HPPK2_enzyme	4.3290121531518374e-07
R_HPPPNDO_enzyme	0.0
R_HPPPNt2rpp_enzyme	0.0
R_HPPPNtex_enzyme	0.0
R_HPPPNtex_duplicate_2_enzyme	0.0
R_HPPPNtex_duplicate_3_enzyme	0.0
R_HPPPNtex_duplicate_4_enzyme	0.0
R_HPYRI_enzyme	0.0
R_HPYRRx_enzyme	0.0
R_HPYRRx_duplicate_2_enzyme	0.0
R_HPYRRy_enzyme	0.0
R_HPYRRy_duplicate_2_enzyme	0.0
R_HSDy_enzyme	2.6425338121298234e-06
R_HSDy_duplicate_2_enzyme	0.0
R_HSK_enzyme	1.0487316112610933e-06
R_HSST_enzyme	2.266848384504027e-06
R_HSTPT_enzyme	2.0745040057972035e-06
R_HXAND_enzyme	0.0
R_HXAtex_enzyme	0.0
R_HXAtex_duplicate_2_enzyme	0.0
R_HXAtex_duplicate_3_enzyme	0.0
R_HXAtex_duplicate_4_enzyme	0.0
R_HXCT_enzyme	0.0
R_HXPRT_enzyme	0.0
R_HXPRT_duplicate_2_enzyme	0.0
R_HYD1pp_enzyme	0.0
R_HYD1pp_duplicate_2_enzyme	0.0
R_HYD1pp_duplicate_3_enzyme	0.0
R_HYD2pp_enzyme	0.0
R_HYD2pp_duplicate_2_enzyme	0.0
R_HYD3pp_enzyme	0.0
R_HYD3pp_duplicate_2_enzyme	0.0
R_HYPOE_enzyme	0
R_HYXNtex_enzyme	0.0
R_HYXNtex_duplicate_2_enzyme	0.0
R_HYXNtex_duplicate_3_enzyme	0.0
R_HYXNtex_duplicate_4_enzyme	0.0
R_HYXNtpp_enzyme	0
R_Htex_enzyme	8.131046009946084e-06
R_Htex_duplicate_2_enzyme	0.0
R_Htex_duplicate_3_enzyme	0.0
R_Htex_duplicate_4_enzyme	0.0
R_I2FE2SR_enzyme	0.0
R_I2FE2SS_enzyme	0.0
R_I2FE2SS2_enzyme	0.0
R_I2FE2ST_enzyme	0.0
R_I4FE4SR_enzyme	0.0
R_I4FE4ST_enzyme	0.0
R_ICDHyr_enzyme	1.0403428554184383e-05
R_ICHORS_copy1_enzyme	0.0
R_ICHORS_copy2_enzyme	0.0
R_ICHORT_enzyme	0.0
R_ICL_enzyme	0.0
R_ICYSDS_enzyme	2.6777039869648807e-07
R_IDOND_enzyme	0.0
R_IDOND2_enzyme	0.0
R_IDONt2rpp_enzyme	0.0
R_IDONtex_enzyme	0.0
R_IDONtex_duplicate_2_enzyme	0.0
R_IDONtex_duplicate_3_enzyme	0.0
R_IDONtex_duplicate_4_enzyme	0.0
R_IG3PS_enzyme	2.3976055913249153e-06
R_IGPDH_enzyme	5.262064632052725e-06
R_IGPS_enzyme	1.3608229981738147e-06
R_ILETA_enzyme	7.567471070393689e-07
R_ILETRS_enzyme	1.7602195057473554e-06
R_ILEabcpp_enzyme	0.0
R_ILEt2rpp_enzyme	0.0
R_ILEtex_enzyme	0.0
R_ILEtex_duplicate_2_enzyme	0.0
R_ILEtex_duplicate_3_enzyme	0.0
R_ILEtex_duplicate_4_enzyme	0.0
R_IMPC_enzyme	3.077391280292244e-06
R_IMPD_enzyme	1.9996225212224628e-06
R_IMPtex_enzyme	0.0
R_IMPtex_duplicate_2_enzyme	0.0
R_IMPtex_duplicate_3_enzyme	0.0
R_IMPtex_duplicate_4_enzyme	0.0
R_INDOLEt2pp_enzyme	0.0
R_INDOLEt2rpp_enzyme	0.0
R_INDOLEtex_enzyme	0.0
R_INDOLEtex_duplicate_2_enzyme	0.0
R_INDOLEtex_duplicate_3_enzyme	0.0
R_INDOLEtex_duplicate_4_enzyme	0.0
R_INOSTt4pp_enzyme	0.0
R_INSH_enzyme	0.0
R_INSK_enzyme	0.0
R_INSTtex_enzyme	0.0
R_INSTtex_duplicate_2_enzyme	0.0
R_INSTtex_duplicate_3_enzyme	0.0
R_INSTtex_duplicate_4_enzyme	0.0
R_INSt2pp_copy1_enzyme	0.0
R_INSt2pp_copy2_enzyme	0.0
R_INStex_enzyme	0.0
R_IPDDI_enzyme	8.086029248252492e-09
R_IPDPS_enzyme	0.0
R_IPMD_enzyme	3.85895222647429e-06
R_IPPMIa_enzyme	6.326434205137125e-06
R_IPPMIb_enzyme	6.326434205137125e-06
R_IPPS_enzyme	1.140106744327e-06
R_ISETACabcpp_enzyme	0.0
R_ISETACabcpp_duplicate_2_enzyme	0.0
R_ISETACtex_enzyme	0.0
R_ISETACtex_duplicate_2_enzyme	0.0
R_ISETACtex_duplicate_3_enzyme	0.0
R_ISETACtex_duplicate_4_enzyme	0.0
R_K2L4Aabcpp_enzyme	0.0
R_K2L4Aabctex_enzyme	0.0
R_KARA1_enzyme	1.3387088318580582e-05
R_KARA2_enzyme	1.4504657946237012e-05
R_KAS14_enzyme	0.0
R_KAS14_duplicate_2_enzyme	0.0
R_KAS15_enzyme	0.0
R_KDOCT2_enzyme	1.8472845621904604e-06
R_KDOPP_enzyme	1.7170273174082708e-07
R_KDOPS_enzyme	2.982947293634704e-06
R_KG6PDC_enzyme	0.0
R_KG6PDC_duplicate_2_enzyme	0.0
R_Kabcpp_enzyme	0.0
R_Kabcpp_duplicate_2_enzyme	0.0
R_Kt2pp_enzyme	0.0
R_Kt2pp_duplicate_2_enzyme	0.0
R_Kt2pp_duplicate_3_enzyme	0.0
R_Kt2pp_duplicate_4_enzyme	1.1915079626515261e-06
R_Kt3pp_enzyme	0.0
R_Kt3pp_duplicate_2_enzyme	0.0
R_Kt3pp_duplicate_3_enzyme	0.0
R_Kt3pp_duplicate_4_enzyme	0.0
R_Ktex_enzyme	0.0
R_Ktex_duplicate_2_enzyme	0.0
R_Ktex_duplicate_3_enzyme	0.0
R_Ktex_duplicate_4_enzyme	1.0215260310798404e-06
R_L_LACD2_enzyme	0.0
R_L_LACD2_duplicate_2_enzyme	0.0
R_L_LACD3_enzyme	0.0
R_L_LACD3_duplicate_2_enzyme	0.0
R_L_LACt2rpp_enzyme	0.0
R_L_LACt2rpp_duplicate_2_enzyme	0.0
R_L_LACtex_enzyme	0.0
R_L_LACtex_duplicate_2_enzyme	0.0
R_L_LACtex_duplicate_3_enzyme	0.0
R_L_LACtex_duplicate_4_enzyme	0.0
R_LA4NTpp_enzyme	0.0
R_LACZ_enzyme	0.0
R_LACZpp_enzyme	0.0
R_LADGMDH_enzyme	0.0
R_LALADGLUtex_enzyme	0.0
R_LALADGLUtex_duplicate_2_enzyme	0.0
R_LALADGLUtex_duplicate_3_enzyme	0.0
R_LALADGLUtex_duplicate_4_enzyme	0.0
R_LALADGLUtpp_enzyme	0.0
R_LALADGLUtpp_duplicate_2_enzyme	0.0
R_LALADGLUtpp_duplicate_3_enzyme	0.0
R_LALADGLUtpp_duplicate_4_enzyme	0.0
R_LALALGLUtex_enzyme	0.0
R_LALALGLUtex_duplicate_2_enzyme	0.0
R_LALALGLUtex_duplicate_3_enzyme	0.0
R_LALALGLUtex_duplicate_4_enzyme	0.0
R_LALALGLUtpp_enzyme	0.0
R_LALALGLUtpp_duplicate_2_enzyme	0.0
R_LALALGLUtpp_duplicate_3_enzyme	0.0
R_LALALGLUtpp_duplicate_4_enzyme	0.0
R_LALDO2x_enzyme	0.0
R_LALDO3_enzyme	0
R_LALGP_enzyme	0.0
R_LCADi_enzyme	0.0
R_LCARR_enzyme	0
R_LCARS_enzyme	0.0
R_LCTSt3ipp_enzyme	0.0
R_LCTSt3ipp_duplicate_2_enzyme	0.0
R_LCTSt3ipp_duplicate_3_enzyme	0.0
R_LCTStex_enzyme	0.0
R_LCTStex_duplicate_2_enzyme	0.0
R_LCTStex_duplicate_3_enzyme	0.0
R_LCTStex_duplicate_4_enzyme	0.0
R_LCTStpp_enzyme	0.0
R_LDH_D_enzyme	0.0
R_LDH_D_duplicate_2_enzyme	0.0
R_LDH_D2_enzyme	0.0
R_LEUTAi_enzyme	0.0
R_LEUTAi_duplicate_2_enzyme	2.220215248577227e-06
R_LEUTRS_enzyme	2.6384572814342668e-06
R_LEUabcpp_enzyme	0.0
R_LEUabcpp_duplicate_2_enzyme	0.0
R_LEUt2rpp_enzyme	0.0
R_LEUtex_enzyme	0.0
R_LEUtex_duplicate_2_enzyme	0.0
R_LEUtex_duplicate_3_enzyme	0.0
R_LEUtex_duplicate_4_enzyme	0.0
R_LGTHL_enzyme	0.0
R_LIPACabcpp_enzyme	0.0
R_LIPAHT2ex_enzyme	0.0
R_LIPAHTex_enzyme	0.0
R_LIPAMPL_enzyme	0.0
R_LIPATPT_enzyme	0.0
R_LIPAabcpp_enzyme	0.0
R_LIPAabctex_enzyme	0.0
R_LIPOCT_enzyme	0.0
R_LIPOS_enzyme	0.0
R_LIPOt2pp_enzyme	0
R_LIPOtex_enzyme	0.0
R_LIPOtex_duplicate_2_enzyme	0.0
R_LIPOtex_duplicate_3_enzyme	3.729982776043435e-10
R_LIPOtex_duplicate_4_enzyme	0.0
R_LPADSS_enzyme	1.0488245682727801e-07
R_LPLIPAL1A120pp_enzyme	0.0
R_LPLIPAL1A140pp_enzyme	0.0
R_LPLIPAL1A141pp_enzyme	0.0
R_LPLIPAL1A160pp_enzyme	0.0
R_LPLIPAL1A161pp_enzyme	0.0
R_LPLIPAL1A180pp_enzyme	0.0
R_LPLIPAL1A181pp_enzyme	0.0
R_LPLIPAL1E120pp_enzyme	0.0
R_LPLIPAL1E140pp_enzyme	0.0
R_LPLIPAL1E141pp_enzyme	0.0
R_LPLIPAL1E160pp_enzyme	0.0
R_LPLIPAL1E161pp_enzyme	0.0
R_LPLIPAL1E180pp_enzyme	0.0
R_LPLIPAL1E181pp_enzyme	0.0
R_LPLIPAL1G120pp_enzyme	0.0
R_LPLIPAL1G140pp_enzyme	0.0
R_LPLIPAL1G141pp_enzyme	0.0
R_LPLIPAL1G160pp_enzyme	0.0
R_LPLIPAL1G161pp_enzyme	0.0
R_LPLIPAL1G180pp_enzyme	0.0
R_LPLIPAL1G181pp_enzyme	0.0
R_LPLIPAL2A120_enzyme	0.0
R_LPLIPAL2A140_enzyme	0.0
R_LPLIPAL2A141_enzyme	0.0
R_LPLIPAL2A160_enzyme	0.0
R_LPLIPAL2A161_enzyme	0.0
R_LPLIPAL2A180_enzyme	0.0
R_LPLIPAL2A181_enzyme	0.0
R_LPLIPAL2ATE120_enzyme	0.0
R_LPLIPAL2ATE140_enzyme	0.0
R_LPLIPAL2ATE141_enzyme	0.0
R_LPLIPAL2ATE160_enzyme	0.0
R_LPLIPAL2ATE161_enzyme	0.0
R_LPLIPAL2ATE180_enzyme	0.0
R_LPLIPAL2ATE181_enzyme	0.0
R_LPLIPAL2ATG120_enzyme	0.0
R_LPLIPAL2ATG140_enzyme	0.0
R_LPLIPAL2ATG141_enzyme	0.0
R_LPLIPAL2ATG160_enzyme	0.0
R_LPLIPAL2ATG161_enzyme	0.0
R_LPLIPAL2ATG180_enzyme	0.0
R_LPLIPAL2ATG181_enzyme	0.0
R_LPLIPAL2E120_enzyme	0.0
R_LPLIPAL2E140_enzyme	0.0
R_LPLIPAL2E141_enzyme	0.0
R_LPLIPAL2E160_enzyme	0.0
R_LPLIPAL2E161_enzyme	0.0
R_LPLIPAL2E180_enzyme	0.0
R_LPLIPAL2E181_enzyme	0.0
R_LPLIPAL2G120_enzyme	0.0
R_LPLIPAL2G140_enzyme	0.0
R_LPLIPAL2G141_enzyme	0.0
R_LPLIPAL2G160_enzyme	0.0
R_LPLIPAL2G161_enzyme	0.0
R_LPLIPAL2G180_enzyme	0.0
R_LPLIPAL2G181_enzyme	0.0
R_LSERDHr_enzyme	0.0
R_LYSDC_enzyme	0.0
R_LYSDC_duplicate_2_enzyme	0.0
R_LYSTRS_enzyme	0.0
R_LYSTRS_duplicate_2_enzyme	1.5816887659098085e-06
R_LYSabcpp_enzyme	0.0
R_LYSt2pp_enzyme	0.0
R_LYSt3pp_enzyme	0.0
R_LYStex_enzyme	0.0
R_LYStex_duplicate_2_enzyme	0.0
R_LYStex_duplicate_3_enzyme	0.0
R_LYStex_duplicate_4_enzyme	0.0
R_LYXI_enzyme	0.0
R_LYXt2pp_enzyme	0.0
R_LYXtex_enzyme	0.0
R_LYXtex_duplicate_2_enzyme	0.0
R_LYXtex_duplicate_3_enzyme	0.0
R_LYXtex_duplicate_4_enzyme	0.0
R_M1PD_enzyme	0.0
R_MACPD_enzyme	0.0
R_MALCOAMT_enzyme	2.0299830353652063e-08
R_MALDDH_enzyme	0.0
R_MALDt2_2pp_enzyme	0.0
R_MALDtex_enzyme	0.0
R_MALDtex_duplicate_2_enzyme	0.0
R_MALDtex_duplicate_3_enzyme	0.0
R_MALDtex_duplicate_4_enzyme	0.0
R_MALS_enzyme	0.0
R_MALS_duplicate_2_enzyme	0.0
R_MALTATr_enzyme	0.0
R_MALTHXabcpp_enzyme	0.0
R_MALTHXtexi_enzyme	0.0
R_MALTPTabcpp_enzyme	0.0
R_MALTPTtexi_enzyme	0.0
R_MALTTRabcpp_enzyme	0.0
R_MALTTRtexi_enzyme	0.0
R_MALTTTRabcpp_enzyme	0.0
R_MALTTTRtexi_enzyme	0.0
R_MALTabcpp_enzyme	0.0
R_MALTptspp_enzyme	0.0
R_MALTtexi_enzyme	0.0
R_MALt2_2pp_enzyme	0.0
R_MALt2_3pp_enzyme	0.0
R_MALt2_3pp_duplicate_2_enzyme	0.0
R_MALt3pp_enzyme	0
R_MALtex_enzyme	0.0
R_MALtex_duplicate_2_enzyme	0.0
R_MALtex_duplicate_3_enzyme	0.0
R_MALtex_duplicate_4_enzyme	0.0
R_MAN1PT2_enzyme	0.0
R_MAN6PI_enzyme	0.0
R_MAN6Pt6_2pp_enzyme	0.0
R_MAN6Ptex_enzyme	0.0
R_MAN6Ptex_duplicate_2_enzyme	0.0
R_MAN6Ptex_duplicate_3_enzyme	0.0
R_MAN6Ptex_duplicate_4_enzyme	0.0
R_MANAO_enzyme	0.0
R_MANGLYCptspp_enzyme	0.0
R_MANGLYCtex_enzyme	0.0
R_MANGLYCtex_duplicate_2_enzyme	0.0
R_MANGLYCtex_duplicate_3_enzyme	0.0
R_MANGLYCtex_duplicate_4_enzyme	0.0
R_MANPGH_enzyme	0.0
R_MANptspp_enzyme	0.0
R_MANtex_enzyme	0.0
R_MANtex_duplicate_2_enzyme	0.0
R_MANtex_duplicate_3_enzyme	0.0
R_MANtex_duplicate_4_enzyme	0.0
R_MCITD_enzyme	0.0
R_MCITL2_enzyme	0.0
R_MCITS_enzyme	0.0
R_MCOATA_enzyme	3.3488814157720864e-05
R_MCPST_enzyme	0.0
R_MCTP1App_enzyme	0.0
R_MCTP1App_duplicate_2_enzyme	0.0
R_MCTP1App_duplicate_3_enzyme	1.6068068455682506e-07
R_MCTP1App_duplicate_4_enzyme	0.0
R_MCTP1Bpp_enzyme	0.0
R_MCTP1Bpp_duplicate_2_enzyme	0.0
R_MCTP2App_enzyme	0.0
R_MCTP2App_duplicate_2_enzyme	0.0
R_MCTP2App_duplicate_3_enzyme	0.0
R_MCTP2App_duplicate_4_enzyme	0.0
R_MDDCP1pp_enzyme	0.0
R_MDDCP1pp_duplicate_2_enzyme	0.0
R_MDDCP1pp_duplicate_3_enzyme	0.0
R_MDDCP1pp_duplicate_4_enzyme	0.0
R_MDDCP2pp_enzyme	0.0
R_MDDCP2pp_duplicate_2_enzyme	0.0
R_MDDCP2pp_duplicate_3_enzyme	0.0
R_MDDCP2pp_duplicate_4_enzyme	0.0
R_MDDCP3pp_enzyme	0.0
R_MDDCP3pp_duplicate_2_enzyme	0.0
R_MDDCP3pp_duplicate_3_enzyme	0.0
R_MDDCP3pp_duplicate_4_enzyme	0.0
R_MDDCP4pp_enzyme	0.0
R_MDDCP4pp_duplicate_2_enzyme	0.0
R_MDDCP4pp_duplicate_3_enzyme	0.0
R_MDDCP4pp_duplicate_4_enzyme	0.0
R_MDDCP5pp_enzyme	0.0
R_MDDCP5pp_duplicate_2_enzyme	0.0
R_MDDCP5pp_duplicate_3_enzyme	0.0
R_MDDCP5pp_duplicate_4_enzyme	0.0
R_MDDEP1pp_enzyme	0.0
R_MDDEP1pp_duplicate_2_enzyme	0.0
R_MDDEP1pp_duplicate_3_enzyme	0.0
R_MDDEP2pp_enzyme	0.0
R_MDDEP2pp_duplicate_2_enzyme	0.0
R_MDDEP2pp_duplicate_3_enzyme	0.0
R_MDDEP3pp_enzyme	0.0
R_MDDEP3pp_duplicate_2_enzyme	0.0
R_MDDEP3pp_duplicate_3_enzyme	0.0
R_MDDEP4pp_enzyme	0.0
R_MDDEP4pp_duplicate_2_enzyme	0.0
R_MDDEP4pp_duplicate_3_enzyme	0.0
R_MDH_enzyme	0.0
R_MDH2_enzyme	0.0
R_MDH3_enzyme	0.0
R_ME1_enzyme	0.0
R_ME2_enzyme	1.5250123658165136e-07
R_MECDPDH5_enzyme	0.0
R_MECDPDH5_duplicate_2_enzyme	3.230589310810741e-06
R_MECDPS_enzyme	5.523199827802016e-07
R_MELIBt2pp_enzyme	0.0
R_MELIBt3ipp_enzyme	0.0
R_MELIBtex_enzyme	0.0
R_MELIBtex_duplicate_2_enzyme	0.0
R_MELIBtex_duplicate_3_enzyme	0.0
R_MELIBtex_duplicate_4_enzyme	0.0
R_MEOHtex_enzyme	2.8911883647046393e-12
R_MEOHtex_duplicate_2_enzyme	0.0
R_MEOHtex_duplicate_3_enzyme	0.0
R_MEOHtex_duplicate_4_enzyme	0.0
R_MEOHtrpp_enzyme	2.8911883647046393e-12
R_MEPCT_enzyme	3.7354076897406323e-08
R_METAT_enzyme	8.338636431686725e-05
R_METDabcpp_enzyme	0.0
R_METDtex_enzyme	0.0
R_METDtex_duplicate_2_enzyme	0.0
R_METDtex_duplicate_3_enzyme	0.0
R_METDtex_duplicate_4_enzyme	0.0
R_METOX1s_enzyme	0.0
R_METOX2s_enzyme	0.0
R_METS_enzyme	0.0
R_METS_duplicate_2_enzyme	8.75580569191543e-05
R_METSOX1abcpp_enzyme	0
R_METSOX1tex_enzyme	0.0
R_METSOX1tex_duplicate_2_enzyme	0.0
R_METSOX1tex_duplicate_3_enzyme	0.0
R_METSOX1tex_duplicate_4_enzyme	0.0
R_METSOX2abcpp_enzyme	0
R_METSOX2tex_enzyme	0.0
R_METSOX2tex_duplicate_2_enzyme	0.0
R_METSOX2tex_duplicate_3_enzyme	0.0
R_METSOX2tex_duplicate_4_enzyme	0.0
R_METSOXR1_enzyme	0.0
R_METSOXR1_duplicate_2_enzyme	0.0
R_METSOXR1_duplicate_3_enzyme	0.0
R_METSOXR1_duplicate_4_enzyme	0.0
R_METSOXR2_enzyme	0.0
R_METSOXR2_duplicate_2_enzyme	0.0
R_METTRS_enzyme	9.086381679202453e-07
R_METabcpp_enzyme	0.0
R_METtex_enzyme	0.0
R_METtex_duplicate_2_enzyme	0.0
R_METtex_duplicate_3_enzyme	0.0
R_METtex_duplicate_4_enzyme	0.0
R_MG2t3_2pp_enzyme	0
R_MG2tex_enzyme	0.0
R_MG2tex_duplicate_2_enzyme	0.0
R_MG2tex_duplicate_3_enzyme	0.0
R_MG2tex_duplicate_4_enzyme	1.712529769752304e-09
R_MG2tpp_enzyme	0.0
R_MG2uabcpp_enzyme	0.0
R_MGSA_enzyme	0.0
R_MI1PP_enzyme	0.0
R_MICITDr_enzyme	0.0
R_MINCYCtex_enzyme	0.0
R_MINCYCtex_duplicate_2_enzyme	0.0
R_MINCYCtex_duplicate_3_enzyme	0.0
R_MINCYCtex_duplicate_4_enzyme	0.0
R_MINCYCtpp_enzyme	0.0
R_MINCYCtpp_duplicate_2_enzyme	0.0
R_MINOHPtexi_enzyme	0
R_MLDCP1App_enzyme	0
R_MLDCP1Bpp_enzyme	0
R_MLDCP2App_enzyme	0
R_MLDCP2Bpp_enzyme	0
R_MLDCP3App_enzyme	0
R_MLDEP1pp_enzyme	0
R_MLDEP2pp_enzyme	0
R_MLTG1_enzyme	0.0
R_MLTG2_enzyme	0.0
R_MLTG3_enzyme	0.0
R_MLTG4_enzyme	0.0
R_MLTG5_enzyme	0.0
R_MLTGY1pp_enzyme	0.0
R_MLTGY1pp_duplicate_2_enzyme	0.0
R_MLTGY1pp_duplicate_3_enzyme	0.0
R_MLTGY1pp_duplicate_4_enzyme	0.0
R_MLTGY1pp_duplicate_5_enzyme	0.0
R_MLTGY1pp_duplicate_6_enzyme	0.0
R_MLTGY2pp_enzyme	0.0
R_MLTGY2pp_duplicate_2_enzyme	0.0
R_MLTGY2pp_duplicate_3_enzyme	0.0
R_MLTGY2pp_duplicate_4_enzyme	0.0
R_MLTGY2pp_duplicate_5_enzyme	0.0
R_MLTGY2pp_duplicate_6_enzyme	0.0
R_MLTGY3pp_enzyme	0.0
R_MLTGY3pp_duplicate_2_enzyme	0.0
R_MLTGY3pp_duplicate_3_enzyme	0.0
R_MLTGY3pp_duplicate_4_enzyme	0.0
R_MLTGY3pp_duplicate_5_enzyme	0.0
R_MLTGY3pp_duplicate_6_enzyme	0.0
R_MLTGY4pp_enzyme	0.0
R_MLTGY4pp_duplicate_2_enzyme	0.0
R_MLTGY4pp_duplicate_3_enzyme	0.0
R_MLTGY4pp_duplicate_4_enzyme	0.0
R_MLTGY4pp_duplicate_5_enzyme	0.0
R_MLTGY4pp_duplicate_6_enzyme	0.0
R_MLTP1_enzyme	0.0
R_MLTP2_enzyme	0.0
R_MLTP3_enzyme	0.0
R_MMCD_enzyme	0.0
R_MMETt2pp_enzyme	0.0
R_MMETtex_enzyme	0.0
R_MMETtex_duplicate_2_enzyme	0.0
R_MMETtex_duplicate_3_enzyme	0.0
R_MMETtex_duplicate_4_enzyme	0.0
R_MMM_enzyme	0.0
R_MN2t3pp_enzyme	0.0
R_MN2t3pp_duplicate_2_enzyme	0.0
R_MN2tpp_enzyme	7.916588882025555e-11
R_MN6PP_enzyme	0.0
R_MNLptspp_enzyme	0.0
R_MNLtex_enzyme	0.0
R_MNLtex_duplicate_2_enzyme	0.0
R_MNLtex_duplicate_3_enzyme	0.0
R_MNLtex_duplicate_4_enzyme	0.0
R_MNNH_enzyme	0.0
R_MNt2pp_enzyme	0.0
R_MNtex_enzyme	0.0
R_MNtex_duplicate_2_enzyme	0.0
R_MNtex_duplicate_3_enzyme	0.0
R_MNtex_duplicate_4_enzyme	7.330174890764403e-11
R_MOADSUx_enzyme	0.0
R_MOAT_enzyme	2.2500384329477388e-07
R_MOAT2_enzyme	2.2500384329477388e-07
R_MOAT3C_enzyme	0.0
R_MOBDabcpp_enzyme	0.0
R_MOBDabcpp_duplicate_2_enzyme	0.0
R_MOBDabcpp_duplicate_3_enzyme	0.0
R_MOBDtex_enzyme	0.0
R_MOBDtex_duplicate_2_enzyme	0.0
R_MOBDtex_duplicate_3_enzyme	0.0
R_MOBDtex_duplicate_4_enzyme	0.0
R_MOCDS_enzyme	0.0
R_MOCOS_enzyme	0.0
R_MOGDS_enzyme	0.0
R_MOGDS_duplicate_2_enzyme	0.0
R_MOHMT_enzyme	4.544554034907815e-07
R_MPTAT_enzyme	0.0
R_MPTG_enzyme	0.0
R_MPTG_duplicate_2_enzyme	0.0
R_MPTG_duplicate_3_enzyme	2.0085085569603132e-08
R_MPTG2_enzyme	0.0
R_MPTG2_duplicate_2_enzyme	0.0
R_MPTG2_duplicate_3_enzyme	0.0
R_MPTS_enzyme	0.0
R_MPTSS_enzyme	0.0
R_MSAR_enzyme	0.0
R_MSAR_duplicate_2_enzyme	0.0
R_MSO3abcpp_enzyme	0.0
R_MSO3tex_enzyme	0.0
R_MSO3tex_duplicate_2_enzyme	0.0
R_MSO3tex_duplicate_3_enzyme	0.0
R_MSO3tex_duplicate_4_enzyme	0.0
R_MTAN_enzyme	8.095327421172991e-08
R_MTHFC_enzyme	2.466991127282677e-07
R_MTHFD_enzyme	2.466991127282677e-07
R_MTHFR2_enzyme	1.8456979116949678e-06
R_MTHTHFSs_enzyme	6.717001076727581e-10
R_MTRPOX_enzyme	0.0
R_N2Otex_enzyme	0.0
R_N2Otex_duplicate_2_enzyme	0.0
R_N2Otex_duplicate_3_enzyme	0.0
R_N2Otex_duplicate_4_enzyme	0.0
R_N2Otpp_enzyme	0.0
R_NACODA_enzyme	0.0
R_NACtex_enzyme	0.0
R_NACtex_duplicate_2_enzyme	0.0
R_NACtex_duplicate_3_enzyme	0.0
R_NACtex_duplicate_4_enzyme	0.0
R_NACtpp_enzyme	0
R_NADDP_enzyme	0.0
R_NADDP_duplicate_2_enzyme	0.0
R_NADH10_enzyme	0.0
R_NADH16pp_enzyme	1.61190305715709e-05
R_NADH17pp_enzyme	0.0
R_NADH18pp_enzyme	0.0
R_NADH5_enzyme	0.0
R_NADH9_enzyme	0.0
R_NADK_enzyme	2.6365054336970087e-08
R_NADN_enzyme	0
R_NADPHQR2_enzyme	0.0
R_NADPHQR3_enzyme	0.0
R_NADPHQR4_enzyme	0.0
R_NADPPPS_enzyme	0
R_NADS1_enzyme	5.0606036129765435e-05
R_NADTRHD_enzyme	0.0
R_NADTRHD_duplicate_2_enzyme	0.0
R_NAMNPP_enzyme	0.0
R_NAt3_1p5pp_enzyme	0.0
R_NAt3_2pp_enzyme	0.0
R_NAt3pp_enzyme	0.0
R_NAt3pp_duplicate_2_enzyme	0.0
R_NAtex_enzyme	0.0
R_NAtex_duplicate_2_enzyme	0.0
R_NAtex_duplicate_3_enzyme	0.0
R_NAtex_duplicate_4_enzyme	0.0
R_NDPK1_enzyme	0.0
R_NDPK1_duplicate_2_enzyme	0.0
R_NDPK2_enzyme	1.3333385575014356e-05
R_NDPK2_duplicate_2_enzyme	0.0
R_NDPK3_enzyme	0.0
R_NDPK3_duplicate_2_enzyme	2.32305774560369e-05
R_NDPK4_enzyme	2.421240444820819e-05
R_NDPK4_duplicate_2_enzyme	0.0
R_NDPK5_enzyme	0.0
R_NDPK5_duplicate_2_enzyme	0.0
R_NDPK6_enzyme	0.0
R_NDPK6_duplicate_2_enzyme	0.0
R_NDPK7_enzyme	2.0354740926002402e-07
R_NDPK7_duplicate_2_enzyme	0.0
R_NDPK8_enzyme	0.0
R_NDPK8_duplicate_2_enzyme	0.0
R_NH4tex_enzyme	0.0
R_NH4tex_duplicate_2_enzyme	0.0
R_NH4tex_duplicate_3_enzyme	0.0
R_NH4tex_duplicate_4_enzyme	6.713494463987155e-06
R_NH4tpp_enzyme	0.0
R_NH4tpp_duplicate_2_enzyme	7.2505740211061275e-06
R_NHFRBO_enzyme	0.0
R_NI2abcpp_enzyme	0.0
R_NI2t3pp_enzyme	0.0
R_NI2t3pp_duplicate_2_enzyme	0.0
R_NI2tex_enzyme	0.0
R_NI2tex_duplicate_2_enzyme	0.0
R_NI2tex_duplicate_3_enzyme	0.0
R_NI2tex_duplicate_4_enzyme	0.0
R_NI2tpp_enzyme	0.0
R_NI2uabcpp_enzyme	0.0
R_NI2uabcpp_duplicate_2_enzyme	0.0
R_NMNAT_enzyme	0.0
R_NMNAT_duplicate_2_enzyme	0.0
R_NMNDA_enzyme	0
R_NMNN_enzyme	0
R_NMNPtpp_enzyme	0.0
R_NMNt7pp_enzyme	0
R_NMNtex_enzyme	0.0
R_NMNtex_duplicate_2_enzyme	0.0
R_NMNtex_duplicate_3_enzyme	0.0
R_NMNtex_duplicate_4_enzyme	0.0
R_NNAM_enzyme	0.0
R_NNATr_enzyme	1.027794590093825e-06
R_NNDMBRT_enzyme	0.0
R_NNDPR_enzyme	8.10672982936967e-06
R_NO2t2rpp_enzyme	0.0
R_NO2t2rpp_duplicate_2_enzyme	0.0
R_NO2tex_enzyme	0.0
R_NO2tex_duplicate_2_enzyme	0.0
R_NO2tex_duplicate_3_enzyme	0.0
R_NO2tex_duplicate_4_enzyme	0.0
R_NO3R1bpp_enzyme	0.0
R_NO3R1pp_enzyme	0.0
R_NO3R1pp_duplicate_2_enzyme	0.0
R_NO3R2bpp_enzyme	0.0
R_NO3R2pp_enzyme	0.0
R_NO3R2pp_duplicate_2_enzyme	0.0
R_NO3t7pp_enzyme	0.0
R_NO3t7pp_duplicate_2_enzyme	0.0
R_NO3tex_enzyme	0.0
R_NO3tex_duplicate_2_enzyme	0.0
R_NO3tex_duplicate_3_enzyme	0.0
R_NO3tex_duplicate_4_enzyme	0.0
R_NODOx_enzyme	0.0
R_NODOy_enzyme	0.0
R_NOVBCNtex_enzyme	0.0
R_NOVBCNtpp_enzyme	0.0
R_NOVBCNtpp_duplicate_2_enzyme	0.0
R_NOtex_enzyme	0.0
R_NOtex_duplicate_2_enzyme	0.0
R_NOtex_duplicate_3_enzyme	0.0
R_NOtex_duplicate_4_enzyme	0.0
R_NOtpp_enzyme	0.0
R_NTD1_enzyme	0.0
R_NTD1_duplicate_2_enzyme	0.0
R_NTD1_duplicate_3_enzyme	0.0
R_NTD10_enzyme	0.0
R_NTD10pp_enzyme	0.0
R_NTD10pp_duplicate_2_enzyme	0.0
R_NTD11_enzyme	0.0
R_NTD11pp_enzyme	0.0
R_NTD11pp_duplicate_2_enzyme	0.0
R_NTD12_enzyme	0.0
R_NTD12_duplicate_2_enzyme	0.0
R_NTD12pp_enzyme	0.0
R_NTD12pp_duplicate_2_enzyme	0.0
R_NTD1pp_enzyme	0.0
R_NTD1pp_duplicate_2_enzyme	0.0
R_NTD2_enzyme	0.0
R_NTD2_duplicate_2_enzyme	0.0
R_NTD2pp_enzyme	0.0
R_NTD2pp_duplicate_2_enzyme	0.0
R_NTD3_enzyme	2.641169959678441e-07
R_NTD3_duplicate_2_enzyme	0.0
R_NTD3pp_enzyme	0.0
R_NTD3pp_duplicate_2_enzyme	0.0
R_NTD4_enzyme	0.0
R_NTD4pp_enzyme	0.0
R_NTD4pp_duplicate_2_enzyme	0.0
R_NTD5_enzyme	0.0
R_NTD5_duplicate_2_enzyme	0.0
R_NTD5_duplicate_3_enzyme	0.0
R_NTD5pp_enzyme	0.0
R_NTD5pp_duplicate_2_enzyme	0.0
R_NTD6_enzyme	0.0
R_NTD6_duplicate_2_enzyme	0.0
R_NTD6pp_enzyme	0.0
R_NTD6pp_duplicate_2_enzyme	0.0
R_NTD7_enzyme	0.0
R_NTD7pp_enzyme	0.0
R_NTD7pp_duplicate_2_enzyme	0.0
R_NTD8_enzyme	0.0
R_NTD8_duplicate_2_enzyme	0.0
R_NTD8pp_enzyme	0.0
R_NTD8pp_duplicate_2_enzyme	0.0
R_NTD9_enzyme	0.0
R_NTD9pp_enzyme	0.0
R_NTD9pp_duplicate_2_enzyme	0.0
R_NTP1_enzyme	0.0
R_NTP1_duplicate_2_enzyme	0.0
R_NTP10_enzyme	0.0
R_NTP10_duplicate_2_enzyme	0.0
R_NTP11_enzyme	0.0
R_NTP12_enzyme	0.0
R_NTP3_enzyme	0.0
R_NTP3pp_enzyme	0.0
R_NTP5_enzyme	0.0
R_NTPP1_enzyme	0.0
R_NTPP1_duplicate_2_enzyme	0.0
R_NTPP10_enzyme	0.0
R_NTPP11_enzyme	0.0
R_NTPP2_enzyme	0.0
R_NTPP2_duplicate_2_enzyme	0.0
R_NTPP3_enzyme	0.0
R_NTPP3_duplicate_2_enzyme	0.0
R_NTPP3_duplicate_3_enzyme	0.0
R_NTPP4_enzyme	0.0
R_NTPP4_duplicate_2_enzyme	0.0
R_NTPP5_enzyme	0.0
R_NTPP5_duplicate_2_enzyme	0.0
R_NTPP6_enzyme	0.0
R_NTPP7_enzyme	0.0
R_NTPP7_duplicate_2_enzyme	0.0
R_NTPP8_enzyme	0.0
R_NTPP9_enzyme	0.0
R_NTPTP1_enzyme	0.0
R_NTPTP2_enzyme	0.0
R_NTRIR2x_enzyme	0.0
R_NTRIR3pp_enzyme	0.0
R_NTRIR4pp_enzyme	0.0
R_O16A4COLIPAabctex_enzyme	0.0
R_O16A4Lpp_enzyme	0.0
R_O16AP1pp_enzyme	0.0
R_O16AP2pp_enzyme	0.0
R_O16AP3pp_enzyme	0.0
R_O16AT_enzyme	0.0
R_O16AUNDtpp_enzyme	0.0
R_O16GALFT_enzyme	0.0
R_O16GLCT1_enzyme	0.0
R_O16GLCT2_enzyme	0
R_O2Stex_enzyme	0.0
R_O2Stex_duplicate_2_enzyme	0.0
R_O2Stex_duplicate_3_enzyme	0.0
R_O2Stex_duplicate_4_enzyme	0.0
R_O2tex_enzyme	0.0
R_O2tex_duplicate_2_enzyme	0.0
R_O2tex_duplicate_3_enzyme	0.0
R_O2tex_duplicate_4_enzyme	8.138395292483473e-06
R_O2tpp_enzyme	8.78946691588215e-06
R_OAADC_enzyme	0.0
R_OBTFL_enzyme	0.0
R_OBTFL_duplicate_2_enzyme	0.0
R_OBTFL_duplicate_3_enzyme	0.0
R_OCBT_enzyme	0.0
R_OCBT_duplicate_2_enzyme	4.6937154168439315e-07
R_OCDCAtexi_enzyme	0.0
R_OCDCEAtexi_enzyme	0.0
R_OCTAtex_enzyme	0.0
R_OCTAtex_duplicate_2_enzyme	0.0
R_OCTAtex_duplicate_3_enzyme	0.0
R_OCTAtex_duplicate_4_enzyme	0.0
R_OCTDPS_enzyme	2.0623614858986295e-08
R_OCTNLL_enzyme	0.0
R_OGMEACPD_enzyme	2.7799489901001226e-06
R_OGMEACPR_enzyme	3.954237787643054e-06
R_OGMEACPS_enzyme	3.586303362477132e-06
R_OHPBAT_enzyme	4.5217856302858954e-05
R_OHPHM_enzyme	1.9171276065171505e-10
R_OMBZLM_enzyme	1.9171276065171505e-10
R_OMCDC_enzyme	2.5905733189787773e-06
R_OMMBLHX_enzyme	1.9171276065171505e-10
R_OMMBLHX3_enzyme	0
R_OMPDC_enzyme	7.059212754442171e-07
R_OMPHHX_enzyme	1.9171276065171505e-10
R_OMPHHX3_enzyme	0
R_OP4ENH_enzyme	0.0
R_OPHBDC_enzyme	1.9171276065171505e-10
R_OPHHX_enzyme	1.9171276065171505e-10
R_OPHHX3_enzyme	0
R_OPMEACPD_enzyme	2.7799489901001226e-06
R_OPMEACPR_enzyme	3.954237787643054e-06
R_OPMEACPS_enzyme	2.2781484614393632e-05
R_ORNDC_enzyme	8.095327421172991e-08
R_ORNDC_duplicate_2_enzyme	0.0
R_ORNabcpp_enzyme	0.0
R_ORNtex_enzyme	0.0
R_ORNtex_duplicate_2_enzyme	0.0
R_ORNtex_duplicate_3_enzyme	0.0
R_ORNtex_duplicate_4_enzyme	0.0
R_OROTt2_2pp_enzyme	0.0
R_OROTtex_enzyme	0.0
R_OROTtex_duplicate_2_enzyme	0.0
R_OROTtex_duplicate_3_enzyme	0.0
R_OROTtex_duplicate_4_enzyme	0.0
R_ORPT_enzyme	1.0305420079471493e-08
R_OXAMTC_enzyme	0
R_OXCDC_enzyme	0.0
R_OXCOAHDH_enzyme	0.0
R_OXDHCOAT_enzyme	0.0
R_P5CD_enzyme	0.0
R_P5CR_enzyme	8.384465923137501e-07
R_PA120abcpp_enzyme	0.0
R_PA140abcpp_enzyme	0.0
R_PA141abcpp_enzyme	0.0
R_PA160abcpp_enzyme	0.0
R_PA161abcpp_enzyme	0.0
R_PA180abcpp_enzyme	0.0
R_PA181abcpp_enzyme	0.0
R_PACALDt2rpp_enzyme	0
R_PACALDtex_enzyme	0.0
R_PACALDtex_duplicate_2_enzyme	0.0
R_PACALDtex_duplicate_3_enzyme	0.0
R_PACALDtex_duplicate_4_enzyme	0.0
R_PACCOAE_enzyme	0.0
R_PACCOAL_enzyme	0.0
R_PANTS_enzyme	1.1330547671362579e-06
R_PAPA120_enzyme	0.0
R_PAPA120pp_enzyme	0.0
R_PAPA140_enzyme	0.0
R_PAPA140pp_enzyme	0.0
R_PAPA141_enzyme	0.0
R_PAPA141pp_enzyme	0.0
R_PAPA160_enzyme	0.0
R_PAPA160pp_enzyme	0.0
R_PAPA161_enzyme	0.0
R_PAPA161pp_enzyme	0.0
R_PAPA180_enzyme	0.0
R_PAPA180pp_enzyme	0.0
R_PAPA181_enzyme	0.0
R_PAPA181pp_enzyme	0.0
R_PAPPT3_enzyme	3.213613691136501e-07
R_PAPSR_enzyme	0.0
R_PAPSR_duplicate_2_enzyme	1.1818878418741008e-06
R_PAPSR2_enzyme	0.0
R_PAPSR2_duplicate_2_enzyme	0.0
R_PAPSR2_duplicate_3_enzyme	0.0
R_PAPSR2_duplicate_4_enzyme	0.0
R_PDE1_enzyme	0.0
R_PDE4_enzyme	0.0
R_PDH_enzyme	3.518631282049299e-06
R_PDX5PO2_enzyme	0
R_PDX5POi_enzyme	0.0
R_PDX5PS_enzyme	4.291331980514431e-07
R_PDXPP_enzyme	0.0
R_PE120abcpp_enzyme	0.0
R_PE140abcpp_enzyme	0.0
R_PE141abcpp_enzyme	0.0
R_PE160abcpp_enzyme	6.641927030235968e-08
R_PE161abcpp_enzyme	3.0444213480339854e-08
R_PE180abcpp_enzyme	0.0
R_PE181abcpp_enzyme	0.0
R_PEAMNOpp_enzyme	0.0
R_PEAMNtex_enzyme	0.0
R_PEAMNtex_duplicate_2_enzyme	0.0
R_PEAMNtex_duplicate_3_enzyme	0.0
R_PEAMNtex_duplicate_4_enzyme	0.0
R_PERD_enzyme	1.8361190135095593e-06
R_PETNT161pp_enzyme	0.0
R_PETNT181pp_enzyme	0.0
R_PFK_enzyme	0.0
R_PFK_duplicate_2_enzyme	1.0882682755103344e-06
R_PFK_2_enzyme	0.0
R_PFK_3_enzyme	0.0
R_PFL_enzyme	0.0
R_PFL_duplicate_2_enzyme	0.0
R_PFL_duplicate_3_enzyme	8.895818541047918e-07
R_PFL_duplicate_4_enzyme	0.0
R_PG120abcpp_enzyme	0.0
R_PG140abcpp_enzyme	0.0
R_PG141abcpp_enzyme	0.0
R_PG160abcpp_enzyme	0.0
R_PG161abcpp_enzyme	0.0
R_PG180abcpp_enzyme	0.0
R_PG181abcpp_enzyme	0.0
R_PGAMT_enzyme	3.677652599061884e-06
R_PGCD_enzyme	2.5768027159324777e-06
R_PGI_enzyme	4.726287697956576e-06
R_PGK_enzyme	6.775343972582095e-05
R_PGL_enzyme	7.816562277477361e-07
R_PGLYCP_enzyme	0.0
R_PGM_enzyme	1.624376635584012e-05
R_PGM_duplicate_2_enzyme	0.0
R_PGM_duplicate_3_enzyme	0.0
R_PGMT_enzyme	0.0
R_PGMT_duplicate_2_enzyme	0.0
R_PGP120abcpp_enzyme	0.0
R_PGP140abcpp_enzyme	0.0
R_PGP141abcpp_enzyme	0.0
R_PGP160abcpp_enzyme	0.0
R_PGP161abcpp_enzyme	0.0
R_PGP180abcpp_enzyme	0.0
R_PGP181abcpp_enzyme	0.0
R_PGPP120_enzyme	0.0
R_PGPP120_duplicate_2_enzyme	0.0
R_PGPP120pp_enzyme	0.0
R_PGPP120pp_duplicate_2_enzyme	0.0
R_PGPP140_enzyme	0.0
R_PGPP140_duplicate_2_enzyme	0.0
R_PGPP140pp_enzyme	0.0
R_PGPP140pp_duplicate_2_enzyme	0.0
R_PGPP141_enzyme	0.0
R_PGPP141_duplicate_2_enzyme	0.0
R_PGPP141pp_enzyme	0.0
R_PGPP141pp_duplicate_2_enzyme	0.0
R_PGPP160_enzyme	0.0
R_PGPP160_duplicate_2_enzyme	0.0
R_PGPP160pp_enzyme	0.0
R_PGPP160pp_duplicate_2_enzyme	0.0
R_PGPP161_enzyme	0.0
R_PGPP161_duplicate_2_enzyme	0.0
R_PGPP161pp_enzyme	0.0
R_PGPP161pp_duplicate_2_enzyme	0.0
R_PGPP180_enzyme	0.0
R_PGPP180_duplicate_2_enzyme	0.0
R_PGPP180pp_enzyme	0.0
R_PGPP180pp_duplicate_2_enzyme	0.0
R_PGPP181_enzyme	0.0
R_PGPP181_duplicate_2_enzyme	0.0
R_PGPP181pp_enzyme	0.0
R_PGPP181pp_duplicate_2_enzyme	0.0
R_PGSA120_enzyme	0.0
R_PGSA140_enzyme	0.0
R_PGSA141_enzyme	0.0
R_PGSA160_enzyme	0.0
R_PGSA161_enzyme	0.0
R_PGSA180_enzyme	0.0
R_PGSA181_enzyme	0.0
R_PHEMEabcpp_enzyme	0.0
R_PHEMEtiex_enzyme	0
R_PHETA1_enzyme	7.673047699668665e-06
R_PHETA1_duplicate_2_enzyme	0.0
R_PHETA1_duplicate_3_enzyme	0.0
R_PHETRS_enzyme	1.0283832074453544e-06
R_PHEt2rpp_enzyme	0.0
R_PHEt2rpp_duplicate_2_enzyme	0.0
R_PHEt2rpp_duplicate_3_enzyme	0.0
R_PHEtex_enzyme	0.0
R_PHEtex_duplicate_2_enzyme	0.0
R_PHEtex_duplicate_3_enzyme	0.0
R_PHEtex_duplicate_4_enzyme	0.0
R_PHYTSpp_enzyme	0.0
R_PIt2rpp_enzyme	0.0
R_PIt2rpp_duplicate_2_enzyme	7.485590053118231e-07
R_PItex_enzyme	0.0
R_PItex_duplicate_2_enzyme	0.0
R_PItex_duplicate_3_enzyme	0.0
R_PItex_duplicate_4_enzyme	6.417686945403147e-07
R_PIuabcpp_enzyme	0.0
R_PLIPA1A120pp_enzyme	0.0
R_PLIPA1A140pp_enzyme	0.0
R_PLIPA1A141pp_enzyme	0.0
R_PLIPA1A160pp_enzyme	0.0
R_PLIPA1A161pp_enzyme	0.0
R_PLIPA1A180pp_enzyme	0.0
R_PLIPA1A181pp_enzyme	0.0
R_PLIPA1E120pp_enzyme	0.0
R_PLIPA1E140pp_enzyme	0.0
R_PLIPA1E141pp_enzyme	0.0
R_PLIPA1E160pp_enzyme	0.0
R_PLIPA1E161pp_enzyme	0.0
R_PLIPA1E180pp_enzyme	0.0
R_PLIPA1E181pp_enzyme	0.0
R_PLIPA1G120pp_enzyme	0.0
R_PLIPA1G140pp_enzyme	0.0
R_PLIPA1G141pp_enzyme	0.0
R_PLIPA1G160pp_enzyme	0.0
R_PLIPA1G161pp_enzyme	0.0
R_PLIPA1G180pp_enzyme	0.0
R_PLIPA1G181pp_enzyme	0.0
R_PLIPA2A120pp_enzyme	0.0
R_PLIPA2A140pp_enzyme	0.0
R_PLIPA2A141pp_enzyme	0.0
R_PLIPA2A160pp_enzyme	0.0
R_PLIPA2A161pp_enzyme	0.0
R_PLIPA2A180pp_enzyme	0.0
R_PLIPA2A181pp_enzyme	0.0
R_PLIPA2E120pp_enzyme	0.0
R_PLIPA2E140pp_enzyme	0.0
R_PLIPA2E141pp_enzyme	0.0
R_PLIPA2E160pp_enzyme	0.0
R_PLIPA2E161pp_enzyme	0.0
R_PLIPA2E180pp_enzyme	0.0
R_PLIPA2E181pp_enzyme	0.0
R_PLIPA2G120pp_enzyme	0.0
R_PLIPA2G140pp_enzyme	0.0
R_PLIPA2G141pp_enzyme	0.0
R_PLIPA2G160pp_enzyme	0.0
R_PLIPA2G161pp_enzyme	0.0
R_PLIPA2G180pp_enzyme	0.0
R_PLIPA2G181pp_enzyme	0.0
R_PMANM_enzyme	0.0
R_PMDPHT_enzyme	0
R_PMEACPE_enzyme	2.3006474400811652e-07
R_PMPK_enzyme	8.870367406341083e-09
R_PNTK_enzyme	4.845879641722102e-07
R_PNTOt4pp_enzyme	0.0
R_PNTOtex_enzyme	0.0
R_PNTOtex_duplicate_2_enzyme	0.0
R_PNTOtex_duplicate_3_enzyme	0.0
R_PNTOtex_duplicate_4_enzyme	0.0
R_POAACR_enzyme	0.0
R_POR5_enzyme	0.0
R_POR5_duplicate_2_enzyme	0.0
R_POX_enzyme	0.0
R_PPA_enzyme	0.0
R_PPA_duplicate_2_enzyme	4.8653173500657e-05
R_PPA_duplicate_3_enzyme	0.0
R_PPA2_enzyme	0.0
R_PPA2_duplicate_2_enzyme	0.0
R_PPAKr_enzyme	0.0
R_PPALtex_enzyme	0.0
R_PPALtex_duplicate_2_enzyme	0.0
R_PPALtex_duplicate_3_enzyme	0.0
R_PPALtex_duplicate_4_enzyme	0.0
R_PPALtpp_enzyme	0
R_PPAt4pp_enzyme	0.0
R_PPAtex_enzyme	0.0
R_PPAtex_duplicate_2_enzyme	0.0
R_PPAtex_duplicate_3_enzyme	0.0
R_PPAtex_duplicate_4_enzyme	0.0
R_PPBNGS_enzyme	1.5183805788499542e-08
R_PPC_enzyme	1.5073937410077974e-06
R_PPCDC_enzyme	3.7004899082254036e-08
R_PPCK_enzyme	0.0
R_PPCSCT_enzyme	2.76201110454747e-06
R_PPGPPDP_enzyme	0.0
R_PPK2_enzyme	0.0
R_PPK_enzyme	0.0
R_PPM_enzyme	0.0
R_PPM_duplicate_2_enzyme	3.4377847516308455e-07
R_PPM2_enzyme	0.0
R_PPNCL2_enzyme	3.7004899082254036e-08
R_PPND_enzyme	1.1907731239124903e-06
R_PPNDH_enzyme	1.2628081550462555e-06
R_PPPGO_enzyme	3.834255213403384e-10
R_PPPGO3_enzyme	0.0
R_PPPNDO_enzyme	0.0
R_PPPNt2rpp_enzyme	0.0
R_PPPNtex_enzyme	0.0
R_PPPNtex_duplicate_2_enzyme	0.0
R_PPPNtex_duplicate_3_enzyme	0.0
R_PPPNtex_duplicate_4_enzyme	0.0
R_PPS_enzyme	0.0
R_PPTHpp_enzyme	0.0
R_PPTtex_enzyme	0.0
R_PPTtex_duplicate_2_enzyme	0.0
R_PPTtex_duplicate_3_enzyme	0.0
R_PPTtex_duplicate_4_enzyme	0.0
R_PRAGSr_enzyme	2.0474077224841267e-06
R_PRAIS_enzyme	1.2313487579198957e-06
R_PRAIi_enzyme	1.3608229981738147e-06
R_PRAMPC_enzyme	3.5840046509664524e-06
R_PRASCSi_enzyme	2.6429926014195825e-06
R_PRATPP_enzyme	3.5840046509664524e-06
R_PRFGS_enzyme	2.3775098659224597e-06
R_PRMICI_enzyme	3.994573759692839e-06
R_PROD2_enzyme	0.0
R_PROGLYabcpp_enzyme	0.0
R_PROGLYtex_enzyme	0.0
R_PROGLYtex_duplicate_2_enzyme	0.0
R_PROGLYtex_duplicate_3_enzyme	0.0
R_PROGLYtex_duplicate_4_enzyme	0.0
R_PROTRS_enzyme	1.1753110017141288e-06
R_PROabcpp_enzyme	0.0
R_PROt2rpp_enzyme	0.0
R_PROt4pp_enzyme	0.0
R_PROtex_enzyme	0.0
R_PROtex_duplicate_2_enzyme	0.0
R_PROtex_duplicate_3_enzyme	0.0
R_PROtex_duplicate_4_enzyme	0.0
R_PRPPS_enzyme	0.0
R_PSCLYSt2pp_enzyme	0.0
R_PSCLYStex_enzyme	0.0
R_PSCLYStex_duplicate_2_enzyme	0.0
R_PSCLYStex_duplicate_3_enzyme	0.0
R_PSCLYStex_duplicate_4_enzyme	0.0
R_PSCVT_enzyme	3.3733581628027744e-06
R_PSD120_enzyme	0.0
R_PSD140_enzyme	0.0
R_PSD141_enzyme	0.0
R_PSD160_enzyme	7.379931772210474e-07
R_PSD161_enzyme	8.698313666515791e-07
R_PSD180_enzyme	0.0
R_PSD181_enzyme	0.0
R_PSERT_enzyme	8.239050346909711e-06
R_PSERtex_enzyme	0.0
R_PSERtex_duplicate_2_enzyme	0.0
R_PSERtex_duplicate_3_enzyme	0.0
R_PSERtex_duplicate_4_enzyme	0.0
R_PSP_L_enzyme	1.70682255120521e-07
R_PSP_Lpp_enzyme	0.0
R_PSSA120_enzyme	0.0
R_PSSA140_enzyme	0.0
R_PSSA141_enzyme	0.0
R_PSSA160_enzyme	1.0014582974470446e-06
R_PSSA161_enzyme	1.001458297447799e-06
R_PSSA180_enzyme	0.0
R_PSSA181_enzyme	0.0
R_PTA2_enzyme	0.0
R_PTAr_enzyme	3.1331403842327584e-07
R_PTAr_duplicate_2_enzyme	0.0
R_PTHRpp_enzyme	0.0
R_PTPATi_enzyme	1.8208759865882683e-08
R_PTRCORNt7pp_enzyme	0.0
R_PTRCTA_enzyme	0.0
R_PTRCabcpp_enzyme	0.0
R_PTRCabcpp_duplicate_2_enzyme	0.0
R_PTRCabcpp_duplicate_3_enzyme	0.0
R_PTRCt2pp_enzyme	0.0
R_PTRCt2pp_duplicate_2_enzyme	0.0
R_PTRCtex_enzyme	0.0
R_PTRCtex_duplicate_2_enzyme	0.0
R_PTRCtex_duplicate_3_enzyme	0.0
R_PTRCtex_duplicate_4_enzyme	0.0
R_PUNP1_enzyme	0.0
R_PUNP2_enzyme	0.0
R_PUNP3_enzyme	0.0
R_PUNP3_duplicate_2_enzyme	0.0
R_PUNP4_enzyme	0.0
R_PUNP4_duplicate_2_enzyme	0.0
R_PUNP5_enzyme	0.0
R_PUNP5_duplicate_2_enzyme	0.0
R_PUNP6_enzyme	0.0
R_PUNP6_duplicate_2_enzyme	0.0
R_PUNP7_enzyme	0.0
R_PYAM5PO_enzyme	0.0
R_PYDAMK_enzyme	0.0
R_PYDAMtex_enzyme	0.0
R_PYDAMtex_duplicate_2_enzyme	0.0
R_PYDAMtex_duplicate_3_enzyme	0.0
R_PYDAMtex_duplicate_4_enzyme	0.0
R_PYDAMtpp_enzyme	0
R_PYDXK_enzyme	0.0
R_PYDXK_duplicate_2_enzyme	0.0
R_PYDXNK_enzyme	0.0
R_PYDXNtex_enzyme	0.0
R_PYDXNtex_duplicate_2_enzyme	0.0
R_PYDXNtex_duplicate_3_enzyme	0.0
R_PYDXNtex_duplicate_4_enzyme	0.0
R_PYDXNtpp_enzyme	0
R_PYDXPP_enzyme	0.0
R_PYDXPP_duplicate_2_enzyme	0.0
R_PYDXPP_duplicate_3_enzyme	0.0
R_PYDXtex_enzyme	0.0
R_PYDXtex_duplicate_2_enzyme	0.0
R_PYDXtex_duplicate_3_enzyme	0.0
R_PYDXtex_duplicate_4_enzyme	0.0
R_PYDXtpp_enzyme	0
R_PYK_enzyme	0.0
R_PYK_duplicate_2_enzyme	0.0
R_PYNP2r_enzyme	0.0
R_PYROX_enzyme	0.0
R_PYRt2rpp_enzyme	0
R_PYRtex_enzyme	0.0
R_PYRtex_duplicate_2_enzyme	0.0
R_PYRtex_duplicate_3_enzyme	0.0
R_PYRtex_duplicate_4_enzyme	0.0
R_QMO2_enzyme	0.0
R_QMO3_enzyme	0.0
R_QUIN2tex_enzyme	0.0
R_QUIN2tex_duplicate_2_enzyme	0.0
R_QUIN2tex_duplicate_3_enzyme	0.0
R_QUIN2tex_duplicate_4_enzyme	0.0
R_QUIN2tpp_enzyme	0
R_QUINDH_enzyme	0.0
R_QULNS_enzyme	4.727855114436992e-06
R_R15BPK_enzyme	3.7632312412025188e-06
R_R1PK_enzyme	0
R_R5PP_enzyme	0.0
R_R5PPpp_enzyme	0.0
R_R5Ptex_enzyme	0.0
R_R5Ptex_duplicate_2_enzyme	0.0
R_R5Ptex_duplicate_3_enzyme	0.0
R_R5Ptex_duplicate_4_enzyme	0.0
R_RBFK_enzyme	1.361316569677365e-07
R_RBFSa_enzyme	1.0578564176858912e-07
R_RBFSb_enzyme	5.204908821865971e-08
R_RBK_enzyme	0.0
R_RBK_L1_enzyme	0.0
R_RBP4E_enzyme	0.0
R_RBP4E_duplicate_2_enzyme	0.0
R_RBP4E_duplicate_3_enzyme	0.0
R_REPHACCOAI_enzyme	0.0
R_RFAMPtex_enzyme	0.0
R_RFAMPtpp_enzyme	0.0
R_RFAMPtpp_duplicate_2_enzyme	0.0
R_RHAT1_enzyme	0.0
R_RHCCE_enzyme	1.511093750740111e-06
R_RIBabcpp_enzyme	0.0
R_RIBabcpp_duplicate_2_enzyme	0.0
R_RIBabcpp_duplicate_3_enzyme	0.0
R_RIBtex_enzyme	0.0
R_RIBtex_duplicate_2_enzyme	0.0
R_RIBtex_duplicate_3_enzyme	0.0
R_RIBtex_duplicate_4_enzyme	0.0
R_RMI_enzyme	0.0
R_RMK_enzyme	0.0
R_RMNtex_enzyme	0.0
R_RMNtex_duplicate_2_enzyme	0.0
R_RMNtex_duplicate_3_enzyme	0.0
R_RMNtex_duplicate_4_enzyme	0.0
R_RMNtpp_enzyme	0.0
R_RMPA_enzyme	0.0
R_RNDR1_enzyme	0.0
R_RNDR1_duplicate_2_enzyme	0.0
R_RNDR1b_enzyme	0.0
R_RNDR1b_duplicate_2_enzyme	0.0
R_RNDR1b_duplicate_3_enzyme	0.0
R_RNDR1b_duplicate_4_enzyme	0.0
R_RNDR2_enzyme	0.0
R_RNDR2_duplicate_2_enzyme	0.0
R_RNDR2b_enzyme	0.0
R_RNDR2b_duplicate_2_enzyme	0.0
R_RNDR2b_duplicate_3_enzyme	0.0
R_RNDR2b_duplicate_4_enzyme	0.0
R_RNDR3_enzyme	4.676644052278681e-07
R_RNDR3_duplicate_2_enzyme	0.0
R_RNDR3b_enzyme	0.0
R_RNDR3b_duplicate_2_enzyme	0.0
R_RNDR3b_duplicate_3_enzyme	0.0
R_RNDR3b_duplicate_4_enzyme	0.0
R_RNDR4_enzyme	0.0
R_RNDR4_duplicate_2_enzyme	0.0
R_RNDR4b_enzyme	0.0
R_RNDR4b_duplicate_2_enzyme	0.0
R_RNDR4b_duplicate_3_enzyme	0.0
R_RNDR4b_duplicate_4_enzyme	0.0
R_RNTR1c2_enzyme	0.0
R_RNTR1c2_duplicate_2_enzyme	2.629970652428921e-07
R_RNTR1c2_duplicate_3_enzyme	0.0
R_RNTR1c2_duplicate_4_enzyme	0.0
R_RNTR2c2_enzyme	0.0
R_RNTR2c2_duplicate_2_enzyme	2.0261413365589737e-07
R_RNTR2c2_duplicate_3_enzyme	0.0
R_RNTR2c2_duplicate_4_enzyme	0.0
R_RNTR3c2_enzyme	0.0
R_RNTR3c2_duplicate_2_enzyme	0.0
R_RNTR3c2_duplicate_3_enzyme	0.0
R_RNTR3c2_duplicate_4_enzyme	0.0
R_RNTR4c2_enzyme	0.0
R_RNTR4c2_duplicate_2_enzyme	0.0
R_RNTR4c2_duplicate_3_enzyme	0.0
R_RNTR4c2_duplicate_4_enzyme	0.0
R_RPE_enzyme	0.0
R_RPE_duplicate_2_enzyme	0.0
R_RPI_enzyme	0.0
R_RPI_duplicate_2_enzyme	1.0530719770172435e-06
R_RZ5PP_enzyme	0.0
R_S2FE2SR_enzyme	2.3129506917637114e-11
R_S2FE2SS_enzyme	2.2743887012048167e-09
R_S2FE2SS2_enzyme	1.880086984746112e-09
R_S2FE2ST_enzyme	4.174312233773659e-10
R_S4FE4SR_enzyme	1.880086984746112e-09
R_S4FE4ST_enzyme	1.880086984746112e-09
R_S7PI_enzyme	0.0
R_SADH_enzyme	0.0
R_SADT2_enzyme	1.960862059924353e-06
R_SARCOX_enzyme	0.0
R_SBTPD_enzyme	0.0
R_SBTptspp_enzyme	0.0
R_SBTtex_enzyme	0.0
R_SBTtex_duplicate_2_enzyme	0.0
R_SBTtex_duplicate_3_enzyme	0.0
R_SBTtex_duplicate_4_enzyme	0.0
R_SCYSDS_enzyme	8.332080878818618e-09
R_SDPDS_enzyme	5.469426727481865e-08
R_SDPTA_enzyme	2.8965788304180895e-06
R_SELCYSS_enzyme	0.0
R_SELGTHR_enzyme	0
R_SELGTHR2_enzyme	0
R_SELGTHR3_enzyme	0
R_SELNPS_enzyme	0.0
R_SELR_enzyme	0.0
R_SELtex_enzyme	0.0
R_SELtex_duplicate_2_enzyme	0.0
R_SELtex_duplicate_3_enzyme	0.0
R_SELtex_duplicate_4_enzyme	0.0
R_SELtpp_enzyme	0.0
R_SEPHCHCS_enzyme	0.0
R_SERASr_enzyme	0.0
R_SERAT_enzyme	9.299558149868576e-08
R_SERD_D_enzyme	0.0
R_SERD_L_enzyme	0.0
R_SERD_L_duplicate_2_enzyme	0.0
R_SERD_L_duplicate_3_enzyme	0.0
R_SERD_L_duplicate_4_enzyme	0.0
R_SERTRS_enzyme	1.461336042974459e-06
R_SERTRS2_enzyme	0.0
R_SERt2rpp_enzyme	0.0
R_SERt2rpp_duplicate_2_enzyme	0.0
R_SERt4pp_enzyme	0.0
R_SERtex_enzyme	0.0
R_SERtex_duplicate_2_enzyme	0.0
R_SERtex_duplicate_3_enzyme	0.0
R_SERtex_duplicate_4_enzyme	0.0
R_SFGTHi_enzyme	0.0
R_SFGTHi_duplicate_2_enzyme	0.0
R_SGDS_enzyme	0.0
R_SGSAD_enzyme	0.0
R_SHCHCS3_enzyme	0.0
R_SHCHD2_enzyme	1.4450351712343158e-09
R_SHCHF_enzyme	1.4450351712343158e-09
R_SHK3Dr_enzyme	0.0
R_SHK3Dr_duplicate_2_enzyme	1.9852934712974557e-07
R_SHKK_enzyme	0.0
R_SHKK_duplicate_2_enzyme	4.580941629639927e-06
R_SHSL1_enzyme	8.082027362717379e-07
R_SKMt2pp_enzyme	0.0
R_SKMtex_enzyme	0.0
R_SKMtex_duplicate_2_enzyme	0.0
R_SKMtex_duplicate_3_enzyme	0.0
R_SKMtex_duplicate_4_enzyme	0.0
R_SLNTtex_enzyme	0.0
R_SLNTtex_duplicate_2_enzyme	0.0
R_SLNTtex_duplicate_3_enzyme	0.0
R_SLNTtex_duplicate_4_enzyme	0.0
R_SLNTtpp_enzyme	0.0
R_SO2tex_enzyme	0.0
R_SO2tex_duplicate_2_enzyme	0.0
R_SO2tex_duplicate_3_enzyme	0.0
R_SO2tex_duplicate_4_enzyme	0.0
R_SO2tpp_enzyme	0.0
R_SO3tex_enzyme	0.0
R_SO3tex_duplicate_2_enzyme	0.0
R_SO3tex_duplicate_3_enzyme	0.0
R_SO3tex_duplicate_4_enzyme	0.0
R_SO4t2pp_enzyme	1.7231924734524392e-07
R_SO4tex_enzyme	0.0
R_SO4tex_duplicate_2_enzyme	0.0
R_SO4tex_duplicate_3_enzyme	0.0
R_SO4tex_duplicate_4_enzyme	1.477359802342626e-07
R_SOTA_enzyme	0.0
R_SPMDAT1_enzyme	0.0
R_SPMDAT2_enzyme	0.0
R_SPMDabcpp_enzyme	0.0
R_SPMDabcpp_duplicate_2_enzyme	0.0
R_SPMDt3pp_enzyme	0.0
R_SPMDtex_enzyme	0.0
R_SPMDtex_duplicate_2_enzyme	0.0
R_SPMDtex_duplicate_3_enzyme	0.0
R_SPMDtex_duplicate_4_enzyme	0.0
R_SPMS_enzyme	8.095327421172991e-08
R_SPODM_enzyme	0.0
R_SPODM_duplicate_2_enzyme	0.0
R_SPODMpp_enzyme	0.0
R_SSALx_enzyme	0.0
R_SSALy_enzyme	0.0
R_SSALy_duplicate_2_enzyme	0.0
R_SUCASPtpp_enzyme	0.0
R_SUCASPtpp_duplicate_2_enzyme	0.0
R_SUCASPtpp_duplicate_3_enzyme	0.0
R_SUCBZL_enzyme	0.0
R_SUCBZS_enzyme	0.0
R_SUCCt2_2pp_enzyme	0.0
R_SUCCt2_3pp_enzyme	0.0
R_SUCCt2_3pp_duplicate_2_enzyme	0.0
R_SUCCt3pp_enzyme	0
R_SUCCtex_enzyme	0.0
R_SUCCtex_duplicate_2_enzyme	0.0
R_SUCCtex_duplicate_3_enzyme	0.0
R_SUCCtex_duplicate_4_enzyme	0.0
R_SUCDi_enzyme	0.0
R_SUCFUMtpp_enzyme	0.0
R_SUCFUMtpp_duplicate_2_enzyme	0.0
R_SUCFUMtpp_duplicate_3_enzyme	0.0
R_SUCMALtpp_enzyme	0.0
R_SUCMALtpp_duplicate_2_enzyme	0.0
R_SUCMALtpp_duplicate_3_enzyme	0.0
R_SUCOAS_enzyme	0.0
R_SUCRtex_enzyme	0.0
R_SUCRtex_duplicate_2_enzyme	0.0
R_SUCRtex_duplicate_3_enzyme	0.0
R_SUCRtex_duplicate_4_enzyme	0.0
R_SUCTARTtpp_enzyme	0.0
R_SUCptspp_enzyme	0.0
R_SULFACabcpp_enzyme	0.0
R_SULFACtex_enzyme	0.0
R_SULFACtex_duplicate_2_enzyme	0.0
R_SULFACtex_duplicate_3_enzyme	0.0
R_SULFACtex_duplicate_4_enzyme	0.0
R_SULR_enzyme	7.793036275278596e-07
R_SULabcpp_enzyme	0.0
R_SULabcpp_duplicate_2_enzyme	0.0
R_SULabcpp_duplicate_3_enzyme	0.0
R_T2DECAI_enzyme	0.0
R_TAGURr_enzyme	0.0
R_TALA_enzyme	0.0
R_TALA_duplicate_2_enzyme	3.043471618759223e-06
R_TARTD_enzyme	0.0
R_TARTRDtex_enzyme	0.0
R_TARTRDtex_duplicate_2_enzyme	0.0
R_TARTRDtex_duplicate_3_enzyme	0.0
R_TARTRDtex_duplicate_4_enzyme	0.0
R_TARTRt7pp_enzyme	0.0
R_TARTRtex_enzyme	0.0
R_TARTRtex_duplicate_2_enzyme	0.0
R_TARTRtex_duplicate_3_enzyme	0.0
R_TARTRtex_duplicate_4_enzyme	0.0
R_TARTt2_3pp_enzyme	0.0
R_TAUDO_enzyme	0.0
R_TAURabcpp_enzyme	0.0
R_TAURtex_enzyme	0.0
R_TAURtex_duplicate_2_enzyme	0.0
R_TAURtex_duplicate_3_enzyme	0.0
R_TAURtex_duplicate_4_enzyme	0.0
R_TCYNTtex_enzyme	0.0
R_TCYNTtex_duplicate_2_enzyme	0.0
R_TCYNTtex_duplicate_3_enzyme	0.0
R_TCYNTtex_duplicate_4_enzyme	0.0
R_TDP_enzyme	0.0
R_TDPADGAT_enzyme	0.0
R_TDPAGTA_enzyme	0.0
R_TDPDRE_enzyme	0.0
R_TDPDRR_enzyme	0.0
R_TDPGDH_enzyme	0.0
R_TDPGDH_duplicate_2_enzyme	0.0
R_TDSK_enzyme	2.2500384329477388e-07
R_TDSR1_enzyme	0.0
R_TDSR2_enzyme	0.0
R_TGBPA_enzyme	0.0
R_TGBPA_duplicate_2_enzyme	0.0
R_THD2pp_enzyme	7.4130270072319475e-06
R_THDPS_enzyme	5.418181648236463e-06
R_THFAT_enzyme	0.0
R_THIORDXi_enzyme	0.0
R_THIORDXi_duplicate_2_enzyme	0.0
R_THIORDXi_duplicate_3_enzyme	0.0
R_THMDt2pp_copy1_enzyme	0.0
R_THMDt2pp_copy1_duplicate_2_enzyme	0.0
R_THMDt2pp_copy2_enzyme	0.0
R_THMDtex_enzyme	0.0
R_THMDtex_duplicate_2_enzyme	0.0
R_THMDtex_duplicate_3_enzyme	0.0
R_THMDtex_duplicate_4_enzyme	0.0
R_THMabcpp_enzyme	0.0
R_THMtex_enzyme	0.0
R_THMtex_duplicate_2_enzyme	0.0
R_THMtex_duplicate_3_enzyme	0.0
R_THMtex_duplicate_4_enzyme	0.0
R_THRA2_enzyme	0.0
R_THRA2_duplicate_2_enzyme	0.0
R_THRA_enzyme	0.0
R_THRA_duplicate_2_enzyme	0.0
R_THRD_enzyme	0.0
R_THRD_L_enzyme	0.0
R_THRD_L_duplicate_2_enzyme	6.091103582900904e-08
R_THRPtex_enzyme	0.0
R_THRPtex_duplicate_2_enzyme	0.0
R_THRPtex_duplicate_3_enzyme	0.0
R_THRPtex_duplicate_4_enzyme	0.0
R_THRS_enzyme	2.5792794796124463e-05
R_THRTRS_enzyme	1.5847997271938903e-06
R_THRabcpp_enzyme	0.0
R_THRt2pp_enzyme	0.0
R_THRt2pp_duplicate_2_enzyme	0.0
R_THRt2rpp_enzyme	0.0
R_THRt4pp_enzyme	0.0
R_THRtex_enzyme	0.0
R_THRtex_duplicate_2_enzyme	0.0
R_THRtex_duplicate_3_enzyme	0.0
R_THRtex_duplicate_4_enzyme	0.0
R_THYMt3pp_enzyme	0
R_THYMtex_enzyme	0.0
R_THYMtex_duplicate_2_enzyme	0.0
R_THYMtex_duplicate_3_enzyme	0.0
R_THYMtex_duplicate_4_enzyme	0.0
R_THZPSN3_enzyme	3.687158762086132e-07
R_TKT1_enzyme	0.0
R_TKT1_duplicate_2_enzyme	7.710786821844005e-07
R_TKT2_enzyme	0.0
R_TKT2_duplicate_2_enzyme	1.0706220699393298e-06
R_TMAOR1_enzyme	0.0
R_TMAOR1_duplicate_2_enzyme	0.0
R_TMAOR1pp_enzyme	0.0
R_TMAOR1pp_duplicate_2_enzyme	0.0
R_TMAOR2_enzyme	0.0
R_TMAOR2pp_enzyme	0.0
R_TMAOR2pp_duplicate_2_enzyme	0.0
R_TMAOtex_enzyme	0.0
R_TMAOtex_duplicate_2_enzyme	0.0
R_TMAOtex_duplicate_3_enzyme	0.0
R_TMAOtex_duplicate_4_enzyme	0.0
R_TMAtex_enzyme	0.0
R_TMAtex_duplicate_2_enzyme	0.0
R_TMAtex_duplicate_3_enzyme	0.0
R_TMAtex_duplicate_4_enzyme	0.0
R_TMDK1_enzyme	0.0
R_TMDPP_enzyme	0.0
R_TMDS_enzyme	5.654999483893511e-07
R_TMK_enzyme	0.0
R_TMPK_enzyme	3.2630280101830015e-08
R_TMPPP_enzyme	2.414813865375146e-10
R_TPI_enzyme	6.495623625923561e-06
R_TPRDCOAS_enzyme	0.0
R_TRDR_enzyme	1.649552247101969e-06
R_TRDR_duplicate_2_enzyme	0.0
R_TRE6PH_enzyme	0.0
R_TRE6PP_enzyme	0.0
R_TRE6PS_enzyme	0.0
R_TREH_enzyme	0.0
R_TREHpp_enzyme	0.0
R_TREptspp_enzyme	0.0
R_TREtex_enzyme	0.0
R_TREtex_duplicate_2_enzyme	0.0
R_TREtex_duplicate_3_enzyme	0.0
R_TREtex_duplicate_4_enzyme	0.0
R_TRPAS2_enzyme	0.0
R_TRPS1_enzyme	3.288651116055669e-07
R_TRPS2_enzyme	0.0
R_TRPS3_enzyme	0.0
R_TRPTRS_enzyme	3.349438296027385e-07
R_TRPt2rpp_enzyme	0.0
R_TRPt2rpp_duplicate_2_enzyme	0.0
R_TRPt2rpp_duplicate_3_enzyme	0.0
R_TRPt2rpp_duplicate_4_enzyme	0.0
R_TRPtex_enzyme	0.0
R_TRPtex_duplicate_2_enzyme	0.0
R_TRPtex_duplicate_3_enzyme	0.0
R_TRPtex_duplicate_4_enzyme	0.0
R_TRSARr_enzyme	0.0
R_TRSARr_duplicate_2_enzyme	0.0
R_TSULabcpp_enzyme	0.0
R_TSULabcpp_duplicate_2_enzyme	0.0
R_TSULtex_enzyme	0.0
R_TSULtex_duplicate_2_enzyme	0.0
R_TSULtex_duplicate_3_enzyme	0.0
R_TSULtex_duplicate_4_enzyme	0.0
R_TTDCAtexi_enzyme	0.0
R_TTDCEAtexi_enzyme	0.0
R_TTRCYCtex_enzyme	0.0
R_TTRCYCtex_duplicate_2_enzyme	0.0
R_TTRCYCtex_duplicate_3_enzyme	0.0
R_TTRCYCtex_duplicate_4_enzyme	0.0
R_TTRCYCtpp_enzyme	0.0
R_TTRCYCtpp_duplicate_2_enzyme	0.0
R_TUNGSabcpp_enzyme	0.0
R_TUNGStex_enzyme	0.0
R_TUNGStex_duplicate_2_enzyme	0.0
R_TUNGStex_duplicate_3_enzyme	0.0
R_TUNGStex_duplicate_4_enzyme	0.0
R_TYMtex_enzyme	0.0
R_TYMtex_duplicate_2_enzyme	0.0
R_TYMtex_duplicate_3_enzyme	0.0
R_TYMtex_duplicate_4_enzyme	0.0
R_TYRL_enzyme	2.414813865375146e-10
R_TYROXDApp_enzyme	0.0
R_TYRPpp_enzyme	0.0
R_TYRPtex_enzyme	0.0
R_TYRPtex_duplicate_2_enzyme	0.0
R_TYRPtex_duplicate_3_enzyme	0.0
R_TYRPtex_duplicate_4_enzyme	0.0
R_TYRTA_enzyme	0.0
R_TYRTA_duplicate_2_enzyme	7.362442584631523e-06
R_TYRTRS_enzyme	8.084748137604026e-07
R_TYRt2rpp_enzyme	0.0
R_TYRt2rpp_duplicate_2_enzyme	0.0
R_TYRt2rpp_duplicate_3_enzyme	0.0
R_TYRt2rpp_duplicate_4_enzyme	0.0
R_TYRtex_enzyme	0.0
R_TYRtex_duplicate_2_enzyme	0.0
R_TYRtex_duplicate_3_enzyme	0.0
R_TYRtex_duplicate_4_enzyme	0.0
R_ThDPAT_enzyme	0
R_U23GAAT_enzyme	9.586031000329052e-08
R_UAAGDS_enzyme	1.7322521901801825e-06
R_UACGALPpp_enzyme	0.0
R_UACGAMPpp_enzyme	0.0
R_UACGAMtex_enzyme	0.0
R_UACGAMtex_duplicate_2_enzyme	0.0
R_UACGAMtex_duplicate_3_enzyme	0.0
R_UACGAMtex_duplicate_4_enzyme	0.0
R_UACMAMO_enzyme	0.0
R_UAG2E_enzyme	0.0
R_UAGAAT_enzyme	1.0371445366623112e-05
R_UAGCVT_enzyme	2.1991482883132955e-06
R_UAGDP_enzyme	4.6125725636916913e-07
R_UAGPT3_enzyme	3.213613691136501e-07
R_UAMAGS_enzyme	2.7404770977455424e-07
R_UAMAS_enzyme	1.4717377006401437e-06
R_UAPGR_enzyme	1.8608177824200308e-07
R_UDCPDP_enzyme	0.0
R_UDCPDP_duplicate_2_enzyme	3.213613691136501e-07
R_UDCPDP_duplicate_3_enzyme	0.0
R_UDCPDPS_enzyme	5.244122841361928e-08
R_UDCPDPpp_enzyme	0.0
R_UDCPDPpp_duplicate_2_enzyme	0.0
R_UDCPDPpp_duplicate_3_enzyme	0.0
R_UDCPPtppi_enzyme	0
R_UDPACGALtex_enzyme	0.0
R_UDPACGALtex_duplicate_2_enzyme	0.0
R_UDPACGALtex_duplicate_3_enzyme	0.0
R_UDPACGALtex_duplicate_4_enzyme	0.0
R_UDPG4E_enzyme	0.0
R_UDPGALM_enzyme	0.0
R_UDPGALPpp_enzyme	0.0
R_UDPGALtex_enzyme	0.0
R_UDPGALtex_duplicate_2_enzyme	0.0
R_UDPGALtex_duplicate_3_enzyme	0.0
R_UDPGALtex_duplicate_4_enzyme	0.0
R_UDPGD_enzyme	0.0
R_UDPGDC_enzyme	0.0
R_UDPGLCURtex_enzyme	0.0
R_UDPGLCURtex_duplicate_2_enzyme	0.0
R_UDPGLCURtex_duplicate_3_enzyme	0.0
R_UDPGLCURtex_duplicate_4_enzyme	0.0
R_UDPGPpp_enzyme	0.0
R_UDPGtex_enzyme	0.0
R_UDPGtex_duplicate_2_enzyme	0.0
R_UDPGtex_duplicate_3_enzyme	0.0
R_UDPGtex_duplicate_4_enzyme	0.0
R_UDPKAAT_enzyme	0.0
R_UGLCURPpp_enzyme	0.0
R_UGLT_enzyme	0.0
R_UGLYCH_enzyme	0.0
R_UGMDDS_enzyme	1.7931516812396104e-06
R_UHGADA_enzyme	4.4321296272158245e-07
R_ULA4NFT_enzyme	0.0
R_ULA4Ntppi_enzyme	0.0
R_UM3PL_enzyme	0.0
R_UM4PCP_enzyme	0.0
R_UM4PL_enzyme	0.0
R_UMPK_enzyme	1.5026965157455184e-06
R_UMPK_duplicate_2_enzyme	0.0
R_UMPtex_enzyme	0.0
R_UMPtex_duplicate_2_enzyme	0.0
R_UMPtex_duplicate_3_enzyme	0.0
R_UMPtex_duplicate_4_enzyme	0.0
R_UPLA4FNF_enzyme	0.0
R_UPLA4FNT_enzyme	0.0
R_UPP3MT_enzyme	3.6716159400028353e-11
R_UPP3MT_duplicate_2_enzyme	0.0
R_UPP3S_enzyme	3.3070970139035637e-09
R_UPPDC1_enzyme	7.79673244746159e-09
R_UPPRT_enzyme	0.0
R_URACPAH_enzyme	0.0
R_URAt2pp_copy1_enzyme	0.0
R_URAt2pp_copy2_enzyme	0.0
R_URAtex_enzyme	0.0
R_URAtex_duplicate_2_enzyme	0.0
R_URAtex_duplicate_3_enzyme	0.0
R_URAtex_duplicate_4_enzyme	0.0
R_URDGLYCD_enzyme	0.0
R_UREAtex_enzyme	0.0
R_UREAtex_duplicate_2_enzyme	0.0
R_UREAtex_duplicate_3_enzyme	0.0
R_UREAtex_duplicate_4_enzyme	0.0
R_UREAtpp_enzyme	0.0
R_URIC_enzyme	0
R_URIH_enzyme	0.0
R_URIH_duplicate_2_enzyme	0.0
R_URIH_duplicate_3_enzyme	0.0
R_URIK2_enzyme	0.0
R_URIt2pp_copy1_enzyme	0.0
R_URIt2pp_copy1_duplicate_2_enzyme	0.0
R_URIt2pp_copy2_enzyme	0.0
R_URItex_enzyme	0.0
R_USHD_enzyme	2.2500384329477388e-07
R_VALTA_enzyme	0.0
R_VALTRS_enzyme	2.2467954943111243e-06
R_VALabcpp_enzyme	0.0
R_VALt2rpp_enzyme	0.0
R_VALt2rpp_duplicate_2_enzyme	0.0
R_VALtex_enzyme	0.0
R_VALtex_duplicate_2_enzyme	0.0
R_VALtex_duplicate_3_enzyme	0.0
R_VALtex_duplicate_4_enzyme	0.0
R_VPAMTr_enzyme	1.091738077933983e-10
R_WCOS_enzyme	0.0
R_X5PL3E_enzyme	0.0
R_XAND_enzyme	0.0
R_XANt2pp_enzyme	0.0
R_XANt2pp_duplicate_2_enzyme	0.0
R_XANtex_enzyme	0.0
R_XANtex_duplicate_2_enzyme	0.0
R_XANtex_duplicate_3_enzyme	0.0
R_XANtex_duplicate_4_enzyme	0.0
R_XANtpp_enzyme	0
R_XMPtex_enzyme	0.0
R_XMPtex_duplicate_2_enzyme	0.0
R_XMPtex_duplicate_3_enzyme	0.0
R_XMPtex_duplicate_4_enzyme	0.0
R_XPPT_enzyme	0.0
R_XTSNH_enzyme	0.0
R_XTSNt2rpp_enzyme	0.0
R_XTSNtex_enzyme	0.0
R_XTSNtex_duplicate_2_enzyme	0.0
R_XTSNtex_duplicate_3_enzyme	0.0
R_XTSNtex_duplicate_4_enzyme	0.0
R_XYLI1_enzyme	0.0
R_XYLI2_enzyme	0.0
R_XYLK_enzyme	0.0
R_XYLK_duplicate_2_enzyme	0.0
R_XYLK2_enzyme	0.0
R_XYLK2_duplicate_2_enzyme	0.0
R_XYLUt2pp_enzyme	0.0
R_XYLUtex_enzyme	0.0
R_XYLUtex_duplicate_2_enzyme	0.0
R_XYLUtex_duplicate_3_enzyme	0.0
R_XYLUtex_duplicate_4_enzyme	0.0
R_XYLabcpp_enzyme	0.0
R_XYLt2pp_enzyme	0.0
R_XYLtex_enzyme	0.0
R_XYLtex_duplicate_2_enzyme	0.0
R_XYLtex_duplicate_3_enzyme	0.0
R_XYLtex_duplicate_4_enzyme	0.0
R_ZN2abcpp_enzyme	0.0
R_ZN2t3pp_enzyme	0.0
R_ZN2t3pp_duplicate_2_enzyme	0.0
R_ZN2tpp_enzyme	9.847582142986981e-10
R_ZNabcpp_enzyme	0.0
R_Zn2tex_enzyme	0.0
R_Zn2tex_duplicate_2_enzyme	0.0
R_Zn2tex_duplicate_3_enzyme	0.0
R_Zn2tex_duplicate_4_enzyme	9.118131613876835e-10
R_maintenance_atp_enzyme	0
