Enzyme	Concentration
TptsG_enzyme	7.828272424871829e-06
TfruA_enzyme	0.0
TfruLev_enzyme	0.0
TmalP_enzyme	0.0
TsacP_enzyme	0.0
TmanP_enzyme	0.0
TmtlA_enzyme	0.0
TtreP_enzyme	0.0
Tlic_enzyme	0.0
Tgmu_enzyme	0.0
TgamP_enzyme	0.0
TnagP_enzyme	0.0
TmurP_enzyme	0.0
TgutP_enzyme	0.0
TglpF_enzyme	0.0
TiolF_enzyme	0.0
Trbs_enzyme	0.0
TgntP_enzyme	0.0
TaraE_enzyme	0.0
TaraPQ_enzyme	0.0
Tpyr_enzyme	0.0
TdctP1_enzyme	0.0
TdctP2_enzyme	0.0
TcitM_enzyme	0.0
TcimH1_enzyme	0.0
Takg_enzyme	0.0
TmaeN_enzyme	0.0
TcimH2_enzyme	0.0
Tack_enzyme	5.5444623976547386e-05
Tact_enzyme	0.0
TlctP_enzyme	0.0
Tform_enzyme	1.270640616911297e-07
Tala_enzyme	0.0
Targ_enzyme	0.0
Targ2_enzyme	0.0
Tasn_enzyme	0.0
Tasp_enzyme	0.0
Tcys_enzyme	0.0
Tcys2_enzyme	0.0
TglnT_enzyme	0.0
Tgln2_enzyme	0.0
TgltT_enzyme	0.0
Tgly_enzyme	0.0
This_enzyme	0.0
Tile_enzyme	0.0
Tleu_enzyme	0.0
Tlys_enzyme	0.0
Tmet_enzyme	0.0
Tmet2_enzyme	0.0
Tphe_enzyme	0.0
Tpro_enzyme	0.0
Tser_enzyme	0.0
Tthr_enzyme	0.0
Ttrp_enzyme	0.0
Ttyr_enzyme	0.0
Tval_enzyme	0.0
Tade_enzyme	0.0
TpbuG_enzyme	0.0
TpbuO_enzyme	0.0
TpbuX_enzyme	0.0
TpyrP_enzyme	0.0
Tado_enzyme	0.0
Tguo_enzyme	0.0
Tino_enzyme	0.0
Tcto_enzyme	0.0
Tdado_enzyme	0.0
Turi_enzyme	0.0
Tcti_enzyme	0.0
Tthy_enzyme	0.0
Tdguo_enzyme	0.0
Turt_enzyme	0.0
Taloi_enzyme	0.0
Tthi_enzyme	0.0
Theme_enzyme	0.0
TribU_enzyme	0.0
Tfol_enzyme	0.0
Tpan_enzyme	0.0
Tnia_enzyme	0.0
TbioY_enzyme	0.0
Tnh3_enzyme	0
Tnh3b_enzyme	0.0
Tno3_enzyme	0.0
Tno2_enzyme	0.0
Tno2b_enzyme	0.0
To2_enzyme	0
Tqox_enzyme	1.0795812263202353e-05
Tcyd_enzyme	0.0
Tcta_enzyme	0.0
Tsul_enzyme	4.4190521766175e-08
Tp_enzyme	1.0524221488999631e-06
Tp2_enzyme	0.0
Tco2_enzyme	0
TmgtE_enzyme	2.2923601091656682e-07
TfeuABC_enzyme	7.139031475273823e-11
TefeNU_enzyme	0.0
Tyfm_enzyme	0.0
Tmnt_enzyme	3.837307151680379e-10
TmntH_enzyme	0.0
Tcu2_enzyme	0.0
Tadc_enzyme	7.337276904810652e-08
TchaA_enzyme	1.894330968629886e-11
TcitH_enzyme	0.0
TykuT_enzyme	1.5212732282500425e-06
Tmrp_enzyme	0.0
Th_enzyme	1.4008039881992445e-05
Th2o_enzyme	0
EnasBC_enzyme	0.0
EnasDE_enzyme	0.0
EptsH_enzyme	8.0386284562809e-06
EptsI_enzyme	6.401930010802694e-05
EfruB_enzyme	0.0
EmalA_enzyme	0.0
EsacA_enzyme	0.0
EmanA_enzyme	0.0
EmtlD_enzyme	0.0
EtreA_enzyme	0.0
ElicH1_enzyme	0.0
ElicH2_enzyme	0.0
EglcK_enzyme	0.0
EgutB_enzyme	0.0
EgmuE_enzyme	0.0
ErbsK_enzyme	0.0
EglpK_enzyme	1.3813052289512856e-10
EglpD_enzyme	0.0
EiolG_enzyme	0.0
EiolE_enzyme	0.0
EiolD_enzyme	0.0
EiolC_enzyme	0.0
EiolJ_enzyme	0.0
EiolA_enzyme	0.0
EgntK_enzyme	0.0
EaraA_enzyme	0.0
EaraB_enzyme	0.0
EaraD_enzyme	0.0
Epgi_enzyme	3.6567295009731464e-05
Epfk_enzyme	6.774780389739236e-06
Efbp_enzyme	0.0
EglpX_enzyme	0.0
Efba_enzyme	0.00012268368523514058
Etpi_enzyme	3.365092781825127e-05
EgapA_enzyme	0.0001534300817319244
EgapB_enzyme	0.0
Epgk_enzyme	9.591747831803294e-05
Epgm_enzyme	2.7682860370264772e-05
Eeno_enzyme	9.925654649092069e-05
Epyk_enzyme	5.138398266675622e-05
Epdh_enzyme	9.859657044209839e-05
Epta_enzyme	4.55494439531698e-05
EackA_enzyme	2.600425329063681e-05
EacsA_enzyme	0.0
EdhaS_enzyme	0.0
Eldh_enzyme	0.0
EalsS_enzyme	0.0
EalsD_enzyme	0.0
Eaco_enzyme	0.0
Ezwf_enzyme	1.958282575988207e-05
Egnd_enzyme	7.857978862532994e-05
EywlF_enzyme	2.292523878253727e-06
Erpe_enzyme	7.868154215143335e-07
Etkt1_enzyme	6.068357192472709e-05
EywjH_enzyme	7.408428717532893e-05
Etkt2_enzyme	7.311733697281105e-05
Epyc_enzyme	2.7314126349066914e-05
EcitZ_enzyme	1.929924639470753e-05
EcitB_enzyme	8.886208443208397e-06
EcitC_enzyme	6.529753104745815e-05
Eodh_enzyme	0.0
Esuc_enzyme	0.0
Esdh_enzyme	0.0
EcitG_enzyme	3.0273950213064994e-06
Emdh_enzyme	4.306848259478606e-05
Epck_enzyme	0.0
EmalS_enzyme	0.0
EmaeA_enzyme	0.0
EmleA_enzyme	3.737618413892589e-09
EytsJ_enzyme	0.0
Eprs_enzyme	8.56022554769572e-06
EpurF_enzyme	8.139194054435272e-06
EpurD_enzyme	1.963362818923741e-05
EpurN_enzyme	1.0886252923846695e-06
EpurLQ_enzyme	1.9373551244564727e-05
EpurM_enzyme	4.3851241503422965e-06
EpurEK_enzyme	8.023232184868495e-06
EpurC_enzyme	9.060655582090069e-06
EpurB_enzyme	2.666039091154177e-05
EpurH_enzyme	3.77328410106049e-05
EpurA_enzyme	8.955990674854657e-06
EpurB2_enzyme	1.6342376023413087e-05
Eadk_enzyme	1.3916512272040104e-05
EguaA_enzyme	1.995492538513677e-05
EguaB_enzyme	2.4520940832626015e-05
EguaC_enzyme	0.0
Egdp_enzyme	1.8716172271651224e-06
Egtp_enzyme	1.361121201216986e-05
EpyrAB_enzyme	0.0
EpyrB_enzyme	5.8070960196797e-07
EpyrC_enzyme	8.8884826527557e-06
EpyrKD_enzyme	1.7395863065513665e-06
EpyrE_enzyme	2.4920839729183117e-06
EpyrF_enzyme	9.187626663991829e-06
EpyrH_enzyme	1.4519519416332425e-06
Ecmk2_enzyme	4.866175390810447e-06
Eutp_enzyme	1.5065689113687829e-05
EpyrG_enzyme	2.4232382543781096e-06
Ecdp_enzyme	1.3977272034795632e-05
Enrd1_enzyme	1.095132569421376e-06
Enrd2_enzyme	7.022928294302615e-07
Enrd3_enzyme	4.766482009820141e-07
Enrd4_enzyme	0.0
Egmk2_enzyme	0.0
Eadk2_enzyme	0.0
Ecmk3_enzyme	0.0
Ecmk4_enzyme	4.6277409973964876e-07
EthyB_enzyme	7.321621445856198e-08
EcomEB_enzyme	1.4859508096921243e-07
Etmk_enzyme	5.363003710769162e-08
Endk1_enzyme	1.454453211693078e-05
Endk2_enzyme	1.3861761082323127e-05
Endk3_enzyme	1.3925610741845572e-05
Endk4_enzyme	1.4544531592765978e-05
EycgT_enzyme	4.622672187241678e-05
Endh_enzyme	1.0295296332267312e-05
EyutJ_enzyme	0.0
Eqcr_enzyme	0.0
Enar_enzyme	0.0
Eatp_enzyme	6.085613865796728e-06
EppaC_enzyme	2.810006076333154e-05
EytiB_enzyme	8.629932505761253e-06
EkatA_enzyme	3.6676142108518704e-05
EsodA_enzyme	0.00013910563873355283
EalaT_enzyme	1.036571027571586e-06
EalaS_enzyme	6.6928744747979815e-06
Ealr_enzyme	6.747737293597643e-06
Eddl_enzyme	1.0206985307691447e-05
EargJ_enzyme	0.0
EargB_enzyme	1.5790606662975617e-06
EargC_enzyme	4.649057878144872e-06
EargD_enzyme	1.2083681804903847e-05
EargJ2_enzyme	7.387844561978899e-06
EcarAB_enzyme	1.4700436187670194e-06
EargF_enzyme	1.20132090487937e-05
EargG_enzyme	2.8932347724929176e-05
EargH_enzyme	1.3654476628763831e-05
EargS_enzyme	1.641576938919727e-05
EasnB_enzyme	3.2520693301309226e-06
EasnS_enzyme	9.531197784912931e-06
EaspB_enzyme	7.610854695650744e-05
EaspS_enzyme	1.0112776059810467e-05
Esat_enzyme	1.2019307482211824e-05
EcysC_enzyme	4.182156103284746e-06
EcysH_enzyme	2.0145088461586637e-06
Ecxx_enzyme	4.770759307624818e-06
EcysJI_enzyme	8.771445694697233e-06
Exxx_enzyme	8.21747611973444e-10
EcysE_enzyme	6.654066172555048e-08
EcysK_enzyme	1.1373972080940234e-05
EyrrT_enzyme	0.0
EmtnN_enzyme	9.449023185964705e-09
EluxS_enzyme	9.449023185964705e-09
EmccA_enzyme	0.0
EmccB_enzyme	9.848727817715495e-07
EcysS_enzyme	4.633872315031898e-07
Egln_enzyme	4.542803363401377e-05
EglnS_enzyme	1.1671791684020873e-05
Eglt_enzyme	1.1365434793510527e-05
EgltX_enzyme	1.53795815038999e-05
EracE_enzyme	8.207587904065569e-07
EglyA_enzyme	5.462864537985648e-05
EglyQS_enzyme	5.692685356941105e-06
EhisG_enzyme	6.712004362258731e-07
EhisI_enzyme	1.2088575882640812e-06
EhisA_enzyme	9.64425417465823e-07
EhisHF_enzyme	8.004565327461218e-07
EhisB_enzyme	1.3723451387403862e-06
EhisC_enzyme	3.7028431373962357e-06
EhisJ_enzyme	1.3723451387403862e-06
EhisD1_enzyme	6.639511728097208e-07
EhisD2_enzyme	6.639511728097208e-07
EhisS_enzyme	3.4921630967066713e-06
EilvA_enzyme	0.0
EilvBH1_enzyme	3.1234534818518233e-06
EilvC1_enzyme	7.70667666488898e-05
EilvD1_enzyme	1.1255073536441674e-05
EilvE1_enzyme	2.8598321061037863e-07
EileS_enzyme	1.8610206995133944e-05
EilvBH2_enzyme	4.419857302530099e-06
EilvC2_enzyme	0.00010728762228649637
EilvD2_enzyme	1.5668622653502064e-05
EleuA_enzyme	1.1230518315592776e-05
EleuCD_enzyme	7.182131623875112e-06
EleuB_enzyme	4.7714961359181793e-05
EilvE3_enzyme	5.817437843512874e-07
EleuS_enzyme	1.9632353001073428e-05
Ebkd1_enzyme	9.790216245334719e-07
Ebkd2_enzyme	3.59758189412591e-09
Ebkd3_enzyme	1.6809391263933128e-08
EdapG_enzyme	2.7329495320279942e-06
Easd_enzyme	4.332897638425187e-05
Ehom_enzyme	1.406418769233561e-05
EdapA_enzyme	5.492584750835743e-06
EdapB_enzyme	3.137486650288765e-06
EdapH_enzyme	3.300610551352444e-05
EpatA_enzyme	2.125034202214031e-06
EdapL_enzyme	2.809558880018708e-06
EdapF_enzyme	1.1992684750179444e-06
ElysA_enzyme	6.775678000454216e-06
ElysS_enzyme	2.0258844497555773e-05
EmetA_enzyme	2.005958733796245e-06
EmetI_enzyme	6.946122176238261e-06
EmetC_enzyme	4.079885121850658e-06
EmetE_enzyme	6.995287982736472e-05
EmetK_enzyme	8.585152601851157e-06
EmetS_enzyme	8.7784399211739e-06
Efmt_enzyme	4.296458165299744e-06
Edef_enzyme	1.988875913196092e-07
EspeD_enzyme	8.133145876432724e-06
EspeE_enzyme	8.133145876432724e-06
EmtnN2_enzyme	8.133145876432724e-06
EmtnK_enzyme	8.133145876432724e-06
EmtnA_enzyme	8.133145876432724e-06
EmtnB_enzyme	8.133145876432724e-06
EmtnW_enzyme	8.133145876432724e-06
EmtnX_enzyme	8.133145876432724e-06
EmtnD_enzyme	8.133145876432724e-06
EmtnE_enzyme	8.133145876432724e-06
EspeA_enzyme	6.430692787077173e-06
EspeB_enzyme	4.8390312788604e-06
EaroA_enzyme	0.00012671653460347856
EaroB_enzyme	1.0359931050137014e-05
EaroC_enzyme	1.154865917145585e-06
EaroD_enzyme	1.5795297253633733e-06
EaroK_enzyme	1.1378433625371895e-06
EaroE_enzyme	2.1581872187172544e-05
EaroF_enzyme	2.5567366868405034e-05
EaroH_enzyme	5.5143298283077754e-06
EpheA_enzyme	2.985852180778878e-06
EhisC2_enzyme	9.261597864827093e-06
EpheS_enzyme	1.1003395931156248e-05
EproB_enzyme	5.331712974721873e-07
EproA_enzyme	3.767838688608421e-06
EproI_enzyme	1.2714609996334842e-07
EproS_enzyme	5.709687183562449e-06
EserA_enzyme	1.730585843426902e-05
EserC_enzyme	3.8467901556678195e-06
EserB_enzyme	1.4278286243521464e-05
EserS_enzyme	5.9428178538342524e-06
EthrB_enzyme	2.2693937238818448e-06
EthrC_enzyme	4.278709675801541e-05
EthrS_enzyme	6.401757260769153e-06
EtrpEG_enzyme	5.155267481031477e-07
EtrpD_enzyme	1.0572164285904677e-07
EtrpF_enzyme	6.786779307517044e-07
EtrpC_enzyme	8.732400997560666e-08
EtrpA_enzyme	9.131135044451977e-08
EtrpB_enzyme	2.809140664154593e-07
EtrpS_enzyme	6.076750938686464e-07
EtyrA_enzyme	9.6766811240751e-07
EhisC3_enzyme	1.3820816095748644e-05
EtyrS_enzyme	1.1163656362378056e-05
EilvE2_enzyme	2.856983447227575e-07
EvalS_enzyme	7.777233464416423e-06
Eald_enzyme	0.0
EargI_enzyme	0.0
ErocD_enzyme	0.0
ErocA_enzyme	0.0
Eure_enzyme	2.959631972054505e-06
EansA_enzyme	0.0
EansB_enzyme	0.0
EglsA_enzyme	0.0
ErocG_enzyme	0.0
EgcvT_enzyme	2.948944525949239e-05
EhutH_enzyme	0.0
EhutU_enzyme	0.0
EhutI_enzyme	0.0
EhutG_enzyme	0.0
EputB_enzyme	0.0
EputC_enzyme	0.0
Esda_enzyme	0.0
Etdh_enzyme	0.0
Ekbl_enzyme	0.0
Eapt_enzyme	8.502091970389035e-06
EhprT1_enzyme	0.0
EhprT2_enzyme	0.0
Expt_enzyme	0.0
EadeC_enzyme	0.0
EguaD_enzyme	0.0
EyfkN1_enzyme	0.0
EyfkN2_enzyme	0.0
EyfkN3_enzyme	0.0
EyfkN4_enzyme	0.0
EyfkN5_enzyme	0.0
Epuc_enzyme	0.0
Epuc2_enzyme	0.0
Edgk_enzyme	0.0
Edck1_enzyme	0.0
EdeoD1_enzyme	0.0
EdeoD2_enzyme	0.0
EpupG1_enzyme	0.0
EpupG2_enzyme	0.0
EpupG3_enzyme	0.0
EpupG4_enzyme	0.0
Edrm1_enzyme	0.0
Edrm2_enzyme	0.0
Edra_enzyme	0.0
Eupp_enzyme	0.0
Edck2_enzyme	0.0
Eudk1_enzyme	0.0
Eudk2_enzyme	0.0
Etdk1_enzyme	0.0
Etdk2_enzyme	0.0
Epdp1_enzyme	0.0
Epdp2_enzyme	0.0
Epdp3_enzyme	0.0
Epdp4_enzyme	0.0
Ecdd1_enzyme	0.0
Ecdd2_enzyme	0.0
EyfkN6_enzyme	0.0
EyfkN7_enzyme	0.0
EyfkN8_enzyme	0.0
EyfkN9_enzyme	0.0
EpucLM_enzyme	0.0
EpucH_enzyme	0.0
EpucF_enzyme	0.0
Espo_enzyme	0
EpucG_enzyme	0.0
EaldX_enzyme	0.0
EyoaN_enzyme	0.0
EmtrA_enzyme	1.190267323527713e-08
EphoA_enzyme	1.190267323527713e-08
EfolB_enzyme	1.190267323527713e-08
EfolK_enzyme	0.0
EpabAB_enzyme	1.190267323527713e-08
EpabC_enzyme	1.190267323527713e-08
Esul1_enzyme	1.190267323527713e-08
Esul2_enzyme	0.0
EfolC_enzyme	1.190267323527713e-08
EfdhD_enzyme	0.0
EdfrA_enzyme	1.0678793439839127e-07
EdfrA2_enzyme	0.0
EfolD1_enzyme	0.0
EykkE_enzyme	0.0
EfolD2_enzyme	5.1751607095334695e-06
EfolD3_enzyme	5.1751607095334695e-06
EyitJ_enzyme	5.852527456025986e-06
EmenF_enzyme	0.0
EmenD_enzyme	8.92700492644088e-09
EmenC_enzyme	8.92700492644088e-09
EmenE_enzyme	8.92700492644088e-09
EmenB_enzyme	8.92700492644088e-09
EytxM_enzyme	8.92700492644088e-09
EmenA_enzyme	8.92700492644088e-09
EmenH_enzyme	8.92700492644088e-09
Edxs_enzyme	7.358846087619882e-08
Edxr_enzyme	6.345277717767154e-08
EispD_enzyme	6.345277717767154e-08
EispE_enzyme	6.345277717767154e-08
EispF_enzyme	6.345277717767154e-08
EispG_enzyme	6.345277717767154e-08
EispH_enzyme	6.345277717767154e-08
Efni_enzyme	9.248252490636007e-09
EispA1_enzyme	9.248252490636007e-09
EispA2_enzyme	9.248252490636007e-09
EhepTS1_enzyme	8.92700492644088e-09
EhepTS2_enzyme	8.92700492644088e-09
EhepTS3_enzyme	8.92700492644088e-09
EhepTS4_enzyme	8.92700492644088e-09
EuppS_enzyme	0.0
EyubB_enzyme	0.0
EpanB_enzyme	8.927004926465314e-09
EpanE_enzyme	8.927004926465314e-09
EpanD_enzyme	8.927004926465314e-09
EpanC_enzyme	8.927004926465314e-09
EcoaX_enzyme	8.927004926465314e-09
EcoaBC1_enzyme	8.927004926465314e-09
EcoaBC2_enzyme	8.927004926465314e-09
EcoaD_enzyme	8.927004926465314e-09
EcoaE_enzyme	8.927004926465314e-09
EnadB_enzyme	5.150991698070169e-07
EnadA_enzyme	5.150991698070169e-07
EnadC_enzyme	5.150991698070169e-07
EnadD_enzyme	5.150991698070169e-07
EnadE_enzyme	5.150991698070169e-07
EnadF_enzyme	3.2732626594287546e-08
EpncB_enzyme	0.0
Eplp_enzyme	8.104087484449452e-09
EribAB1_enzyme	7.251033854703383e-09
EribAB2_enzyme	1.4502067709406766e-08
EribD1_enzyme	7.251033854703383e-09
EribD2_enzyme	7.251033854703383e-09
EribX_enzyme	7.251033854703383e-09
EribH_enzyme	1.4502067709406766e-08
EribE_enzyme	7.251033854703383e-09
EribC1_enzyme	7.251033854703383e-09
EribC2_enzyme	5.838456258470829e-09
EhemA_enzyme	1.3389129737177078e-08
EhemL_enzyme	1.3389129737177078e-08
EhemB_enzyme	6.694564868588539e-09
EhemC_enzyme	1.6736412171471348e-09
EhemD_enzyme	1.6736412171471348e-09
EhemE_enzyme	1.412632087385232e-09
EhemZ_enzyme	1.412632087385232e-09
EhemN_enzyme	0.0
EhemY_enzyme	1.412632087385232e-09
EhemH_enzyme	1.412632087385232e-09
EctaB_enzyme	3.212475641951277e-10
EctaA_enzyme	3.212475641951277e-10
EctaX1_enzyme	0.0
EctaX2_enzyme	0.0
Ecyt_enzyme	0.0
EsumT_enzyme	2.6100912976190285e-10
EnasF_enzyme	0.0
EsirB_enzyme	2.6100912976190285e-10
EsirC_enzyme	2.6100912976190285e-10
EthiS_enzyme	0.0
EthiF_enzyme	1.013568369852727e-08
EsufS_enzyme	1.013568369852727e-08
EthiG_enzyme	1.013568369852727e-08
Ethi1_enzyme	0
Ethi2_enzyme	0
Ethi3_enzyme	0
Ethi4_enzyme	0
EthiO_enzyme	1.013568369852727e-08
Ethi5_enzyme	0
EthiC_enzyme	1.013568369852727e-08
EthiD1_enzyme	1.013568369852727e-08
EthiD2_enzyme	1.013568369852727e-08
EthiE_enzyme	1.013568369852727e-08
EthiL_enzyme	1.013568369852727e-08
EthiN_enzyme	0.0
EbioI_enzyme	8.127778015985041e-10
EbioW_enzyme	8.127778015985041e-10
EbioF_enzyme	8.127778015985041e-10
EbioA_enzyme	8.127778015985041e-10
EbioD_enzyme	8.127778015985041e-10
EbioB_enzyme	8.127778015985041e-10
EdhbC_enzyme	8.92700492644088e-09
EdhbB_enzyme	0.0
EdhbA_enzyme	0.0
EdhbEBF_enzyme	1.4320167851238174e-09
EbesA_enzyme	1.4320167851238174e-09
EsidX_enzyme	4.296050355371452e-09
EefeM_enzyme	4.2491566905923525e-09
EpgcA_enzyme	1.3961949643293083e-05
EgtaB_enzyme	3.027692857984089e-05
EglmS_enzyme	2.646509951672425e-06
EnagA_enzyme	0.0
EmurQ_enzyme	0.0
EnagB_enzyme	0.0
EglmM_enzyme	1.051587057357621e-05
EgcaD1_enzyme	3.0870391277122264e-06
EgcaD2_enzyme	3.0870391277122264e-06
EmurA_enzyme	2.90597081965166e-06
EmurB_enzyme	1.1832895398139547e-05
EmurC_enzyme	6.589667517733529e-06
EmurD_enzyme	1.8272827615240444e-06
EmurE_enzyme	2.3117905010401686e-06
EmurF_enzyme	4.254972174437712e-06
EmraY_enzyme	3.000822072577738e-06
EmurG_enzyme	6.373975071021833e-07
ErodA_enzyme	0
EgpsA1_enzyme	0.0
EgpsA2_enzyme	1.787576624342487e-05
EtagD_enzyme	4.954957236749691e-06
EmnaA_enzyme	4.751781701104404e-07
EtagO_enzyme	3.3879072628988995e-07
EtagA_enzyme	5.50792476234549e-07
EtagB_enzyme	3.3879072628988995e-07
EtagF_enzyme	1.3796829786382933e-06
EtagE_enzyme	5.245794309818833e-07
Edlt_enzyme	3.9601766194481675e-06
EtagGH_enzyme	4.814170945493895e-07
Eacc_enzyme	3.499578801147997e-07
Es14_enzyme	1.426627302843033e-09
Es16_enzyme	6.264754677702015e-09
Es18_enzyme	2.2950091393561836e-09
Ee14_enzyme	6.823000144031896e-10
Ee16_enzyme	2.9152818797227204e-09
Eo15_enzyme	1.2033291163110798e-08
Eo17_enzyme	4.776100100822328e-09
Ea15_enzyme	2.0344945884022383e-08
Ea17_enzyme	1.1288963874670958e-08
Ebcfa_enzyme	0
EacpA_enzyme	8.127778015985009e-10
EacpS_enzyme	8.127778015985009e-10
EplsX_enzyme	3.060724811752756e-08
EplsY_enzyme	3.060724811752756e-08
EplsC_enzyme	3.060724811752756e-08
EcdsA_enzyme	2.281477624718805e-08
EpssA_enzyme	1.6649161754643127e-08
Epsd_enzyme	1.6649161754643127e-08
EpgsA_enzyme	6.165614492544923e-09
EpX_enzyme	6.165614492544923e-09
EclsA_enzyme	1.3813052289512856e-10
Elpg_enzyme	6.563431588750217e-10
Edg0_enzyme	7.79247187033951e-09
EdagK_enzyme	0.0
EugtP1_enzyme	7.878469537711318e-09
EugtP2_enzyme	5.2986741297893666e-09
EugtP3_enzyme	1.9805909164982616e-09
Eatpm_enzyme	0
R_maintenance_atp_enzyme	0
