Reaction	Flux
TptsG	9.66955778844827
TfruA	0.0
TfruLev	0.0
TmalP	0.0
TsacP	0.0
TmanP	0.0
TmtlA	0.0
TtreP	0.0
Tlic	0.0
Tgmu	0.0
TgamP	0.0
TnagP	0.0
TmurP	0.0
TgutP	0.0
TglpF	0.0
TiolF	0.0
Trbs	0.0
TgntP	0.0
TaraE	0.0
TaraPQ	0.0
Tpyr	0.0
TdctP1	0.0
TdctP2	0.0
TcitM	0.0
TcimH1	0.0
Takg	0.0
TmaeN	0.0
TcimH2	0.0
Tack	-9.43466338668356
Tact	0.0
TlctP	0.0
Tform	-0.015997274490696305
Tala	0.0
Targ	0.0
Targ2	0.0
Tasn	0.0
Tasp	0.0
Tcys	0.0
Tcys2	0.0
TglnT	0.0
Tgln2	0.0
TgltT	0.0
Tgly	0.0
This	0.0
Tile	0.0
Tleu	0.0
Tlys	0.0
Tmet	0.0
Tmet2	0.0
Tphe	0.0
Tpro	0.0
Tser	0.0
Tthr	0.0
Ttrp	0.0
Ttyr	0.0
Tval	0.0
Tade	0.0
TpbuG	0.0
TpbuO	0.0
TpbuX	0.0
TpyrP	0.0
Tado	0.0
Tguo	0.0
Tino	0.0
Tcto	0.0
Tdado	0.0
Turi	0.0
Tcti	0.0
Tthy	0.0
Tdguo	0.0
Turt	0.0
Taloi	0.0
Tthi	0.0
Theme	0.0
TribU	0.0
Tfol	0.0
Tpan	0.0
Tnia	0.0
TbioY	0.0
Tnh3	6.093123969076
Tnh3b	0.0
Tno3	0.0
Tno2	0.0
Tno2b	0.0
To2	14.273915939678146
Tqox	30.430820751439047
Tcyd	0.0
Tcta	0.0
Tsul	0.10755867927950424
Tp	0.3894902813985045
Tp2	0.0
Tco2	-14.557752913976572
TmgtE	0.0007782944842891197
TfeuABC	2.8296712964365034e-05
TefeNU	0.0
Tyfm	0.0
Tmnt	0.00015209791328597562
TmntH	0.0
Tcu2	0.0
Tadc	0.00034767406030541406
TchaA	1.9458971132102097e-08
TcitH	0.0
TykuT	0.4199331624353776
Tmrp	0.0
Th	35.4790685337052
Th2o	-31.11925867768456
EnasBC	0.0
EnasDE	0.0
EptsH	9.66955778844827
EptsI	9.66955778844827
EfruB	0.0
EmalA	0.0
EsacA	0.0
EmanA	0.0
EmtlD	0.0
EtreA	0.0
ElicH1	0.0
ElicH2	0.0
EglcK	0.0
EgutB	0.0
EgmuE	0.0
ErbsK	0.0
EglpK	2.7595874023437497e-06
EglpD	0.0
EiolG	0.0
EiolE	0.0
EiolD	0.0
EiolC	0.0
EiolJ	0.0
EiolA	0.0
EgntK	0.0
EaraA	0.0
EaraB	0.0
EaraD	0.0
Epgi	5.513288378228311
Epfk	7.609142107625452
Efbp	0.0
EglpX	0.0
Efba	7.609142107625452
Etpi	7.241727292645815
EgapA	15.86363927818768
EgapB	0.0
Epgk	15.86363927818768
Epgm	15.079864595427892
Eeno	15.079864595427892
Epyk	4.838946977914454
Epdh	10.584182997884279
Epta	8.719097550320127
EackA	8.719097550320127
EacsA	0.0
EdhaS	0.0
Eldh	0.0
EalsS	0.0
EalsD	0.0
Eaco	0.0
Ezwf	3.8773359816030153
Egnd	3.8773359816030153
EywlF	1.6470105066615073
Erpe	2.229873846584641
Etkt1	1.2426443305097845
EywjH	1.2426443305097845
Etkt2	0.9872295160748567
Epyc	1.9522922363460014
EcitZ	0.7223535911355912
EcitB	0.7223535911355912
EcitC	0.7223535911355912
Eodh	0.0
Esuc	0.0
Esdh	0.0
EcitG	0.49016093140587447
Emdh	0.47957124466190115
Epck	0.0
EmalS	0.0
EmaeA	0.0
EmleA	0.010589686743973337
EytsJ	0.0
Eprs	0.4043661761517229
EpurF	0.16823634265024034
EpurD	0.16823634265024034
EpurN	0.16823634265024034
EpurLQ	0.16823634265024034
EpurM	0.16823634265024034
EpurEK	0.16803385080077535
EpurC	0.16803385080077535
EpurB	0.16803385080077535
EpurH	0.2370278853701049
EpurA	0.1563034474675211
EpurB2	0.1563034474675211
Eadk	4.407221966463576
EguaA	0.0807244379025838
EguaB	0.0807244379025838
EguaC	0.0
Egdp	0.11515451269164628
Egtp	6.732811054199832
EpyrAB	0.0
EpyrB	0.1253225131921436
EpyrC	0.1253225131921436
EpyrKD	0.1253225131921436
EpyrE	0.1253225131921436
EpyrF	0.1253225131921436
EpyrH	0.23760125178589359
Ecmk2	0.0361946013646447
Eutp	0.5835447389965869
EpyrG	0.07930981588123251
Ecdp	0.36836833062489865
Enrd1	0.02404013792724609
Enrd2	0.01351927932128906
Enrd3	0.010415314196777343
Enrd4	0.0
Egmk2	0.0
Eadk2	0.0
Ecmk3	0.0
Ecmk4	-0.013576848999023434
EthyB	0.013576848999023434
EcomEB	0.013576848999023434
Etmk	0.013576848999023434
Endk1	0.01351927932128906
Endk2	0.010415314196777343
Endk3	0.010463288928222654
Endk4	0.013576848999023434
EycgT	0.15680107757261522
Endh	28.148509195081118
EyutJ	0.0
Eqcr	0.0
Enar	0.0
Eatp	15.93812025306951
EppaC	5.495043986026212
EytiB	-1.9592837349451122
EkatA	0.5758244901108445
EsodA	0.3803852593929881
EalaT	0.5171035898968516
EalaS	0.27090065940802066
Ealr	0.06479858398437499
Eddl	0.0605302001953125
EargJ	0.0
EargB	0.1658236331375781
EargC	0.1658236331375781
EargD	0.1658236331375781
EargJ2	0.1658236331375781
EcarAB	0.2911461463297217
EargF	0.1658236331375781
EargG	0.1658236331375781
EargH	0.1658236331375781
EargS	0.14139040559851562
EasnB	0.12858276728374973
EasnS	0.12858276728374973
EaspB	1.7095098898723113
EaspS	0.1686607719300927
Esat	0.10755867927950424
EcysC	0.10755867927950423
EcysH	0.10755867927950423
Ecxx	0.10755867927950423
EcysJI	0.10754244151152084
Exxx	1.6237767983393134e-05
EcysE	0.10754244151152084
EcysK	0.10754244151152084
EyrrT	0.0
EmtnN	0.00018877366712235794
EluxS	0.00018877366712235794
EmccA	0.0
EmccB	0.2254248008538516
EcysS	0.02096699434255102
Egln	6.4300117741013985
EglnS	0.11452249250853612
Eglt	5.247976970736561
EgltX	0.3749903329297812
EracE	0.0605302001953125
EglyA	0.46465710878190586
EglyQS	0.24407126547431715
EhisG	0.06899403456932951
EhisI	0.06899403456932951
EhisA	0.06899403456932951
EhisHF	0.06899403456932951
EhisB	0.06899403456932951
EhisC	0.06899403456932951
EhisJ	0.06899403456932951
EhisD1	0.06899403456932951
EhisD2	0.06899403456932951
EhisS	0.06899403456932951
EilvA	0.0
EilvBH1	0.2254248008538516
EilvC1	0.2254248008538516
EilvD1	0.2254248008538516
EilvE1	0.22479281498260978
EileS	0.22479281498260978
EilvBH2	0.527997504510623
EilvC2	0.527997504510623
EilvD2	0.527997504510623
EleuA	0.28595489501327975
EleuCD	0.28595489501327975
EleuB	0.28595489501327975
EilvE3	0.28561907506993356
EleuS	0.28561907506993356
Ebkd1	0.000631985871241843
Ebkd2	7.187290300397431e-05
Ebkd3	0.00033581994334615575
EdapG	0.7863138511406284
Easd	0.7863138511406284
Ehom	0.4899098677355094
EdapA	0.296403983405119
EdapB	0.296403983405119
EdapH	0.296403983405119
EpatA	0.296403983405119
EdapL	0.296403983405119
EdapF	0.296403983405119
ElysA	0.23587378320980648
ElysS	0.23587378320980645
EmetA	0.3116194114467934
EmetI	0.3116194114467934
EmetC	0.08619461059294184
EmetE	0.08638338426006421
EmetK	0.0043988639241975365
EmetS	0.09734189144000138
Efmt	0.011163518615042932
Edef	0.011163518615042932
EspeD	0.0041613769531249995
EspeE	0.0041613769531249995
EmtnN2	0.0041613769531249995
EmtnK	0.0041613769531249995
EmtnA	0.0041613769531249995
EmtnB	0.0041613769531249995
EmtnW	0.0041613769531249995
EmtnX	0.0041613769531249995
EmtnD	0.0041613769531249995
EmtnE	0.0041613769531249995
EspeA	0.024433227539062498
EspeB	0.024433227539062498
EaroA	0.25541481443492786
EaroB	0.25541481443492786
EaroC	0.25541481443492786
EaroD	0.25541481443492786
EaroK	0.25541481443492786
EaroE	0.25541481443492786
EaroF	0.25541481443492786
EaroH	0.22782625181311236
EpheA	0.12731100415222427
EhisC2	0.12731100415222427
EpheS	0.12731100415222427
EproB	0.12043138278992671
EproA	0.12043138278992671
EproI	0.12043138278992671
EproS	0.12043138278992671
EserA	0.7837746827597877
EserC	0.7837746827597877
EserB	0.7837746827597877
EserS	0.18407008867999583
EthrB	0.17829045628871598
EthrC	0.17829045628871598
EthrS	0.17829045628871598
EtrpEG	0.02717242492650253
EtrpD	0.02717242492650253
EtrpF	0.027172424926502528
EtrpC	0.02717242492650253
EtrpA	0.02717242492650253
EtrpB	0.02717242492650253
EtrpS	0.02717242492650253
EtyrA	0.10051524766088811
EhisC3	0.10051524766088811
EtyrS	0.1005152476608881
EilvE2	0.24179239186777632
EvalS	0.24179239186777632
Eald	0.0
EargI	0.0
ErocD	0.0
ErocA	0.0
Eure	0.024433227539062498
EansA	0.0
EansB	0.0
EglsA	0.0
ErocG	0.0
EgcvT	0.05214700880788314
EhutH	0.0
EhutU	0.0
EhutI	0.0
EhutG	0.0
EputB	0.0
EputC	0.0
Esda	0.0
Etdh	0.0
Ekbl	0.0
Eapt	0.0043501506202473575
EhprT1	0.0
EhprT2	0.0
Expt	0.0
EadeC	0.0
EguaD	0.0
EyfkN1	0.0
EyfkN2	0.0
EyfkN3	0.0
EyfkN4	0.0
EyfkN5	0.0
Epuc	0.0
Epuc2	0.0
Edgk	0.0
Edck1	0.0
EdeoD1	0.0
EdeoD2	0.0
EpupG1	0.0
EpupG2	0.0
EpupG3	0.0
EpupG4	0.0
Edrm1	0.0
Edrm2	0.0
Edra	0.0
Eupp	0.0
Edck2	0.0
Eudk1	0.0
Eudk2	0.0
Etdk1	0.0
Etdk2	0.0
Epdp1	0.0
Epdp2	0.0
Epdp3	0.0
Epdp4	0.0
Ecdd1	0.0
Ecdd2	0.0
EyfkN6	0.0
EyfkN7	0.0
EyfkN8	0.0
EyfkN9	0.0
EpucLM	0.0
EpucH	0.0
EpucF	0.0
Espo	0.0
EpucG	0.0
EaldX	0.0
EyoaN	0.0
EmtrA	0.00023779296875045194
EphoA	0.00023779296875045194
EfolB	0.00023779296875045194
EfolK	0.0
EpabAB	0.00023779296875045194
EpabC	0.00023779296875045194
Esul1	0.00023779296875045194
Esul2	0.0
EfolC	0.00023779296875045194
EfdhD	0.0
EdfrA	0.013814641967773886
EdfrA2	0.0
EfolD1	0.0
EykkE	0.0
EfolD2	0.4166655396041381
EfolD3	0.4166655396041381
EyitJ	0.0863833842600642
EmenF	0.0
EmenD	0.00017834472656249998
EmenC	0.00017834472656249998
EmenE	0.00017834472656249998
EmenB	0.00017834472656249998
EytxM	0.00017834472656249998
EmenA	0.00017834472656249998
EmenH	0.00017834472656249998
Edxs	0.0014701586972634703
Edxr	0.0012676668477985089
EispD	0.0012676668477985089
EispE	0.0012676668477985089
EispF	0.0012676668477985089
EispG	0.0012676668477985089
EispH	0.0012676668477985089
Efni	0.00018476264718283634
EispA1	0.00018476264718283634
EispA2	0.00018476264718283634
EhepTS1	0.00017834472656249998
EhepTS2	0.00017834472656249998
EhepTS3	0.00017834472656249998
EhepTS4	0.00017834472656249998
EuppS	0.0
EyubB	0.0
EpanB	0.00017834472656298812
EpanE	0.00017834472656298812
EpanD	0.00017834472656298812
EpanC	0.00017834472656298812
EcoaX	0.00017834472656298812
EcoaBC1	0.00017834472656298812
EcoaBC2	0.00017834472656298812
EcoaD	0.00017834472656298812
EcoaE	0.00017834472656298812
EnadB	0.010290710193259526
EnadA	0.010290710193259526
EnadC	0.010290710193259526
EnadD	0.010290710193259526
EnadE	0.010290710193259526
EnadF	0.0006539361619864217
EpncB	0.0
Eplp	0.00016190438768234812
EribAB1	0.00014486198459264055
EribAB2	0.0002897239691852811
EribD1	0.00014486198459264055
EribD2	0.00014486198459264055
EribX	0.00014486198459264055
EribH	0.0002897239691852811
EribE	0.00014486198459264055
EribC1	0.00014486198459264055
EribC2	0.00011664134763497182
EhemA	0.0002674895669446786
EhemL	0.0002674895669446786
EhemB	0.0001337447834723393
EhemC	3.343619586808482e-05
EhemD	3.343619586808482e-05
EhemE	2.8221725588156168e-05
EhemZ	2.8221725588156168e-05
EhemN	0.0
EhemY	2.8221725588156168e-05
EhemH	2.8221725588156168e-05
EctaB	6.417920620336361e-06
EctaA	6.417920620336361e-06
EctaX1	0.0
EctaX2	0.0
Ecyt	0.0
EsumT	5.214470279928653e-06
EnasF	0.0
EsirB	5.214470279928653e-06
EsirC	5.214470279928653e-06
EthiS	0.0
EthiF	0.00020249184946496127
EsufS	0.00020249184946496127
EthiG	0.00020249184946496127
Ethi1	0.00020249184946496127
Ethi2	0.00020249184946496127
Ethi3	0.00020249184946496127
Ethi4	0.00020249184946496127
EthiO	0.00020249184946496127
Ethi5	0.00020249184946496127
EthiC	0.00020249184946496127
EthiD1	0.00020249184946496127
EthiD2	0.00020249184946496127
EthiE	0.00020249184946496127
EthiL	0.00020249184946496127
EthiN	0.0
EbioI	1.6237767983393134e-05
EbioW	1.6237767983393134e-05
EbioF	1.6237767983393134e-05
EbioA	1.6237767983393134e-05
EbioD	1.6237767983393134e-05
EbioB	1.6237767983393134e-05
EdhbC	0.00017834472656249998
EdhbB	0.0
EdhbA	0.0
EdhbEBF	2.8296712964365034e-05
EbesA	2.8296712964365034e-05
EsidX	8.48901388930951e-05
EefeM	8.48901388930951e-05
EpgcA	0.27893342861694337
EgtaB	0.27893342861694337
EglmS	0.1340201171875
EnagA	0.0
EmurQ	0.0
EnagB	0.0
EglmM	0.1340201171875
EgcaD1	0.1340201171875
EgcaD2	0.1340201171875
EmurA	0.0605302001953125
EmurB	0.0605302001953125
EmurC	0.0605302001953125
EmurD	0.0605302001953125
EmurE	0.0605302001953125
EmurF	0.0605302001953125
EmraY	0.0605302001953125
EmurG	0.0605302001953125
ErodA	0.0605302001953125
EgpsA1	0.0
EgpsA2	0.35712410478637696
EtagD	0.3563922119140625
EmnaA	0.0064798583984375
EtagO	0.0064798583984375
EtagA	0.0064798583984375
EtagB	0.0064798583984375
EtagF	0.0064798583984375
EtagE	0.0064798583984375
Edlt	0.0064798583984375
EtagGH	0.0064798583984375
Eacc	0.0069914985991107416
Es14	2.850132360502429e-05
Es16	0.00012515798626554147
Es18	4.5849955364604295e-05
Ee14	1.3631067811098573e-05
Ee16	5.8241835192875736e-05
Eo15	0.00024040246866846574
Eo17	9.541747467769003e-05
Ea15	0.00040645365836730293
Ea17	0.00022553221287454004
Ebcfa	0.0012391879828271431
EacpA	1.6237767983393134e-05
EacpS	1.6237767983393134e-05
EplsX	0.000611475107421875
EplsY	0.000611475107421875
EplsC	0.000611475107421875
EcdsA	0.0004557962121582032
EpssA	0.0003326188598632813
Epsd	0.0003326188598632813
EpgsA	0.00012317735229492186
EpX	0.00012317735229492186
EclsA	2.7595874023437497e-06
Elpg	1.3112498779296874e-05
Edg0	0.00015567889526367187
EdagK	0.0
EugtP1	0.00015567889526367187
EugtP2	0.00010470202758789063
EugtP3	3.913656127929688e-05
Eatpm	0.0
R_maintenance_atp	9.0
